2016-06-29 09:21:55,268 [myid:] - INFO  [main:QuorumPeerConfig@101] - Reading configuration from: /home/fil/local/bin/zookeeper/bin/../conf/zoo.cfg
2016-06-29 09:21:55,315 [myid:] - INFO  [main:DatadirCleanupManager@78] - autopurge.snapRetainCount set to 3
2016-06-29 09:21:55,315 [myid:] - INFO  [main:DatadirCleanupManager@79] - autopurge.purgeInterval set to 0
2016-06-29 09:21:55,315 [myid:] - INFO  [main:DatadirCleanupManager@101] - Purge task is not scheduled.
2016-06-29 09:21:55,316 [myid:] - WARN  [main:QuorumPeerMain@113] - Either no config or no quorum defined in config, running  in standalone mode
2016-06-29 09:21:55,343 [myid:] - INFO  [main:QuorumPeerConfig@101] - Reading configuration from: /home/fil/local/bin/zookeeper/bin/../conf/zoo.cfg
2016-06-29 09:21:55,344 [myid:] - INFO  [main:ZooKeeperServerMain@95] - Starting server
2016-06-29 09:21:55,377 [myid:] - INFO  [main:Environment@100] - Server environment:zookeeper.version=3.4.5--1, built on 05/04/2016 04:15 GMT
2016-06-29 09:21:55,377 [myid:] - INFO  [main:Environment@100] - Server environment:host.name=fil-104
2016-06-29 09:21:55,378 [myid:] - INFO  [main:Environment@100] - Server environment:java.version=1.8.0_91
2016-06-29 09:21:55,378 [myid:] - INFO  [main:Environment@100] - Server environment:java.vendor=Oracle Corporation
2016-06-29 09:21:55,378 [myid:] - INFO  [main:Environment@100] - Server environment:java.home=/usr/local/jdk1.8.0_91/jre
2016-06-29 09:21:55,378 [myid:] - INFO  [main:Environment@100] - Server environment:java.class.path=/home/fil/local/bin/zookeeper/bin/../build/classes:/home/fil/local/bin/zookeeper/bin/../build/lib/slf4j-log4j12-1.6.1.jar:/home/fil/local/bin/zookeeper/bin/../build/lib/slf4j-api-1.6.1.jar:/home/fil/local/bin/zookeeper/bin/../build/lib/netty-3.2.2.Final.jar:/home/fil/local/bin/zookeeper/bin/../build/lib/log4j-1.2.15.jar:/home/fil/local/bin/zookeeper/bin/../build/lib/jline-0.9.94.jar:/home/fil/local/bin/zookeeper/bin/../lib/*.jar:/home/fil/local/bin/zookeeper/bin/../zookeeper-*.jar:/home/fil/local/bin/zookeeper/bin/../src/java/lib/*.jar:/home/fil/local/bin/zookeeper/bin/../conf:
2016-06-29 09:21:55,379 [myid:] - INFO  [main:Environment@100] - Server environment:java.library.path=/home/fil/local/lib::/usr/java/packages/lib/amd64:/usr/lib64:/lib64:/lib:/usr/lib
2016-06-29 09:21:55,379 [myid:] - INFO  [main:Environment@100] - Server environment:java.io.tmpdir=/tmp
2016-06-29 09:21:55,379 [myid:] - INFO  [main:Environment@100] - Server environment:java.compiler=<NA>
2016-06-29 09:21:55,380 [myid:] - INFO  [main:Environment@100] - Server environment:os.name=Linux
2016-06-29 09:21:55,380 [myid:] - INFO  [main:Environment@100] - Server environment:os.arch=amd64
2016-06-29 09:21:55,380 [myid:] - INFO  [main:Environment@100] - Server environment:os.version=4.2.0-27-generic
2016-06-29 09:21:55,380 [myid:] - INFO  [main:Environment@100] - Server environment:user.name=fil
2016-06-29 09:21:55,381 [myid:] - INFO  [main:Environment@100] - Server environment:user.home=/home/fil
2016-06-29 09:21:55,381 [myid:] - INFO  [main:Environment@100] - Server environment:user.dir=/home/fil/rtbkit
2016-06-29 09:21:55,413 [myid:] - INFO  [main:ZooKeeperServer@726] - tickTime set to 2000
2016-06-29 09:21:55,413 [myid:] - INFO  [main:ZooKeeperServer@735] - minSessionTimeout set to -1
2016-06-29 09:21:55,414 [myid:] - INFO  [main:ZooKeeperServer@744] - maxSessionTimeout set to -1
2016-06-29 09:21:55,469 [myid:] - INFO  [main:NIOServerCnxnFactory@94] - binding to port 0.0.0.0/0.0.0.0:2181
2016-06-29 09:21:55,548 [myid:] - INFO  [main:FileSnap@83] - Reading snapshot ./zookeeper/version-2/snapshot.118
2016-06-29 09:21:55,663 [myid:] - INFO  [main:FileTxnSnapLog@240] - Snapshotting: 0x120 to ./zookeeper/version-2/snapshot.120
