FD limit too low: 32768/32768 smaller than recommended 65535
FD limit raised to: 32768
2016-07-11 11:22:35,574:1273(0x7f9d16352700):ZOO_ERROR@handle_socket_error_msg@1697: Socket [127.0.0.1:2181] zk retcode=-4, errno=111(Connection refused): server refused to accept the client
2016-07-11 11:22:35,907:1273(0x7f9d16352700):ZOO_ERROR@handle_socket_error_msg@1697: Socket [127.0.0.1:2181] zk retcode=-4, errno=111(Connection refused): server refused to accept the client
2016-07-11 11:22:36,253:1273(0x7f9d16352700):ZOO_ERROR@handle_socket_error_msg@1721: Socket [127.0.0.1:2181] zk retcode=-4, errno=112(Host is down): failed while receiving a server response
2016-07-11 11:22:36.645 [1;32mMessage Loop Warning [1;34mmessage loop in polling mode will cause 2000 context switches per second due to polling on sources FrequencyCapAugmentor::palEvents[0m
2016-07-11 11:22:36.646 [1;32mMessage Loop Warning [1;34mmessage loop in polling mode will cause 2000 context switches per second due to polling on sources [0m
2016-07-11 11:22:36.654 [1;32mZMQ [1;34mconnecting to agentConfigurationService/listen[0m
wexists handler returned -101
2. returning result 
2016-07-11 11:22:36.682 [1;32mMessage Loop Warning [1;34mmessage loop in polling mode will cause 2000 context switches per second due to polling on sources [0m
2016-07-11 11:22:36.683 [1;32mMessage Loop Warning [1;34mmessage loop in polling mode will cause 2000 context switches per second due to polling on sources ZmqNamedSocket::socket[0m
wexists handler returned -101
2. returning result 
warning: could not connect to PostAuctionLoop/logger immediately
2016-07-11 11:22:36.689 [1;32mZMQ Trace [1;34mconnecting to router.augmentationLoop / router.augmentationLoop[0m
2016-07-11 11:22:36.689 [1;32mZMQ [1;34mconnecting to router.augmentationLoop/augmentors[0m
wexists handler returned -101
2. returning result 
2016-07-11 11:22:36.696 [1;32mZMQ [1;34mconnecting to router.augmentationLoop/augmentors[0m
2016-07-11 11:22:36.701 [1;32mZMQ [1;34mconnected to tcp://ip-172-31-19-171.eu-west-1.compute.internal:18000[0m
2016-07-11 11:22:36.702 [1;32mZMQ [1;34mconnecting to agentConfigurationService/listen[0m
2016-07-11 11:22:36.706 [1;32mZMQ [1;34mconnecting to agentConfigurationService/listen[0m
2016-07-11 11:22:36.708 [1;32mZMQ [1;34mconnected to tcp://ip-172-31-19-171.eu-west-1.compute.internal:19000[0m
got configuration message fixed-price-agent-ex_1280
