FD limit too low: 32768/32768 smaller than recommended 65535
FD limit raised to: 32768
connecting to Carbon at 127.0.0.1:2003 (localhost)
2016-07-22 11:23:28,660:1274(0x7f83bd311700):ZOO_ERROR@handle_socket_error_msg@1697: Socket [127.0.0.1:2181] zk retcode=-4, errno=111(Connection refused): server refused to accept the client
2016-07-22 11:23:28,994:1274(0x7f83bd311700):ZOO_ERROR@handle_socket_error_msg@1697: Socket [127.0.0.1:2181] zk retcode=-4, errno=111(Connection refused): server refused to accept the client
2016-07-22 11:23:29,343:1274(0x7f83bd311700):ZOO_ERROR@handle_socket_error_msg@1721: Socket [127.0.0.1:2181] zk retcode=-4, errno=112(Host is down): failed while receiving a server response
2016-07-22 11:23:29.726 [1;32mMessage Loop Warning [1;34mmessage loop in polling mode will cause 2000 context switches per second due to polling on sources FrequencyCapAugmentor::palEvents[0m
2016-07-22 11:23:29.726 [1;32mMessage Loop Warning [1;34mmessage loop in polling mode will cause 2000 context switches per second due to polling on sources [0m
2016-07-22 11:23:29.756 [1;32mZMQ [1;34mconnecting to agentConfigurationService/listen[0m
wexists handler returned -101
2. returning result 
2016-07-22 11:23:29.767 [1;32mMessage Loop Warning [1;34mmessage loop in polling mode will cause 2000 context switches per second due to polling on sources [0m
2016-07-22 11:23:29.767 [1;32mMessage Loop Warning [1;34mmessage loop in polling mode will cause 2000 context switches per second due to polling on sources ZmqNamedSocket::socket[0m
wexists handler returned -101
2. returning result 
warning: could not connect to PostAuctionLoop/logger immediately
2016-07-22 11:23:29.779 [1;32mZMQ Trace [1;34mconnecting to router.augmentationLoop / router.augmentationLoop[0m
2016-07-22 11:23:29.779 [1;32mZMQ [1;34mconnecting to router.augmentationLoop/augmentors[0m
wexists handler returned -101
2. returning result 
2016-07-22 11:23:29.788 [1;32mZMQ [1;34mconnecting to router.augmentationLoop/augmentors[0m
2016-07-22 11:23:29.791 [1;32mZMQ [1;34mconnecting to router.augmentationLoop/augmentors[0m
2016-07-22 11:23:29.795 [1;32mZMQ [1;34mconnected to tcp://ip-172-31-19-171.eu-west-1.compute.internal:18000[0m
2016-07-22 11:23:29.800 [1;32mZMQ [1;34mconnecting to agentConfigurationService/listen[0m
2016-07-22 11:23:29.817 [1;32mZMQ [1;34mconnected to tcp://ip-172-31-19-171.eu-west-1.compute.internal:19000[0m
got configuration message fixed-price-agent-ex_1283
