FD limit too low: 1024/4096 smaller than recommended 65535
FD limit raised to: 4096
2016-06-30 07:48:48.308 [1;32mMessage Loop Warning [1;34mmessage loop in polling mode will cause 2000 context switches per second due to polling on sources FrequencyCapAugmentor::palEvents[0m
2016-06-30 07:48:48.308 [1;32mMessage Loop Warning [1;34mmessage loop in polling mode will cause 2000 context switches per second due to polling on sources [0m
2016-06-30 07:48:48.493 [1;32mZMQ [1;34mconnecting to agentConfigurationService/listen[0m
wexists handler returned -101
2. returning result 
2016-06-30 07:48:48.635 [1;32mMessage Loop Warning [1;34mmessage loop in polling mode will cause 2000 context switches per second due to polling on sources [0m
2016-06-30 07:48:48.635 [1;32mMessage Loop Warning [1;34mmessage loop in polling mode will cause 2000 context switches per second due to polling on sources ZmqNamedSocket::socket[0m
2016-06-30 07:48:48.643 [1;32mZMQ Trace [1;34mconnecting to router.augmentationLoop / router.augmentationLoop[0m
2016-06-30 07:48:48.643 [1;32mZMQ [1;34mconnecting to router.augmentationLoop/augmentors[0m
wexists handler returned -101
2. returning result 
warning: could not connect to PostAuctionLoop/logger immediately
wexists handler returned -101
2. returning result 
2016-06-30 07:48:48.676 [1;32mZMQ [1;34mconnecting to router.augmentationLoop/augmentors[0m
2016-06-30 07:48:48.687 [1;32mZMQ [1;34mconnected to tcp://127.0.0.1:18000[0m
2016-06-30 07:48:48.726 [1;32mZMQ [1;34mconnecting to agentConfigurationService/listen[0m
2016-06-30 07:48:48.735 [1;32mZMQ [1;34mconnecting to agentConfigurationService/listen[0m
2016-06-30 07:48:48.769 [1;32mZMQ [1;34mconnected to tcp://127.0.0.1:19000[0m
got configuration message fixed-price-agent-ex_3687
