FD limit too low: 1024/4096 smaller than recommended 65535
FD limit raised to: 4096
connecting to Carbon at 127.0.0.1:2003 (localhost)
2016-07-22 11:26:25.144 [1;32mMessage Loop Warning [1;34mmessage loop in polling mode will cause 2000 context switches per second due to polling on sources FrequencyCapAugmentor::palEvents[0m
2016-07-22 11:26:25.144 [1;32mMessage Loop Warning [1;34mmessage loop in polling mode will cause 2000 context switches per second due to polling on sources [0m
2016-07-22 11:26:25.151 [1;32mZMQ [1;34mconnecting to agentConfigurationService/listen[0m
wexists handler returned -101
2. returning result 
2016-07-22 11:26:25.165 [1;32mZMQ Trace [1;34mconnecting to router.augmentationLoop / router.augmentationLoop[0m
2016-07-22 11:26:25.165 [1;32mZMQ [1;34mconnecting to router.augmentationLoop/augmentors[0m
wexists handler returned -101
2. returning result 
2016-07-22 11:26:25.172 [1;32mZMQ [1;34mconnecting to router.augmentationLoop/augmentors[0m
2016-07-22 11:26:25.188 [1;32mZMQ [1;34mconnecting to router.augmentationLoop/augmentors[0m
2016-07-22 11:26:25.191 [1;32mZMQ [1;34mconnected to tcp://ip-172-31-19-171.eu-west-1.compute.internal:18000[0m
2016-07-22 11:26:25.191 [1;32mZMQ [1;34mconnecting to agentConfigurationService/listen[0m
2016-07-22 11:26:25.195 [1;32mZMQ [1;34mconnecting to agentConfigurationService/listen[0m
2016-07-22 11:26:25.197 [1;32mZMQ [1;34mconnected to tcp://ip-172-31-19-171.eu-west-1.compute.internal:19000[0m
2016-07-22 11:26:25.211 [1;32mMessage Loop Warning [1;34mmessage loop in polling mode will cause 2000 context switches per second due to polling on sources [0m
2016-07-22 11:26:25.211 [1;32mMessage Loop Warning [1;34mmessage loop in polling mode will cause 2000 context switches per second due to polling on sources ZmqNamedSocket::socket[0m
wexists handler returned -101
2. returning result 
warning: could not connect to PostAuctionLoop/logger immediately
got configuration message fixed-price-agent-ex_1700
