FD limit too low: 1024/4096 smaller than recommended 65535
FD limit raised to: 4096
connecting to Carbon at 127.0.0.1:2003 (localhost)
2016-07-22 11:27:23.767 [1;32mZMQ [1;34mconnecting to agentConfigurationService/listen[0m
wexists handler returned -101
2. returning result 
2016-07-22 11:27:23.770 [1;32mMessage Loop Warning [1;34mmessage loop in polling mode will cause 2000 context switches per second due to polling on sources FrequencyCapAugmentor::palEvents[0m
2016-07-22 11:27:23.770 [1;32mMessage Loop Warning [1;34mmessage loop in polling mode will cause 2000 context switches per second due to polling on sources [0m
2016-07-22 11:27:23.778 [1;32mMessage Loop Warning [1;34mmessage loop in polling mode will cause 2000 context switches per second due to polling on sources [0m
2016-07-22 11:27:23.778 [1;32mMessage Loop Warning [1;34mmessage loop in polling mode will cause 2000 context switches per second due to polling on sources ZmqNamedSocket::socket[0m
wexists handler returned -101
2. returning result 
warning: could not connect to PostAuctionLoop/logger immediately
2016-07-22 11:27:23.803 [1;32mZMQ [1;34mconnecting to agentConfigurationService/listen[0m
2016-07-22 11:27:23.806 [1;32mZMQ [1;34mconnecting to agentConfigurationService/listen[0m
2016-07-22 11:27:23.810 [1;32mZMQ [1;34mconnected to tcp://ip-172-31-19-171.eu-west-1.compute.internal:19000[0m
2016-07-22 11:27:23.816 [1;32mZMQ Trace [1;34mconnecting to router.augmentationLoop / router.augmentationLoop[0m
2016-07-22 11:27:23.817 [1;32mZMQ [1;34mconnecting to router.augmentationLoop/augmentors[0m
wexists handler returned -101
2. returning result 
2016-07-22 11:27:23.822 [1;32mZMQ [1;34mconnecting to router.augmentationLoop/augmentors[0m
got configuration message fixed-price-agent-ex_1849
2016-07-22 11:27:23.827 [1;32mZMQ [1;34mconnected to tcp://ip-172-31-19-171.eu-west-1.compute.internal:18000[0m
