FD limit too low: 1024/4096 smaller than recommended 65535
FD limit raised to: 4096
 redisUri=localhost:6379
2016-05-05 10:20:27.451 [1;32mMasterBanker [1;34msuccessfully loaded accounts[0m
bound tcp for http port 9985
master banker is listening on tcp://*:22000,http://0.0.0.0:9985
2016-05-05 10:20:27.693 [1;32mMessage Loop Warning [1;34mmessage loop in polling mode will cause 2000 context switches per second due to polling on sources ZmqNamedEndpoint::socket[0m
masterBanker/zeromq/tcp --> [{"transports":[{"addr":"127.0.0.1","hostScope":"fil-104","name":"tcp","port":22000},{"name":"zeromq","socketType":6,"uri":"tcp://127.0.0.1:22000"}],"zmqConnectUri":"tcp://127.0.0.1:22000"},{"transports":[{"addr":"192.168.1.2","hostScope":"*","name":"tcp","port":22000},{"name":"zeromq","socketType":6,"uri":"tcp://fil-104:22000"}],"zmqConnectUri":"tcp://fil-104:22000"}]
masterBanker/http/tcp --> [{"httpUri":"http://127.0.0.1:9985","transports":[{"addr":"127.0.0.1","hostScope":"fil-104","name":"tcp","port":9985},{"name":"http","uri":"http://127.0.0.1:9985"}]},{"httpUri":"http://192.168.1.2:9985","transports":[{"addr":"192.168.1.2","hostScope":"*","name":"tcp","port":9985},{"name":"http","uri":"http://192.168.1.2:9985"}]}]
monitor/zeromq/tcp --> [{"transports":[{"addr":"127.0.0.1","hostScope":"fil-104","name":"tcp","port":24000},{"name":"zeromq","socketType":6,"uri":"tcp://127.0.0.1:24000"}],"zmqConnectUri":"tcp://127.0.0.1:24000"},{"transports":[{"addr":"192.168.1.2","hostScope":"*","name":"tcp","port":24000},{"name":"zeromq","socketType":6,"uri":"tcp://fil-104:24000"}],"zmqConnectUri":"tcp://fil-104:24000"}]
monitor/http/tcp --> [{"httpUri":"http://127.0.0.1:9987","transports":[{"addr":"127.0.0.1","hostScope":"fil-104","name":"tcp","port":9987},{"name":"http","uri":"http://127.0.0.1:9987"}]},{"httpUri":"http://192.168.1.2:9987","transports":[{"addr":"192.168.1.2","hostScope":"*","name":"tcp","port":9987},{"name":"http","uri":"http://192.168.1.2:9987"}]}]
serviceClass/rtbAgentConfiguration/agentConfigurationService --> {"serviceLocation":"mtl","serviceName":"agentConfigurationService","servicePath":"agentConfigurationService"}
serviceClass/rtbBanker/masterBanker --> {"serviceLocation":"mtl","serviceName":"masterBanker","servicePath":"masterBanker"}
serviceClass/rtbPostAuctionService/PostAuctionLoop --> {"serviceLocation":"mtl","serviceName":"PostAuctionLoop","servicePath":"PostAuctionLoop","shardIndex":0}
serviceClass/monitor/monitor --> {"serviceLocation":"mtl","serviceName":"monitor","servicePath":"monitor"}
serviceClass/rtbRequestRouter/router --> {"serviceLocation":"mtl","serviceName":"router","servicePath":"router"}
serviceClass/rtbRouterAugmentation/router.augmentationLoop --> {"serviceLocation":"mtl","serviceName":"router.augmentationLoop","servicePath":"router.augmentationLoop"}
serviceClass/adServer/adserver --> {"serviceLocation":"mtl","serviceName":"adserver","servicePath":"adserver"}
agentConfigurationService/rest/zeromq/tcp --> [{"transports":[{"addr":"127.0.0.1","hostScope":"fil-104","name":"tcp","port":23000},{"name":"zeromq","socketType":6,"uri":"tcp://127.0.0.1:23000"}],"zmqConnectUri":"tcp://127.0.0.1:23000"},{"transports":[{"addr":"192.168.1.2","hostScope":"*","name":"tcp","port":23000},{"name":"zeromq","socketType":6,"uri":"tcp://fil-104:23000"}],"zmqConnectUri":"tcp://fil-104:23000"}]
agentConfigurationService/rest/http/tcp --> [{"httpUri":"http://127.0.0.1:9986","transports":[{"addr":"127.0.0.1","hostScope":"fil-104","name":"tcp","port":9986},{"name":"http","uri":"http://127.0.0.1:9986"}]},{"httpUri":"http://192.168.1.2:9986","transports":[{"addr":"192.168.1.2","hostScope":"*","name":"tcp","port":9986},{"name":"http","uri":"http://192.168.1.2:9986"}]}]
agentConfigurationService/listen/tcp --> [{"transports":[{"addr":"127.0.0.1","hostScope":"fil-104","name":"tcp","port":19000},{"name":"zeromq","socketType":6,"uri":"tcp://127.0.0.1:19000"}],"zmqConnectUri":"tcp://127.0.0.1:19000"},{"transports":[{"addr":"192.168.1.2","hostScope":"*","name":"tcp","port":19000},{"name":"zeromq","socketType":6,"uri":"tcp://fil-104:19000"}],"zmqConnectUri":"tcp://fil-104:19000"}]
agentConfigurationService/agents/tcp --> [{"transports":[{"addr":"127.0.0.1","hostScope":"fil-104","name":"tcp","port":15000},{"name":"zeromq","socketType":6,"uri":"tcp://127.0.0.1:15000"}],"zmqConnectUri":"tcp://127.0.0.1:15000"},{"transports":[{"addr":"192.168.1.2","hostScope":"*","name":"tcp","port":15000},{"name":"zeromq","socketType":6,"uri":"tcp://fil-104:15000"}],"zmqConnectUri":"tcp://fil-104:15000"}]
adserver/logger/tcp --> [{"transports":[{"addr":"127.0.0.1","hostScope":"fil-104","name":"tcp","port":25000},{"name":"zeromq","socketType":9,"uri":"tcp://127.0.0.1:25000"}],"zmqConnectUri":"tcp://127.0.0.1:25000"},{"transports":[{"addr":"192.168.1.2","hostScope":"*","name":"tcp","port":25000},{"name":"zeromq","socketType":9,"uri":"tcp://fil-104:25000"}],"zmqConnectUri":"tcp://fil-104:25000"}]
router.augmentationLoop/augmentors/tcp --> [{"transports":[{"addr":"127.0.0.1","hostScope":"fil-104","name":"tcp","port":18000},{"name":"zeromq","socketType":6,"uri":"tcp://127.0.0.1:18000"}],"zmqConnectUri":"tcp://127.0.0.1:18000"},{"transports":[{"addr":"192.168.1.2","hostScope":"*","name":"tcp","port":18000},{"name":"zeromq","socketType":6,"uri":"tcp://fil-104:18000"}],"zmqConnectUri":"tcp://fil-104:18000"}]
2016-05-05 10:20:37.455 [1;32mMasterBanker Trace [1;34m
Latency report for save state
- inPhase1TimeMs: 0
- redisPhase1TimeMs: 0
- redisPhase2TimeMs: 0
- totalTimeMs: 0
[0m
2016-05-05 10:20:37.455 [1;32mMasterBanker Trace [1;34m
Latency report for save state
- inPhase1TimeMs: 0
- redisPhase1TimeMs: 0
- redisPhase2TimeMs: 0
- totalTimeMs: 0
[0m
2016-05-05 10:20:47.455 [1;32mMasterBanker Trace [1;34m
Latency report for save state
- inPhase1TimeMs: 0
- redisPhase1TimeMs: 0
- totalTimeMs: 0
[0m
2016-05-05 10:20:47.455 [1;32mMasterBanker Trace [1;34m
Latency report for save state
- inPhase1TimeMs: 0
- redisPhase1TimeMs: 0
- totalTimeMs: 0
[0m
2016-05-05 10:20:57.454 [1;32mMasterBanker Trace [1;34m
Latency report for save state
- inPhase1TimeMs: 0
- redisPhase1TimeMs: 0
- totalTimeMs: 0
[0m
2016-05-05 10:20:57.455 [1;32mMasterBanker Trace [1;34m
Latency report for save state
- inPhase1TimeMs: 0
- redisPhase1TimeMs: 0
- totalTimeMs: 0
[0m
2016-05-05 10:21:07.456 [1;32mMasterBanker Trace [1;34m
Latency report for save state
- inPhase1TimeMs: 0
- redisPhase1TimeMs: 0
- totalTimeMs: 0
[0m
2016-05-05 10:21:07.456 [1;32mMasterBanker Trace [1;34m
Latency report for save state
- inPhase1TimeMs: 0
- redisPhase1TimeMs: 0
- totalTimeMs: 0
[0m
2016-05-05 10:21:17.453 [1;32mMasterBanker Trace [1;34m
Latency report for save state
- inPhase1TimeMs: 0
- redisPhase1TimeMs: 0
- totalTimeMs: 0
[0m
2016-05-05 10:21:17.453 [1;32mMasterBanker Trace [1;34m
Latency report for save state
- inPhase1TimeMs: 0
- redisPhase1TimeMs: 0
- totalTimeMs: 0
[0m
2016-05-05 10:21:27.453 [1;32mMasterBanker Trace [1;34m
Latency report for save state
- inPhase1TimeMs: 0
- redisPhase1TimeMs: 0
- totalTimeMs: 0
[0m
2016-05-05 10:21:27.453 [1;32mMasterBanker Trace [1;34m
Latency report for save state
- inPhase1TimeMs: 0
- redisPhase1TimeMs: 0
- totalTimeMs: 0
[0m
2016-05-05 10:21:37.452 [1;32mMasterBanker Trace [1;34m
Latency report for save state
- inPhase1TimeMs: 0
- redisPhase1TimeMs: 0
- totalTimeMs: 0
[0m
2016-05-05 10:21:37.453 [1;32mMasterBanker Trace [1;34m
Latency report for save state
- inPhase1TimeMs: 0
- redisPhase1TimeMs: 0
- totalTimeMs: 0
[0m
2016-05-05 10:21:47.456 [1;32mMasterBanker Trace [1;34m
Latency report for save state
- inPhase1TimeMs: 0
- redisPhase1TimeMs: 0
- totalTimeMs: 0
[0m
2016-05-05 10:21:47.456 [1;32mMasterBanker Trace [1;34m
Latency report for save state
- inPhase1TimeMs: 0
- redisPhase1TimeMs: 0
- totalTimeMs: 0
[0m
2016-05-05 10:21:57.456 [1;32mMasterBanker Trace [1;34m
Latency report for save state
- inPhase1TimeMs: 0
- redisPhase1TimeMs: 0
- totalTimeMs: 0
[0m
2016-05-05 10:21:57.456 [1;32mMasterBanker Trace [1;34m
Latency report for save state
- inPhase1TimeMs: 0
- redisPhase1TimeMs: 0
- totalTimeMs: 0
[0m
2016-05-05 10:22:07.453 [1;32mMasterBanker Trace [1;34m
Latency report for save state
- inPhase1TimeMs: 0
- redisPhase1TimeMs: 0
- totalTimeMs: 0
[0m
2016-05-05 10:22:07.453 [1;32mMasterBanker Trace [1;34m
Latency report for save state
- inPhase1TimeMs: 0
- redisPhase1TimeMs: 0
- totalTimeMs: 0
[0m
2016-05-05 10:22:17.456 [1;32mMasterBanker Trace [1;34m
Latency report for save state
- inPhase1TimeMs: 0
- redisPhase1TimeMs: 0
- totalTimeMs: 0
[0m
2016-05-05 10:22:17.456 [1;32mMasterBanker Trace [1;34m
Latency report for save state
- inPhase1TimeMs: 0
- redisPhase1TimeMs: 0
- totalTimeMs: 0
[0m
2016-05-05 10:22:27.456 [1;32mMasterBanker Trace [1;34m
Latency report for save state
- inPhase1TimeMs: 0
- redisPhase1TimeMs: 0
- redisPhase2TimeMs: 0
- totalTimeMs: 0
[0m
2016-05-05 10:22:27.456 [1;32mMasterBanker Trace [1;34m
Latency report for save state
- inPhase1TimeMs: 0
- redisPhase1TimeMs: 0
- redisPhase2TimeMs: 0
- totalTimeMs: 0
[0m
2016-05-05 10:22:37.457 [1;32mMasterBanker Trace [1;34m
Latency report for save state
- inPhase1TimeMs: 0
- redisPhase1TimeMs: 0
- redisPhase2TimeMs: 0
- totalTimeMs: 0
[0m
2016-05-05 10:22:37.457 [1;32mMasterBanker Trace [1;34m
Latency report for save state
- inPhase1TimeMs: 0
- redisPhase1TimeMs: 0
- redisPhase2TimeMs: 0
- totalTimeMs: 0
[0m
2016-05-05 10:22:47.453 [1;32mMasterBanker Trace [1;34m
Latency report for save state
- inPhase1TimeMs: 0
- redisPhase1TimeMs: 0
- redisPhase2TimeMs: 0
- totalTimeMs: 0
[0m
2016-05-05 10:22:47.453 [1;32mMasterBanker Trace [1;34m
Latency report for save state
- inPhase1TimeMs: 0
- redisPhase1TimeMs: 0
- redisPhase2TimeMs: 0
- totalTimeMs: 0
[0m
2016-05-05 10:22:57.453 [1;32mMasterBanker Trace [1;34m
Latency report for save state
- inPhase1TimeMs: 0
- redisPhase1TimeMs: 0
- redisPhase2TimeMs: 0
- totalTimeMs: 0
[0m
2016-05-05 10:22:57.453 [1;32mMasterBanker Trace [1;34m
Latency report for save state
- inPhase1TimeMs: 0
- redisPhase1TimeMs: 0
- redisPhase2TimeMs: 0
- totalTimeMs: 0
[0m
2016-05-05 10:23:07.454 [1;32mMasterBanker Trace [1;34m
Latency report for save state
- inPhase1TimeMs: 0
- redisPhase1TimeMs: 0
- redisPhase2TimeMs: 0
- totalTimeMs: 0
[0m
2016-05-05 10:23:07.454 [1;32mMasterBanker Trace [1;34m
Latency report for save state
- inPhase1TimeMs: 0
- redisPhase1TimeMs: 0
- redisPhase2TimeMs: 0
- totalTimeMs: 0
[0m
2016-05-05 10:23:17.456 [1;32mMasterBanker Trace [1;34m
Latency report for save state
- inPhase1TimeMs: 0
- redisPhase1TimeMs: 0
- redisPhase2TimeMs: 0
- totalTimeMs: 0
[0m
2016-05-05 10:23:17.457 [1;32mMasterBanker Trace [1;34m
Latency report for save state
- inPhase1TimeMs: 0
- redisPhase1TimeMs: 0
- redisPhase2TimeMs: 0
- totalTimeMs: 0
[0m
2016-05-05 10:23:27.453 [1;32mMasterBanker Trace [1;34m
Latency report for save state
- inPhase1TimeMs: 0
- redisPhase1TimeMs: 0
- redisPhase2TimeMs: 0
- totalTimeMs: 0
[0m
2016-05-05 10:23:27.453 [1;32mMasterBanker Trace [1;34m
Latency report for save state
- inPhase1TimeMs: 0
- redisPhase1TimeMs: 0
- redisPhase2TimeMs: 0
- totalTimeMs: 0
[0m
sent error response 404 "unknown resource GET /favicon.ico"

sent error response 404 "unknown resource GET /favicon.ico"

2016-05-05 10:23:37.457 [1;32mMasterBanker Trace [1;34m
Latency report for save state
- inPhase1TimeMs: 0
- redisPhase1TimeMs: 0
- redisPhase2TimeMs: 0
- totalTimeMs: 0
[0m
2016-05-05 10:23:37.457 [1;32mMasterBanker Trace [1;34m
Latency report for save state
- inPhase1TimeMs: 0
- redisPhase1TimeMs: 0
- redisPhase2TimeMs: 0
- totalTimeMs: 0
[0m
2016-05-05 10:23:47.456 [1;32mMasterBanker Trace [1;34m
Latency report for save state
- inPhase1TimeMs: 0
- redisPhase1TimeMs: 0
- redisPhase2TimeMs: 0
- totalTimeMs: 0
[0m
2016-05-05 10:23:47.456 [1;32mMasterBanker Trace [1;34m
Latency report for save state
- inPhase1TimeMs: 0
- redisPhase1TimeMs: 0
- redisPhase2TimeMs: 0
- totalTimeMs: 0
[0m
2016-05-05 10:23:57.455 [1;32mMasterBanker Trace [1;34m
Latency report for save state
- inPhase1TimeMs: 0
- redisPhase1TimeMs: 0
- redisPhase2TimeMs: 0
- totalTimeMs: 0
[0m
2016-05-05 10:23:57.455 [1;32mMasterBanker Trace [1;34m
Latency report for save state
- inPhase1TimeMs: 0
- redisPhase1TimeMs: 0
- redisPhase2TimeMs: 0
- totalTimeMs: 0
[0m
2016-05-05 10:24:07.457 [1;32mMasterBanker Trace [1;34m
Latency report for save state
- inPhase1TimeMs: 0
- redisPhase1TimeMs: 0
- redisPhase2TimeMs: 0
- totalTimeMs: 0
[0m
2016-05-05 10:24:07.457 [1;32mMasterBanker Trace [1;34m
Latency report for save state
- inPhase1TimeMs: 0
- redisPhase1TimeMs: 0
- redisPhase2TimeMs: 0
- totalTimeMs: 0
[0m
2016-05-05 10:24:17.457 [1;32mMasterBanker Trace [1;34m
Latency report for save state
- inPhase1TimeMs: 0
- redisPhase1TimeMs: 0
- redisPhase2TimeMs: 0
- totalTimeMs: 0
[0m
2016-05-05 10:24:17.457 [1;32mMasterBanker Trace [1;34m
Latency report for save state
- inPhase1TimeMs: 0
- redisPhase1TimeMs: 0
- redisPhase2TimeMs: 0
- totalTimeMs: 0
[0m
2016-05-05 10:24:27.454 [1;32mMasterBanker Trace [1;34m
Latency report for save state
- inPhase1TimeMs: 0
- redisPhase1TimeMs: 0
- redisPhase2TimeMs: 0
- totalTimeMs: 0
[0m
2016-05-05 10:24:27.454 [1;32mMasterBanker Trace [1;34m
Latency report for save state
- inPhase1TimeMs: 0
- redisPhase1TimeMs: 0
- redisPhase2TimeMs: 0
- totalTimeMs: 0
[0m
2016-05-05 10:24:37.455 [1;32mMasterBanker Trace [1;34m
Latency report for save state
- inPhase1TimeMs: 0
- redisPhase1TimeMs: 0
- redisPhase2TimeMs: 0
- totalTimeMs: 0
[0m
2016-05-05 10:24:37.455 [1;32mMasterBanker Trace [1;34m
Latency report for save state
- inPhase1TimeMs: 0
- redisPhase1TimeMs: 0
- redisPhase2TimeMs: 0
- totalTimeMs: 0
[0m
2016-05-05 10:24:47.454 [1;32mMasterBanker Trace [1;34m
Latency report for save state
- inPhase1TimeMs: 0
- redisPhase1TimeMs: 0
- redisPhase2TimeMs: 0
- totalTimeMs: 0
[0m
2016-05-05 10:24:47.454 [1;32mMasterBanker Trace [1;34m
Latency report for save state
- inPhase1TimeMs: 0
- redisPhase1TimeMs: 0
- redisPhase2TimeMs: 0
- totalTimeMs: 0
[0m
2016-05-05 10:24:57.452 [1;32mMasterBanker Trace [1;34m
Latency report for save state
- inPhase1TimeMs: 0
- redisPhase1TimeMs: 0
- redisPhase2TimeMs: 0
- totalTimeMs: 0
[0m
2016-05-05 10:24:57.452 [1;32mMasterBanker Trace [1;34m
Latency report for save state
- inPhase1TimeMs: 0
- redisPhase1TimeMs: 0
- redisPhase2TimeMs: 0
- totalTimeMs: 0
[0m
2016-05-05 10:25:07.452 [1;32mMasterBanker Trace [1;34m
Latency report for save state
- inPhase1TimeMs: 0
- redisPhase1TimeMs: 0
- redisPhase2TimeMs: 0
- totalTimeMs: 0
[0m
2016-05-05 10:25:07.452 [1;32mMasterBanker Trace [1;34m
Latency report for save state
- inPhase1TimeMs: 0
- redisPhase1TimeMs: 0
- redisPhase2TimeMs: 0
- totalTimeMs: 0
[0m
2016-05-05 10:25:17.452 [1;32mMasterBanker Trace [1;34m
Latency report for save state
- inPhase1TimeMs: 0
- redisPhase1TimeMs: 0
- redisPhase2TimeMs: 0
- totalTimeMs: 0
[0m
2016-05-05 10:25:17.452 [1;32mMasterBanker Trace [1;34m
Latency report for save state
- inPhase1TimeMs: 0
- redisPhase1TimeMs: 0
- redisPhase2TimeMs: 0
- totalTimeMs: 0
[0m
2016-05-05 10:25:27.454 [1;32mMasterBanker Trace [1;34m
Latency report for save state
- inPhase1TimeMs: 0
- redisPhase1TimeMs: 0
- redisPhase2TimeMs: 0
- totalTimeMs: 0
[0m
2016-05-05 10:25:27.454 [1;32mMasterBanker Trace [1;34m
Latency report for save state
- inPhase1TimeMs: 0
- redisPhase1TimeMs: 0
- redisPhase2TimeMs: 0
- totalTimeMs: 0
[0m
