FD limit too low: 1024/4096 smaller than recommended 65535
FD limit raised to: 4096
connecting to Carbon at 127.0.0.1:2003 (localhost)
2016-07-22 11:27:23.757 [1;32mZMQ [1;34mconnecting to monitor/zeromq[0m
2016-07-22 11:27:23.762 [1;32mZMQ [1;34mconnected to tcp://ip-172-31-19-171.eu-west-1.compute.internal:24000[0m
file ./logs/data//2016-07-22/errors-2016-07-22-11:00:00.log exists; disambiguating
file ./logs/data//2016-07-22/errors-2016-07-22-11:00:00.1.log exists; disambiguating
opening file ./logs/data//2016-07-22/errors-2016-07-22-11:00:00.2.log with append 0
  0 ./logs/data//%F/ -1
  2  16
  0 / -1
  2  4
  0 / -1
  1  -1
  0 -%T.log.gz -1
  0 ./logs/data//%F/ -1
  2  9
  0 / -1
  2  10
  0 / -1
  1  -1
  0 -%T.log.gz -1
2016-07-22 11:27:23.768 [1;32mMessage Loop Warning [1;34mmessage loop in polling mode will cause 2000 context switches per second due to polling on sources [0m
2016-07-22 11:27:23.772 [1;32mMessage Loop Warning [1;34mmessage loop in polling mode will cause 2000 context switches per second due to polling on sources [0m
2016-07-22 11:27:23.775 [1;32mMessage Loop Warning [1;34mmessage loop in polling mode will cause 2000 context switches per second due to polling on sources ZmqNamedSocket::socket[0m
wexists handler returned -101
2. returning result 
warning: could not connect to adserver/logger immediately
2016-07-22 11:27:23.779 [1;32mMessage Loop Warning [1;34mmessage loop in polling mode will cause 2000 context switches per second due to polling on sources serviceClass/adServer/adserver[0m
2016-07-22 11:27:23.779 [1;32mMessage Loop Warning [1;34mmessage loop in polling mode will cause 2000 context switches per second due to polling on sources ZmqNamedSocket::socket[0m
wexists handler returned -101
2. returning result 
warning: could not connect to PostAuctionLoop/logger immediately
2016-07-22 11:27:23.811 [1;32mMessage Loop Warning [1;34mmessage loop in polling mode will cause 2000 context switches per second due to polling on sources serviceClass/adServer/adserver, serviceClass/rtbPostAuctionService/PostAuctionLoop[0m
2016-07-22 11:27:23.811 [1;32mMessage Loop Warning [1;34mmessage loop in polling mode will cause 2000 context switches per second due to polling on sources ZmqNamedSocket::socket[0m
wexists handler returned -101
2. returning result 
warning: could not connect to router/logger immediately
