FD limit too low: 1024/4096 smaller than recommended 65535
FD limit raised to: 4096
wexists handler returned 0
wexists handler: node appeared
2016-05-05 10:20:27.516 [1;32mZMQ [1;34mconnecting to monitor/zeromq[0m
wexists handler returned -101
2. returning result 
opening file ./logs/data//2016-05-05/errors-2016-05-05-07:00:00.log with append 0
  0 ./logs/data//%F/ -1
  2  16
  0 / -1
  2  4
  0 / -1
  1  -1
  0 -%T.log.gz -1
  0 ./logs/data//%F/ -1
  2  9
  0 / -1
  2  10
  0 / -1
  1  -1
  0 -%T.log.gz -1
2016-05-05 10:20:27.565 [1;32mMessage Loop Warning [1;34mmessage loop in polling mode will cause 2000 context switches per second due to polling on sources [0m
2016-05-05 10:20:27.588 [1;32mMessage Loop Warning [1;34mmessage loop in polling mode will cause 2000 context switches per second due to polling on sources [0m
2016-05-05 10:20:27.638 [1;32mMessage Loop Warning [1;34mmessage loop in polling mode will cause 2000 context switches per second due to polling on sources ZmqNamedSocket::socket[0m
wexists handler returned -101
2. returning result 
warning: could not connect to adserver/logger immediately
2016-05-05 10:20:27.663 [1;32mMessage Loop Warning [1;34mmessage loop in polling mode will cause 2000 context switches per second due to polling on sources serviceClass/adServer/adserver[0m
2016-05-05 10:20:27.672 [1;32mZMQ [1;34mconnecting to monitor/zeromq[0m
2016-05-05 10:20:27.696 [1;32mZMQ [1;34mconnecting to monitor/zeromq[0m
2016-05-05 10:20:27.706 [1;32mMessage Loop Warning [1;34mmessage loop in polling mode will cause 2000 context switches per second due to polling on sources ZmqNamedSocket::socket[0m
2016-05-05 10:20:27.713 [1;32mZMQ [1;34mconnected to tcp://127.0.0.1:24000[0m
wexists handler returned -101
2. returning result 
warning: could not connect to router/logger immediately
2016-05-05 10:20:27.721 [1;32mMessage Loop Warning [1;34mmessage loop in polling mode will cause 2000 context switches per second due to polling on sources serviceClass/adServer/adserver, serviceClass/rtbRequestRouter/router[0m
2016-05-05 10:20:27.721 [1;32mMessage Loop Warning [1;34mmessage loop in polling mode will cause 2000 context switches per second due to polling on sources ZmqNamedSocket::socket[0m
wexists handler returned -101
2. returning result 
warning: could not connect to PostAuctionLoop/logger immediately
creating ./logs/data//%F/hello/world/MATCHEDWIN-%T.log.gz
opening file ./logs/data//2016-05-05/hello/world/MATCHEDWIN-07:00:00.log.gz with append 0
creating ./logs/data//%F/world/hello:world/MATCHEDCLICK-%T.log.gz
opening file ./logs/data//2016-05-05/world/hello:world/MATCHEDCLICK-07:00:00.log.gz with append 0
