FD limit too low: 32768/32768 smaller than recommended 65535
FD limit raised to: 32768
connecting to Carbon at 127.0.0.1:2003 (localhost)
2016-07-22 11:23:28,658:1267(0x7f9afb31f700):ZOO_ERROR@handle_socket_error_msg@1697: Socket [127.0.0.1:2181] zk retcode=-4, errno=111(Connection refused): server refused to accept the client
2016-07-22 11:23:28,992:1267(0x7f9afb31f700):ZOO_ERROR@handle_socket_error_msg@1697: Socket [127.0.0.1:2181] zk retcode=-4, errno=111(Connection refused): server refused to accept the client
2016-07-22 11:23:29,340:1267(0x7f9afb31f700):ZOO_ERROR@handle_socket_error_msg@1721: Socket [127.0.0.1:2181] zk retcode=-4, errno=112(Host is down): failed while receiving a server response
opening file ./logs/data//2016-07-22/errors-2016-07-22-11:00:00.log with append 0
  0 ./logs/data//%F/ -1
  2  16
  0 / -1
  2  4
  0 / -1
  1  -1
  0 -%T.log.gz -1
  0 ./logs/data//%F/ -1
  2  9
  0 / -1
  2  10
  0 / -1
  1  -1
  0 -%T.log.gz -1
2016-07-22 11:23:29.727 [1;32mMessage Loop Warning [1;34mmessage loop in polling mode will cause 2000 context switches per second due to polling on sources [0m
2016-07-22 11:23:29.741 [1;32mZMQ [1;34mconnecting to monitor/zeromq[0m
wexists handler returned -101
2. returning result 
2016-07-22 11:23:29.746 [1;32mMessage Loop Warning [1;34mmessage loop in polling mode will cause 2000 context switches per second due to polling on sources [0m
2016-07-22 11:23:29.749 [1;32mMessage Loop Warning [1;34mmessage loop in polling mode will cause 2000 context switches per second due to polling on sources ZmqNamedSocket::socket[0m
wexists handler returned -101
2. returning result 
warning: could not connect to adserver/logger immediately
2016-07-22 11:23:29.758 [1;32mZMQ [1;34mconnecting to monitor/zeromq[0m
2016-07-22 11:23:29.763 [1;32mZMQ [1;34mconnecting to monitor/zeromq[0m
2016-07-22 11:23:29.769 [1;32mZMQ [1;34mconnected to tcp://ip-172-31-19-171.eu-west-1.compute.internal:24000[0m
2016-07-22 11:23:29.773 [1;32mMessage Loop Warning [1;34mmessage loop in polling mode will cause 2000 context switches per second due to polling on sources serviceClass/adServer/adserver[0m
2016-07-22 11:23:29.777 [1;32mMessage Loop Warning [1;34mmessage loop in polling mode will cause 2000 context switches per second due to polling on sources ZmqNamedSocket::socket[0m
wexists handler returned -101
2. returning result 
warning: could not connect to PostAuctionLoop/logger immediately
2016-07-22 11:23:29.785 [1;32mMessage Loop Warning [1;34mmessage loop in polling mode will cause 2000 context switches per second due to polling on sources serviceClass/adServer/adserver, serviceClass/rtbPostAuctionService/PostAuctionLoop[0m
2016-07-22 11:23:29.785 [1;32mMessage Loop Warning [1;34mmessage loop in polling mode will cause 2000 context switches per second due to polling on sources ZmqNamedSocket::socket[0m
wexists handler returned -101
2. returning result 
warning: could not connect to router/logger immediately
