FD limit too low: 1024/4096 smaller than recommended 65535
FD limit raised to: 4096
opening file ./logs/data//2016-06-30/errors-2016-06-30-04:00:00.log with append 0
  0 ./logs/data//%F/ -1
  2  16
  0 / -1
  2  4
  0 / -1
  1  -1
  0 -%T.log.gz -1
  0 ./logs/data//%F/ -1
  2  9
  0 / -1
  2  10
  0 / -1
  1  -1
  0 -%T.log.gz -1
2016-06-30 07:48:48.262 [1;32mMessage Loop Warning [1;34mmessage loop in polling mode will cause 2000 context switches per second due to polling on sources [0m
2016-06-30 07:48:48.322 [1;32mZMQ [1;34mconnecting to monitor/zeromq[0m
wexists handler returned -101
2. returning result 
2016-06-30 07:48:48.385 [1;32mMessage Loop Warning [1;34mmessage loop in polling mode will cause 2000 context switches per second due to polling on sources [0m
2016-06-30 07:48:48.385 [1;32mMessage Loop Warning [1;34mmessage loop in polling mode will cause 2000 context switches per second due to polling on sources ZmqNamedSocket::socket[0m
wexists handler returned -101
2. returning result 
warning: could not connect to adserver/logger immediately
2016-06-30 07:48:48.534 [1;32mZMQ [1;34mconnecting to monitor/zeromq[0m
2016-06-30 07:48:48.593 [1;32mZMQ [1;34mconnected to tcp://127.0.0.1:24000[0m
2016-06-30 07:48:48.635 [1;32mMessage Loop Warning [1;34mmessage loop in polling mode will cause 2000 context switches per second due to polling on sources serviceClass/adServer/adserver[0m
2016-06-30 07:48:48.660 [1;32mMessage Loop Warning [1;34mmessage loop in polling mode will cause 2000 context switches per second due to polling on sources ZmqNamedSocket::socket[0m
wexists handler returned -101
2. returning result 
warning: could not connect to PostAuctionLoop/logger immediately
2016-06-30 07:48:48.677 [1;32mMessage Loop Warning [1;34mmessage loop in polling mode will cause 2000 context switches per second due to polling on sources serviceClass/adServer/adserver, serviceClass/rtbPostAuctionService/PostAuctionLoop[0m
2016-06-30 07:48:48.677 [1;32mMessage Loop Warning [1;34mmessage loop in polling mode will cause 2000 context switches per second due to polling on sources ZmqNamedSocket::socket[0m
wexists handler returned -101
2. returning result 
warning: could not connect to router/logger immediately
