FD limit too low: 1024/4096 smaller than recommended 65535
FD limit raised to: 4096
bound tcp for http port 9987
monitor is listening on tcp://*:24000,http://0.0.0.0:9987
masterBanker/zeromq/tcp --> [{"transports":[{"addr":"127.0.0.1","hostScope":"fil-104","name":"tcp","port":22000},{"name":"zeromq","socketType":6,"uri":"tcp://127.0.0.1:22000"}],"zmqConnectUri":"tcp://127.0.0.1:22000"},{"transports":[{"addr":"192.168.1.2","hostScope":"*","name":"tcp","port":22000},{"name":"zeromq","socketType":6,"uri":"tcp://fil-104:22000"}],"zmqConnectUri":"tcp://fil-104:22000"}]
masterBanker/http/tcp --> [{"httpUri":"http://127.0.0.1:9985","transports":[{"addr":"127.0.0.1","hostScope":"fil-104","name":"tcp","port":9985},{"name":"http","uri":"http://127.0.0.1:9985"}]},{"httpUri":"http://192.168.1.2:9985","transports":[{"addr":"192.168.1.2","hostScope":"*","name":"tcp","port":9985},{"name":"http","uri":"http://192.168.1.2:9985"}]}]
monitor/zeromq/tcp --> [{"transports":[{"addr":"127.0.0.1","hostScope":"fil-104","name":"tcp","port":24000},{"name":"zeromq","socketType":6,"uri":"tcp://127.0.0.1:24000"}],"zmqConnectUri":"tcp://127.0.0.1:24000"},{"transports":[{"addr":"192.168.1.2","hostScope":"*","name":"tcp","port":24000},{"name":"zeromq","socketType":6,"uri":"tcp://fil-104:24000"}],"zmqConnectUri":"tcp://fil-104:24000"}]
monitor/http/tcp --> [{"httpUri":"http://127.0.0.1:9987","transports":[{"addr":"127.0.0.1","hostScope":"fil-104","name":"tcp","port":9987},{"name":"http","uri":"http://127.0.0.1:9987"}]},{"httpUri":"http://192.168.1.2:9987","transports":[{"addr":"192.168.1.2","hostScope":"*","name":"tcp","port":9987},{"name":"http","uri":"http://192.168.1.2:9987"}]}]
serviceClass/rtbAgentConfiguration/agentConfigurationService --> {"serviceLocation":"mtl","serviceName":"agentConfigurationService","servicePath":"agentConfigurationService"}
serviceClass/rtbBanker/masterBanker --> {"serviceLocation":"mtl","serviceName":"masterBanker","servicePath":"masterBanker"}
serviceClass/rtbPostAuctionService/PostAuctionLoop --> {"serviceLocation":"mtl","serviceName":"PostAuctionLoop","servicePath":"PostAuctionLoop","shardIndex":0}
serviceClass/monitor/monitor --> {"serviceLocation":"mtl","serviceName":"monitor","servicePath":"monitor"}
serviceClass/rtbRequestRouter/router --> {"serviceLocation":"mtl","serviceName":"router","servicePath":"router"}
serviceClass/rtbRouterAugmentation/router.augmentationLoop --> {"serviceLocation":"mtl","serviceName":"router.augmentationLoop","servicePath":"router.augmentationLoop"}
serviceClass/adServer/adserver --> {"serviceLocation":"mtl","serviceName":"adserver","servicePath":"adserver"}
agentConfigurationService/rest/zeromq/tcp --> [{"transports":[{"addr":"127.0.0.1","hostScope":"fil-104","name":"tcp","port":23000},{"name":"zeromq","socketType":6,"uri":"tcp://127.0.0.1:23000"}],"zmqConnectUri":"tcp://127.0.0.1:23000"},{"transports":[{"addr":"192.168.1.2","hostScope":"*","name":"tcp","port":23000},{"name":"zeromq","socketType":6,"uri":"tcp://fil-104:23000"}],"zmqConnectUri":"tcp://fil-104:23000"}]
agentConfigurationService/rest/http/tcp --> [{"httpUri":"http://127.0.0.1:9986","transports":[{"addr":"127.0.0.1","hostScope":"fil-104","name":"tcp","port":9986},{"name":"http","uri":"http://127.0.0.1:9986"}]},{"httpUri":"http://192.168.1.2:9986","transports":[{"addr":"192.168.1.2","hostScope":"*","name":"tcp","port":9986},{"name":"http","uri":"http://192.168.1.2:9986"}]}]
agentConfigurationService/listen/tcp --> [{"transports":[{"addr":"127.0.0.1","hostScope":"fil-104","name":"tcp","port":19000},{"name":"zeromq","socketType":6,"uri":"tcp://127.0.0.1:19000"}],"zmqConnectUri":"tcp://127.0.0.1:19000"},{"transports":[{"addr":"192.168.1.2","hostScope":"*","name":"tcp","port":19000},{"name":"zeromq","socketType":6,"uri":"tcp://fil-104:19000"}],"zmqConnectUri":"tcp://fil-104:19000"}]
agentConfigurationService/agents/tcp --> [{"transports":[{"addr":"127.0.0.1","hostScope":"fil-104","name":"tcp","port":15000},{"name":"zeromq","socketType":6,"uri":"tcp://127.0.0.1:15000"}],"zmqConnectUri":"tcp://127.0.0.1:15000"},{"transports":[{"addr":"192.168.1.2","hostScope":"*","name":"tcp","port":15000},{"name":"zeromq","socketType":6,"uri":"tcp://fil-104:15000"}],"zmqConnectUri":"tcp://fil-104:15000"}]
adserver/logger/tcp --> [{"transports":[{"addr":"127.0.0.1","hostScope":"fil-104","name":"tcp","port":25000},{"name":"zeromq","socketType":9,"uri":"tcp://127.0.0.1:25000"}],"zmqConnectUri":"tcp://127.0.0.1:25000"},{"transports":[{"addr":"192.168.1.2","hostScope":"*","name":"tcp","port":25000},{"name":"zeromq","socketType":9,"uri":"tcp://fil-104:25000"}],"zmqConnectUri":"tcp://fil-104:25000"}]
router.augmentationLoop/augmentors/tcp --> [{"transports":[{"addr":"127.0.0.1","hostScope":"fil-104","name":"tcp","port":18000},{"name":"zeromq","socketType":6,"uri":"tcp://127.0.0.1:18000"}],"zmqConnectUri":"tcp://127.0.0.1:18000"},{"transports":[{"addr":"192.168.1.2","hostScope":"*","name":"tcp","port":18000},{"name":"zeromq","socketType":6,"uri":"tcp://fil-104:18000"}],"zmqConnectUri":"tcp://fil-104:18000"}]
2016-05-05 15:06:11.201 [1;32mMessage Loop Warning [1;34mmessage loop in polling mode will cause 2000 context switches per second due to polling on sources ZmqNamedEndpoint::socket[0m


rtbAgentConfiguration: 
    agentConfigurationService OK  2016-05-05 12:06:19  Alive
rtbBanker: 
    PostAuctionLoop.slaveBanker OK  2016-05-05 12:06:19  Sync with MasterBanker: OK
    router.slaveBanker   OK  2016-05-05 12:06:20  Sync with MasterBanker: OK
rtbDataLogger: 
    data_logger          OK  2016-05-05 12:06:19  Alive
rtbPostAuctionService: 
    PostAuctionLoop      ERR 2016-05-05 12:06:19  WinLoss pipe: ERROR, CampaignEvent pipe: ERROR, Banker: OK
rtbRequestRouter: 
    router               OK  2016-05-05 12:06:20  Connection to PAL: OK, Banker: OK


rtbAgentConfiguration: 
    agentConfigurationService OK  2016-05-05 12:06:29  Alive
rtbBanker: 
    PostAuctionLoop.slaveBanker OK  2016-05-05 12:06:29  Sync with MasterBanker: OK
    router.slaveBanker   OK  2016-05-05 12:06:30  Sync with MasterBanker: OK
rtbDataLogger: 
    data_logger          OK  2016-05-05 12:06:29  Alive
rtbPostAuctionService: 
    PostAuctionLoop      ERR 2016-05-05 12:06:29  WinLoss pipe: ERROR, CampaignEvent pipe: ERROR, Banker: OK
rtbRequestRouter: 
    router               OK  2016-05-05 12:06:30  Connection to PAL: OK, Banker: OK


rtbAgentConfiguration: 
    agentConfigurationService OK  2016-05-05 12:06:39  Alive
rtbBanker: 
    PostAuctionLoop.slaveBanker OK  2016-05-05 12:06:39  Sync with MasterBanker: OK
    router.slaveBanker   OK  2016-05-05 12:06:40  Sync with MasterBanker: OK
rtbDataLogger: 
    data_logger          OK  2016-05-05 12:06:39  Alive
rtbPostAuctionService: 
    PostAuctionLoop      ERR 2016-05-05 12:06:39  WinLoss pipe: ERROR, CampaignEvent pipe: ERROR, Banker: OK
rtbRequestRouter: 
    router               OK  2016-05-05 12:06:40  Connection to PAL: OK, Banker: OK


rtbAgentConfiguration: 
    agentConfigurationService OK  2016-05-05 12:06:49  Alive
rtbBanker: 
    PostAuctionLoop.slaveBanker OK  2016-05-05 12:06:49  Sync with MasterBanker: OK
    router.slaveBanker   OK  2016-05-05 12:06:50  Sync with MasterBanker: OK
rtbDataLogger: 
    data_logger          OK  2016-05-05 12:06:49  Alive
rtbPostAuctionService: 
    PostAuctionLoop      ERR 2016-05-05 12:06:49  WinLoss pipe: ERROR, CampaignEvent pipe: ERROR, Banker: OK
rtbRequestRouter: 
    router               OK  2016-05-05 12:06:50  Connection to PAL: OK, Banker: OK


rtbAgentConfiguration: 
    agentConfigurationService OK  2016-05-05 12:06:59  Alive
rtbBanker: 
    PostAuctionLoop.slaveBanker OK  2016-05-05 12:06:59  Sync with MasterBanker: OK
    router.slaveBanker   OK  2016-05-05 12:07:00  Sync with MasterBanker: OK
rtbDataLogger: 
    data_logger          OK  2016-05-05 12:06:59  Alive
rtbPostAuctionService: 
    PostAuctionLoop      ERR 2016-05-05 12:06:59  WinLoss pipe: ERROR, CampaignEvent pipe: ERROR, Banker: OK
rtbRequestRouter: 
    router               OK  2016-05-05 12:07:00  Connection to PAL: OK, Banker: OK


rtbAgentConfiguration: 
    agentConfigurationService OK  2016-05-05 12:07:09  Alive
rtbBanker: 
    PostAuctionLoop.slaveBanker OK  2016-05-05 12:07:09  Sync with MasterBanker: OK
    router.slaveBanker   OK  2016-05-05 12:07:10  Sync with MasterBanker: OK
rtbDataLogger: 
    data_logger          OK  2016-05-05 12:07:09  Alive
rtbPostAuctionService: 
    PostAuctionLoop      ERR 2016-05-05 12:07:09  WinLoss pipe: ERROR, CampaignEvent pipe: ERROR, Banker: OK
rtbRequestRouter: 
    router               OK  2016-05-05 12:07:10  Connection to PAL: OK, Banker: OK


rtbAgentConfiguration: 
    agentConfigurationService OK  2016-05-05 12:07:19  Alive
rtbBanker: 
    PostAuctionLoop.slaveBanker OK  2016-05-05 12:07:19  Sync with MasterBanker: OK
    router.slaveBanker   OK  2016-05-05 12:07:20  Sync with MasterBanker: OK
rtbDataLogger: 
    data_logger          OK  2016-05-05 12:07:19  Alive
rtbPostAuctionService: 
    PostAuctionLoop      ERR 2016-05-05 12:07:19  WinLoss pipe: ERROR, CampaignEvent pipe: ERROR, Banker: OK
rtbRequestRouter: 
    router               OK  2016-05-05 12:07:20  Connection to PAL: OK, Banker: OK


rtbAgentConfiguration: 
    agentConfigurationService OK  2016-05-05 12:07:29  Alive
rtbBanker: 
    PostAuctionLoop.slaveBanker OK  2016-05-05 12:07:29  Sync with MasterBanker: OK
    router.slaveBanker   OK  2016-05-05 12:07:30  Sync with MasterBanker: OK
rtbDataLogger: 
    data_logger          OK  2016-05-05 12:07:29  Alive
rtbPostAuctionService: 
    PostAuctionLoop      ERR 2016-05-05 12:07:29  WinLoss pipe: ERROR, CampaignEvent pipe: ERROR, Banker: OK
rtbRequestRouter: 
    router               OK  2016-05-05 12:07:30  Connection to PAL: OK, Banker: OK


rtbAgentConfiguration: 
    agentConfigurationService OK  2016-05-05 12:07:39  Alive
rtbBanker: 
    PostAuctionLoop.slaveBanker OK  2016-05-05 12:07:39  Sync with MasterBanker: OK
    router.slaveBanker   OK  2016-05-05 12:07:40  Sync with MasterBanker: OK
rtbDataLogger: 
    data_logger          OK  2016-05-05 12:07:39  Alive
rtbPostAuctionService: 
    PostAuctionLoop      ERR 2016-05-05 12:07:39  WinLoss pipe: ERROR, CampaignEvent pipe: ERROR, Banker: OK
rtbRequestRouter: 
    router               OK  2016-05-05 12:07:40  Connection to PAL: OK, Banker: OK


rtbAgentConfiguration: 
    agentConfigurationService OK  2016-05-05 12:07:49  Alive
rtbBanker: 
    PostAuctionLoop.slaveBanker OK  2016-05-05 12:07:49  Sync with MasterBanker: OK
    router.slaveBanker   OK  2016-05-05 12:07:50  Sync with MasterBanker: OK
rtbDataLogger: 
    data_logger          OK  2016-05-05 12:07:49  Alive
rtbPostAuctionService: 
    PostAuctionLoop      ERR 2016-05-05 12:07:49  WinLoss pipe: ERROR, CampaignEvent pipe: ERROR, Banker: OK
rtbRequestRouter: 
    router               OK  2016-05-05 12:07:50  Connection to PAL: OK, Banker: OK


rtbAgentConfiguration: 
    agentConfigurationService OK  2016-05-05 12:07:59  Alive
rtbBanker: 
    PostAuctionLoop.slaveBanker OK  2016-05-05 12:07:59  Sync with MasterBanker: OK
    router.slaveBanker   OK  2016-05-05 12:08:00  Sync with MasterBanker: OK
rtbDataLogger: 
    data_logger          OK  2016-05-05 12:07:59  Alive
rtbPostAuctionService: 
    PostAuctionLoop      ERR 2016-05-05 12:07:59  WinLoss pipe: ERROR, CampaignEvent pipe: ERROR, Banker: OK
rtbRequestRouter: 
    router               OK  2016-05-05 12:08:00  Connection to PAL: OK, Banker: OK


rtbAgentConfiguration: 
    agentConfigurationService OK  2016-05-05 12:08:09  Alive
rtbBanker: 
    PostAuctionLoop.slaveBanker OK  2016-05-05 12:08:09  Sync with MasterBanker: OK
    router.slaveBanker   OK  2016-05-05 12:08:10  Sync with MasterBanker: OK
rtbDataLogger: 
    data_logger          OK  2016-05-05 12:08:09  Alive
rtbPostAuctionService: 
    PostAuctionLoop      ERR 2016-05-05 12:08:09  WinLoss pipe: ERROR, CampaignEvent pipe: ERROR, Banker: OK
rtbRequestRouter: 
    router               OK  2016-05-05 12:08:10  Connection to PAL: OK, Banker: OK


rtbAgentConfiguration: 
    agentConfigurationService OK  2016-05-05 12:08:19  Alive
rtbBanker: 
    PostAuctionLoop.slaveBanker OK  2016-05-05 12:08:19  Sync with MasterBanker: OK
    router.slaveBanker   OK  2016-05-05 12:08:20  Sync with MasterBanker: OK
rtbDataLogger: 
    data_logger          OK  2016-05-05 12:08:19  Alive
rtbPostAuctionService: 
    PostAuctionLoop      ERR 2016-05-05 12:08:19  WinLoss pipe: ERROR, CampaignEvent pipe: ERROR, Banker: OK
rtbRequestRouter: 
    router               OK  2016-05-05 12:08:20  Connection to PAL: OK, Banker: OK


rtbAgentConfiguration: 
    agentConfigurationService OK  2016-05-05 12:08:29  Alive
rtbBanker: 
    PostAuctionLoop.slaveBanker OK  2016-05-05 12:08:29  Sync with MasterBanker: OK
    router.slaveBanker   OK  2016-05-05 12:08:30  Sync with MasterBanker: OK
rtbDataLogger: 
    data_logger          OK  2016-05-05 12:08:29  Alive
rtbPostAuctionService: 
    PostAuctionLoop      ERR 2016-05-05 12:08:29  WinLoss pipe: ERROR, CampaignEvent pipe: ERROR, Banker: OK
rtbRequestRouter: 
    router               OK  2016-05-05 12:08:30  Connection to PAL: OK, Banker: OK


rtbAgentConfiguration: 
    agentConfigurationService OK  2016-05-05 12:08:39  Alive
rtbBanker: 
    PostAuctionLoop.slaveBanker OK  2016-05-05 12:08:39  Sync with MasterBanker: OK
    router.slaveBanker   OK  2016-05-05 12:08:40  Sync with MasterBanker: OK
rtbDataLogger: 
    data_logger          OK  2016-05-05 12:08:39  Alive
rtbPostAuctionService: 
    PostAuctionLoop      ERR 2016-05-05 12:08:39  WinLoss pipe: ERROR, CampaignEvent pipe: ERROR, Banker: OK
rtbRequestRouter: 
    router               OK  2016-05-05 12:08:40  Connection to PAL: OK, Banker: OK


rtbAgentConfiguration: 
    agentConfigurationService OK  2016-05-05 12:08:49  Alive
rtbBanker: 
    PostAuctionLoop.slaveBanker OK  2016-05-05 12:08:49  Sync with MasterBanker: OK
    router.slaveBanker   OK  2016-05-05 12:08:50  Sync with MasterBanker: OK
rtbDataLogger: 
    data_logger          OK  2016-05-05 12:08:49  Alive
rtbPostAuctionService: 
    PostAuctionLoop      ERR 2016-05-05 12:08:49  WinLoss pipe: ERROR, CampaignEvent pipe: ERROR, Banker: OK
rtbRequestRouter: 
    router               OK  2016-05-05 12:08:50  Connection to PAL: OK, Banker: OK


rtbAgentConfiguration: 
    agentConfigurationService OK  2016-05-05 12:08:59  Alive
rtbBanker: 
    PostAuctionLoop.slaveBanker OK  2016-05-05 12:08:59  Sync with MasterBanker: OK
    router.slaveBanker   OK  2016-05-05 12:09:00  Sync with MasterBanker: OK
rtbDataLogger: 
    data_logger          OK  2016-05-05 12:08:59  Alive
rtbPostAuctionService: 
    PostAuctionLoop      ERR 2016-05-05 12:08:59  WinLoss pipe: ERROR, CampaignEvent pipe: ERROR, Banker: OK
rtbRequestRouter: 
    router               OK  2016-05-05 12:09:00  Connection to PAL: OK, Banker: OK


rtbAgentConfiguration: 
    agentConfigurationService OK  2016-05-05 12:09:09  Alive
rtbBanker: 
    PostAuctionLoop.slaveBanker OK  2016-05-05 12:09:09  Sync with MasterBanker: OK
    router.slaveBanker   OK  2016-05-05 12:09:10  Sync with MasterBanker: OK
rtbDataLogger: 
    data_logger          OK  2016-05-05 12:09:09  Alive
rtbPostAuctionService: 
    PostAuctionLoop      ERR 2016-05-05 12:09:09  WinLoss pipe: ERROR, CampaignEvent pipe: ERROR, Banker: OK
rtbRequestRouter: 
    router               OK  2016-05-05 12:09:10  Connection to PAL: OK, Banker: OK


rtbAgentConfiguration: 
    agentConfigurationService OK  2016-05-05 12:09:19  Alive
rtbBanker: 
    PostAuctionLoop.slaveBanker OK  2016-05-05 12:09:19  Sync with MasterBanker: OK
    router.slaveBanker   OK  2016-05-05 12:09:20  Sync with MasterBanker: OK
rtbDataLogger: 
    data_logger          OK  2016-05-05 12:09:19  Alive
rtbPostAuctionService: 
    PostAuctionLoop      ERR 2016-05-05 12:09:19  WinLoss pipe: ERROR, CampaignEvent pipe: ERROR, Banker: OK
rtbRequestRouter: 
    router               OK  2016-05-05 12:09:20  Connection to PAL: OK, Banker: OK


rtbAgentConfiguration: 
    agentConfigurationService OK  2016-05-05 12:09:29  Alive
rtbBanker: 
    PostAuctionLoop.slaveBanker OK  2016-05-05 12:09:29  Sync with MasterBanker: OK
    router.slaveBanker   OK  2016-05-05 12:09:30  Sync with MasterBanker: OK
rtbDataLogger: 
    data_logger          OK  2016-05-05 12:09:29  Alive
rtbPostAuctionService: 
    PostAuctionLoop      ERR 2016-05-05 12:09:29  WinLoss pipe: ERROR, CampaignEvent pipe: ERROR, Banker: OK
rtbRequestRouter: 
    router               OK  2016-05-05 12:09:30  Connection to PAL: OK, Banker: OK


rtbAgentConfiguration: 
    agentConfigurationService OK  2016-05-05 12:09:39  Alive
rtbBanker: 
    PostAuctionLoop.slaveBanker OK  2016-05-05 12:09:39  Sync with MasterBanker: OK
    router.slaveBanker   OK  2016-05-05 12:09:40  Sync with MasterBanker: OK
rtbDataLogger: 
    data_logger          OK  2016-05-05 12:09:39  Alive
rtbPostAuctionService: 
    PostAuctionLoop      ERR 2016-05-05 12:09:39  WinLoss pipe: ERROR, CampaignEvent pipe: ERROR, Banker: OK
rtbRequestRouter: 
    router               OK  2016-05-05 12:09:40  Connection to PAL: OK, Banker: OK


rtbAgentConfiguration: 
    agentConfigurationService OK  2016-05-05 12:09:49  Alive
rtbBanker: 
    PostAuctionLoop.slaveBanker OK  2016-05-05 12:09:49  Sync with MasterBanker: OK
    router.slaveBanker   OK  2016-05-05 12:09:50  Sync with MasterBanker: OK
rtbDataLogger: 
    data_logger          OK  2016-05-05 12:09:49  Alive
rtbPostAuctionService: 
    PostAuctionLoop      ERR 2016-05-05 12:09:49  WinLoss pipe: ERROR, CampaignEvent pipe: ERROR, Banker: OK
rtbRequestRouter: 
    router               OK  2016-05-05 12:09:50  Connection to PAL: OK, Banker: OK


rtbAgentConfiguration: 
    agentConfigurationService OK  2016-05-05 12:09:59  Alive
rtbBanker: 
    PostAuctionLoop.slaveBanker OK  2016-05-05 12:09:59  Sync with MasterBanker: OK
    router.slaveBanker   OK  2016-05-05 12:10:00  Sync with MasterBanker: OK
rtbDataLogger: 
    data_logger          OK  2016-05-05 12:09:59  Alive
rtbPostAuctionService: 
    PostAuctionLoop      ERR 2016-05-05 12:09:59  WinLoss pipe: ERROR, CampaignEvent pipe: ERROR, Banker: OK
rtbRequestRouter: 
    router               OK  2016-05-05 12:10:00  Connection to PAL: OK, Banker: OK


rtbAgentConfiguration: 
    agentConfigurationService OK  2016-05-05 12:10:09  Alive
rtbBanker: 
    PostAuctionLoop.slaveBanker OK  2016-05-05 12:10:09  Sync with MasterBanker: OK
    router.slaveBanker   OK  2016-05-05 12:10:10  Sync with MasterBanker: OK
rtbDataLogger: 
    data_logger          OK  2016-05-05 12:10:09  Alive
rtbPostAuctionService: 
    PostAuctionLoop      ERR 2016-05-05 12:10:09  WinLoss pipe: ERROR, CampaignEvent pipe: ERROR, Banker: OK
rtbRequestRouter: 
    router               OK  2016-05-05 12:10:10  Connection to PAL: OK, Banker: OK


rtbAgentConfiguration: 
    agentConfigurationService OK  2016-05-05 12:10:19  Alive
rtbBanker: 
    PostAuctionLoop.slaveBanker OK  2016-05-05 12:10:19  Sync with MasterBanker: OK
    router.slaveBanker   OK  2016-05-05 12:10:20  Sync with MasterBanker: OK
rtbDataLogger: 
    data_logger          OK  2016-05-05 12:10:19  Alive
rtbPostAuctionService: 
    PostAuctionLoop      ERR 2016-05-05 12:10:19  WinLoss pipe: ERROR, CampaignEvent pipe: ERROR, Banker: OK
rtbRequestRouter: 
    router               OK  2016-05-05 12:10:20  Connection to PAL: OK, Banker: OK


rtbAgentConfiguration: 
    agentConfigurationService OK  2016-05-05 12:10:29  Alive
rtbBanker: 
    PostAuctionLoop.slaveBanker OK  2016-05-05 12:10:29  Sync with MasterBanker: OK
    router.slaveBanker   OK  2016-05-05 12:10:30  Sync with MasterBanker: OK
rtbDataLogger: 
    data_logger          OK  2016-05-05 12:10:29  Alive
rtbPostAuctionService: 
    PostAuctionLoop      ERR 2016-05-05 12:10:29  WinLoss pipe: ERROR, CampaignEvent pipe: ERROR, Banker: OK
rtbRequestRouter: 
    router               OK  2016-05-05 12:10:30  Connection to PAL: OK, Banker: OK


rtbAgentConfiguration: 
    agentConfigurationService OK  2016-05-05 12:10:39  Alive
rtbBanker: 
    PostAuctionLoop.slaveBanker OK  2016-05-05 12:10:39  Sync with MasterBanker: OK
    router.slaveBanker   OK  2016-05-05 12:10:40  Sync with MasterBanker: OK
rtbDataLogger: 
    data_logger          OK  2016-05-05 12:10:39  Alive
rtbPostAuctionService: 
    PostAuctionLoop      ERR 2016-05-05 12:10:39  WinLoss pipe: ERROR, CampaignEvent pipe: ERROR, Banker: OK
rtbRequestRouter: 
    router               OK  2016-05-05 12:10:40  Connection to PAL: OK, Banker: OK


rtbAgentConfiguration: 
    agentConfigurationService OK  2016-05-05 12:10:49  Alive
rtbBanker: 
    PostAuctionLoop.slaveBanker OK  2016-05-05 12:10:49  Sync with MasterBanker: OK
    router.slaveBanker   OK  2016-05-05 12:10:50  Sync with MasterBanker: OK
rtbDataLogger: 
    data_logger          OK  2016-05-05 12:10:49  Alive
rtbPostAuctionService: 
    PostAuctionLoop      ERR 2016-05-05 12:10:49  WinLoss pipe: ERROR, CampaignEvent pipe: ERROR, Banker: OK
rtbRequestRouter: 
    router               OK  2016-05-05 12:10:50  Connection to PAL: OK, Banker: OK


rtbAgentConfiguration: 
    agentConfigurationService OK  2016-05-05 12:10:59  Alive
rtbBanker: 
    PostAuctionLoop.slaveBanker OK  2016-05-05 12:10:59  Sync with MasterBanker: OK
    router.slaveBanker   OK  2016-05-05 12:11:00  Sync with MasterBanker: OK
rtbDataLogger: 
    data_logger          OK  2016-05-05 12:10:59  Alive
rtbPostAuctionService: 
    PostAuctionLoop      ERR 2016-05-05 12:10:59  WinLoss pipe: ERROR, CampaignEvent pipe: ERROR, Banker: OK
rtbRequestRouter: 
    router               OK  2016-05-05 12:11:00  Connection to PAL: OK, Banker: OK


rtbAgentConfiguration: 
    agentConfigurationService OK  2016-05-05 12:11:09  Alive
rtbBanker: 
    PostAuctionLoop.slaveBanker OK  2016-05-05 12:11:09  Sync with MasterBanker: OK
    router.slaveBanker   OK  2016-05-05 12:11:10  Sync with MasterBanker: OK
rtbDataLogger: 
    data_logger          OK  2016-05-05 12:11:09  Alive
rtbPostAuctionService: 
    PostAuctionLoop      ERR 2016-05-05 12:11:09  WinLoss pipe: ERROR, CampaignEvent pipe: ERROR, Banker: OK
rtbRequestRouter: 
    router               OK  2016-05-05 12:11:10  Connection to PAL: OK, Banker: OK


rtbAgentConfiguration: 
    agentConfigurationService OK  2016-05-05 12:11:19  Alive
rtbBanker: 
    PostAuctionLoop.slaveBanker OK  2016-05-05 12:11:19  Sync with MasterBanker: OK
    router.slaveBanker   OK  2016-05-05 12:11:20  Sync with MasterBanker: OK
rtbDataLogger: 
    data_logger          OK  2016-05-05 12:11:19  Alive
rtbPostAuctionService: 
    PostAuctionLoop      ERR 2016-05-05 12:11:19  WinLoss pipe: ERROR, CampaignEvent pipe: ERROR, Banker: OK
rtbRequestRouter: 
    router               OK  2016-05-05 12:11:20  Connection to PAL: OK, Banker: OK


rtbAgentConfiguration: 
    agentConfigurationService OK  2016-05-05 12:11:29  Alive
rtbBanker: 
    PostAuctionLoop.slaveBanker OK  2016-05-05 12:11:29  Sync with MasterBanker: OK
    router.slaveBanker   OK  2016-05-05 12:11:30  Sync with MasterBanker: OK
rtbDataLogger: 
    data_logger          OK  2016-05-05 12:11:29  Alive
rtbPostAuctionService: 
    PostAuctionLoop      ERR 2016-05-05 12:11:29  WinLoss pipe: ERROR, CampaignEvent pipe: ERROR, Banker: OK
rtbRequestRouter: 
    router               OK  2016-05-05 12:11:30  Connection to PAL: OK, Banker: OK


rtbAgentConfiguration: 
    agentConfigurationService OK  2016-05-05 12:11:39  Alive
rtbBanker: 
    PostAuctionLoop.slaveBanker OK  2016-05-05 12:11:39  Sync with MasterBanker: OK
    router.slaveBanker   OK  2016-05-05 12:11:40  Sync with MasterBanker: OK
rtbDataLogger: 
    data_logger          OK  2016-05-05 12:11:39  Alive
rtbPostAuctionService: 
    PostAuctionLoop      ERR 2016-05-05 12:11:39  WinLoss pipe: ERROR, CampaignEvent pipe: ERROR, Banker: OK
rtbRequestRouter: 
    router               OK  2016-05-05 12:11:40  Connection to PAL: OK, Banker: OK


rtbAgentConfiguration: 
    agentConfigurationService OK  2016-05-05 12:11:49  Alive
rtbBanker: 
    PostAuctionLoop.slaveBanker OK  2016-05-05 12:11:49  Sync with MasterBanker: OK
    router.slaveBanker   OK  2016-05-05 12:11:50  Sync with MasterBanker: OK
rtbDataLogger: 
    data_logger          OK  2016-05-05 12:11:49  Alive
rtbPostAuctionService: 
    PostAuctionLoop      ERR 2016-05-05 12:11:49  WinLoss pipe: ERROR, CampaignEvent pipe: ERROR, Banker: OK
rtbRequestRouter: 
    router               OK  2016-05-05 12:11:50  Connection to PAL: OK, Banker: OK


rtbAgentConfiguration: 
    agentConfigurationService OK  2016-05-05 12:11:59  Alive
rtbBanker: 
    PostAuctionLoop.slaveBanker OK  2016-05-05 12:11:59  Sync with MasterBanker: OK
    router.slaveBanker   OK  2016-05-05 12:12:00  Sync with MasterBanker: OK
rtbDataLogger: 
    data_logger          OK  2016-05-05 12:11:59  Alive
rtbPostAuctionService: 
    PostAuctionLoop      ERR 2016-05-05 12:11:59  WinLoss pipe: ERROR, CampaignEvent pipe: ERROR, Banker: OK
rtbRequestRouter: 
    router               OK  2016-05-05 12:12:00  Connection to PAL: OK, Banker: OK


rtbAgentConfiguration: 
    agentConfigurationService OK  2016-05-05 12:12:09  Alive
rtbBanker: 
    PostAuctionLoop.slaveBanker OK  2016-05-05 12:12:09  Sync with MasterBanker: OK
    router.slaveBanker   OK  2016-05-05 12:12:10  Sync with MasterBanker: OK
rtbDataLogger: 
    data_logger          OK  2016-05-05 12:12:09  Alive
rtbPostAuctionService: 
    PostAuctionLoop      ERR 2016-05-05 12:12:09  WinLoss pipe: ERROR, CampaignEvent pipe: ERROR, Banker: OK
rtbRequestRouter: 
    router               OK  2016-05-05 12:12:10  Connection to PAL: OK, Banker: OK


rtbAgentConfiguration: 
    agentConfigurationService OK  2016-05-05 12:12:19  Alive
rtbBanker: 
    PostAuctionLoop.slaveBanker OK  2016-05-05 12:12:19  Sync with MasterBanker: OK
    router.slaveBanker   OK  2016-05-05 12:12:20  Sync with MasterBanker: OK
rtbDataLogger: 
    data_logger          OK  2016-05-05 12:12:19  Alive
rtbPostAuctionService: 
    PostAuctionLoop      ERR 2016-05-05 12:12:19  WinLoss pipe: ERROR, CampaignEvent pipe: ERROR, Banker: OK
rtbRequestRouter: 
    router               OK  2016-05-05 12:12:20  Connection to PAL: OK, Banker: OK


rtbAgentConfiguration: 
    agentConfigurationService OK  2016-05-05 12:12:29  Alive
rtbBanker: 
    PostAuctionLoop.slaveBanker OK  2016-05-05 12:12:29  Sync with MasterBanker: OK
    router.slaveBanker   OK  2016-05-05 12:12:30  Sync with MasterBanker: OK
rtbDataLogger: 
    data_logger          OK  2016-05-05 12:12:29  Alive
rtbPostAuctionService: 
    PostAuctionLoop      ERR 2016-05-05 12:12:29  WinLoss pipe: ERROR, CampaignEvent pipe: ERROR, Banker: OK
rtbRequestRouter: 
    router               OK  2016-05-05 12:12:30  Connection to PAL: OK, Banker: OK


rtbAgentConfiguration: 
    agentConfigurationService OK  2016-05-05 12:12:39  Alive
rtbBanker: 
    PostAuctionLoop.slaveBanker OK  2016-05-05 12:12:39  Sync with MasterBanker: OK
    router.slaveBanker   OK  2016-05-05 12:12:40  Sync with MasterBanker: OK
rtbDataLogger: 
    data_logger          OK  2016-05-05 12:12:39  Alive
rtbPostAuctionService: 
    PostAuctionLoop      ERR 2016-05-05 12:12:39  WinLoss pipe: ERROR, CampaignEvent pipe: ERROR, Banker: OK
rtbRequestRouter: 
    router               OK  2016-05-05 12:12:40  Connection to PAL: OK, Banker: OK


rtbAgentConfiguration: 
    agentConfigurationService OK  2016-05-05 12:12:49  Alive
rtbBanker: 
    PostAuctionLoop.slaveBanker OK  2016-05-05 12:12:49  Sync with MasterBanker: OK
    router.slaveBanker   OK  2016-05-05 12:12:50  Sync with MasterBanker: OK
rtbDataLogger: 
    data_logger          OK  2016-05-05 12:12:49  Alive
rtbPostAuctionService: 
    PostAuctionLoop      ERR 2016-05-05 12:12:49  WinLoss pipe: ERROR, CampaignEvent pipe: ERROR, Banker: OK
rtbRequestRouter: 
    router               OK  2016-05-05 12:12:50  Connection to PAL: OK, Banker: OK


rtbAgentConfiguration: 
    agentConfigurationService OK  2016-05-05 12:12:59  Alive
rtbBanker: 
    PostAuctionLoop.slaveBanker OK  2016-05-05 12:12:59  Sync with MasterBanker: OK
    router.slaveBanker   OK  2016-05-05 12:13:00  Sync with MasterBanker: OK
rtbDataLogger: 
    data_logger          OK  2016-05-05 12:12:59  Alive
rtbPostAuctionService: 
    PostAuctionLoop      ERR 2016-05-05 12:12:59  WinLoss pipe: ERROR, CampaignEvent pipe: ERROR, Banker: OK
rtbRequestRouter: 
    router               OK  2016-05-05 12:13:00  Connection to PAL: OK, Banker: OK


rtbAgentConfiguration: 
    agentConfigurationService OK  2016-05-05 12:13:09  Alive
rtbBanker: 
    PostAuctionLoop.slaveBanker OK  2016-05-05 12:13:09  Sync with MasterBanker: OK
    router.slaveBanker   OK  2016-05-05 12:13:10  Sync with MasterBanker: OK
rtbDataLogger: 
    data_logger          OK  2016-05-05 12:13:09  Alive
rtbPostAuctionService: 
    PostAuctionLoop      ERR 2016-05-05 12:13:09  WinLoss pipe: ERROR, CampaignEvent pipe: ERROR, Banker: OK
rtbRequestRouter: 
    router               OK  2016-05-05 12:13:10  Connection to PAL: OK, Banker: OK


rtbAgentConfiguration: 
    agentConfigurationService OK  2016-05-05 12:13:19  Alive
rtbBanker: 
    PostAuctionLoop.slaveBanker OK  2016-05-05 12:13:19  Sync with MasterBanker: OK
    router.slaveBanker   OK  2016-05-05 12:13:20  Sync with MasterBanker: OK
rtbDataLogger: 
    data_logger          OK  2016-05-05 12:13:19  Alive
rtbPostAuctionService: 
    PostAuctionLoop      ERR 2016-05-05 12:13:19  WinLoss pipe: ERROR, CampaignEvent pipe: ERROR, Banker: OK
rtbRequestRouter: 
    router               OK  2016-05-05 12:13:20  Connection to PAL: OK, Banker: OK


rtbAgentConfiguration: 
    agentConfigurationService OK  2016-05-05 12:13:29  Alive
rtbBanker: 
    PostAuctionLoop.slaveBanker OK  2016-05-05 12:13:29  Sync with MasterBanker: OK
    router.slaveBanker   OK  2016-05-05 12:13:30  Sync with MasterBanker: OK
rtbDataLogger: 
    data_logger          OK  2016-05-05 12:13:29  Alive
rtbPostAuctionService: 
    PostAuctionLoop      ERR 2016-05-05 12:13:29  WinLoss pipe: ERROR, CampaignEvent pipe: ERROR, Banker: OK
rtbRequestRouter: 
    router               OK  2016-05-05 12:13:30  Connection to PAL: OK, Banker: OK


rtbAgentConfiguration: 
    agentConfigurationService OK  2016-05-05 12:13:39  Alive
rtbBanker: 
    PostAuctionLoop.slaveBanker OK  2016-05-05 12:13:39  Sync with MasterBanker: OK
    router.slaveBanker   OK  2016-05-05 12:13:40  Sync with MasterBanker: OK
rtbDataLogger: 
    data_logger          OK  2016-05-05 12:13:39  Alive
rtbPostAuctionService: 
    PostAuctionLoop      ERR 2016-05-05 12:13:39  WinLoss pipe: ERROR, CampaignEvent pipe: ERROR, Banker: OK
rtbRequestRouter: 
    router               OK  2016-05-05 12:13:40  Connection to PAL: OK, Banker: OK


rtbAgentConfiguration: 
    agentConfigurationService OK  2016-05-05 12:13:49  Alive
rtbBanker: 
    PostAuctionLoop.slaveBanker OK  2016-05-05 12:13:49  Sync with MasterBanker: OK
    router.slaveBanker   OK  2016-05-05 12:13:50  Sync with MasterBanker: OK
rtbDataLogger: 
    data_logger          OK  2016-05-05 12:13:49  Alive
rtbPostAuctionService: 
    PostAuctionLoop      ERR 2016-05-05 12:13:49  WinLoss pipe: ERROR, CampaignEvent pipe: ERROR, Banker: OK
rtbRequestRouter: 
    router               OK  2016-05-05 12:13:50  Connection to PAL: OK, Banker: OK


rtbAgentConfiguration: 
    agentConfigurationService OK  2016-05-05 12:13:59  Alive
rtbBanker: 
    PostAuctionLoop.slaveBanker OK  2016-05-05 12:13:59  Sync with MasterBanker: OK
    router.slaveBanker   OK  2016-05-05 12:14:00  Sync with MasterBanker: OK
rtbDataLogger: 
    data_logger          OK  2016-05-05 12:13:59  Alive
rtbPostAuctionService: 
    PostAuctionLoop      ERR 2016-05-05 12:13:59  WinLoss pipe: ERROR, CampaignEvent pipe: ERROR, Banker: OK
rtbRequestRouter: 
    router               OK  2016-05-05 12:14:00  Connection to PAL: OK, Banker: OK


rtbAgentConfiguration: 
    agentConfigurationService OK  2016-05-05 12:14:09  Alive
rtbBanker: 
    PostAuctionLoop.slaveBanker OK  2016-05-05 12:14:09  Sync with MasterBanker: OK
    router.slaveBanker   OK  2016-05-05 12:14:10  Sync with MasterBanker: OK
rtbDataLogger: 
    data_logger          OK  2016-05-05 12:14:09  Alive
rtbPostAuctionService: 
    PostAuctionLoop      ERR 2016-05-05 12:14:09  WinLoss pipe: ERROR, CampaignEvent pipe: ERROR, Banker: OK
rtbRequestRouter: 
    router               OK  2016-05-05 12:14:10  Connection to PAL: OK, Banker: OK


rtbAgentConfiguration: 
    agentConfigurationService OK  2016-05-05 12:14:19  Alive
rtbBanker: 
    PostAuctionLoop.slaveBanker OK  2016-05-05 12:14:19  Sync with MasterBanker: OK
    router.slaveBanker   OK  2016-05-05 12:14:20  Sync with MasterBanker: OK
rtbDataLogger: 
    data_logger          OK  2016-05-05 12:14:19  Alive
rtbPostAuctionService: 
    PostAuctionLoop      ERR 2016-05-05 12:14:19  WinLoss pipe: ERROR, CampaignEvent pipe: ERROR, Banker: OK
rtbRequestRouter: 
    router               OK  2016-05-05 12:14:20  Connection to PAL: OK, Banker: OK


rtbAgentConfiguration: 
    agentConfigurationService OK  2016-05-05 12:14:29  Alive
rtbBanker: 
    PostAuctionLoop.slaveBanker OK  2016-05-05 12:14:29  Sync with MasterBanker: OK
    router.slaveBanker   OK  2016-05-05 12:14:30  Sync with MasterBanker: OK
rtbDataLogger: 
    data_logger          OK  2016-05-05 12:14:29  Alive
rtbPostAuctionService: 
    PostAuctionLoop      ERR 2016-05-05 12:14:29  WinLoss pipe: ERROR, CampaignEvent pipe: ERROR, Banker: OK
rtbRequestRouter: 
    router               OK  2016-05-05 12:14:30  Connection to PAL: OK, Banker: OK


rtbAgentConfiguration: 
    agentConfigurationService OK  2016-05-05 12:14:39  Alive
rtbBanker: 
    PostAuctionLoop.slaveBanker OK  2016-05-05 12:14:39  Sync with MasterBanker: OK
    router.slaveBanker   OK  2016-05-05 12:14:40  Sync with MasterBanker: OK
rtbDataLogger: 
    data_logger          OK  2016-05-05 12:14:39  Alive
rtbPostAuctionService: 
    PostAuctionLoop      ERR 2016-05-05 12:14:39  WinLoss pipe: ERROR, CampaignEvent pipe: ERROR, Banker: OK
rtbRequestRouter: 
    router               OK  2016-05-05 12:14:40  Connection to PAL: OK, Banker: OK
