FD limit too low: 32768/32768 smaller than recommended 65535
FD limit raised to: 32768
connecting to Carbon at 127.0.0.1:2003 (localhost)
2016-07-22 11:23:28,660:1265(0x7fe18e007700):ZOO_ERROR@handle_socket_error_msg@1697: Socket [127.0.0.1:2181] zk retcode=-4, errno=111(Connection refused): server refused to accept the client
2016-07-22 11:23:28,994:1265(0x7fe18e007700):ZOO_ERROR@handle_socket_error_msg@1697: Socket [127.0.0.1:2181] zk retcode=-4, errno=111(Connection refused): server refused to accept the client
2016-07-22 11:23:29,344:1265(0x7fe18e007700):ZOO_ERROR@handle_socket_error_msg@1721: Socket [127.0.0.1:2181] zk retcode=-4, errno=112(Host is down): failed while receiving a server response
bound tcp for http port 9987
monitor is listening on tcp://*:24000,http://0.0.0.0:9987
serviceClass/adServer/adserver --> {"serviceLocation":"mt1","serviceName":"adserver","servicePath":"adserver"}
serviceClass/rtbAgentConfiguration/agentConfigurationService --> {"serviceLocation":"mt1","serviceName":"agentConfigurationService","servicePath":"agentConfigurationService"}
serviceClass/rtbBanker/masterBanker --> {"serviceLocation":"mt1","serviceName":"masterBanker","servicePath":"masterBanker"}
serviceClass/monitor/monitor --> {"serviceLocation":"mt1","serviceName":"monitor","servicePath":"monitor"}
serviceClass/rtbRouterAugmentation/router.augmentationLoop --> {"serviceLocation":"mt1","serviceName":"router.augmentationLoop","servicePath":"router.augmentationLoop"}
serviceClass/rtbRequestRouter/router --> {"serviceLocation":"mt1","serviceName":"router","servicePath":"router"}
serviceClass/rtbPostAuctionService/PostAuctionLoop --> {"serviceLocation":"mt1","serviceName":"PostAuctionLoop","servicePath":"PostAuctionLoop","shardIndex":0}
monitor/http/tcp --> [{"httpUri":"http://127.0.0.1:9987","transports":[{"addr":"127.0.0.1","hostScope":"ip-172-31-19-171.eu-west-1.compute.internal","name":"tcp","port":9987},{"name":"http","uri":"http://127.0.0.1:9987"}]},{"httpUri":"http://172.31.19.171:9987","transports":[{"addr":"172.31.19.171","hostScope":"*","name":"tcp","port":9987},{"name":"http","uri":"http://172.31.19.171:9987"}]}]
monitor/zeromq/tcp --> [{"transports":[{"addr":"127.0.0.1","hostScope":"ip-172-31-19-171.eu-west-1.compute.internal","name":"tcp","port":24000},{"name":"zeromq","socketType":6,"uri":"tcp://127.0.0.1:24000"}],"zmqConnectUri":"tcp://127.0.0.1:24000"},{"transports":[{"addr":"172.31.19.171","hostScope":"*","name":"tcp","port":24000},{"name":"zeromq","socketType":6,"uri":"tcp://ip-172-31-19-171.eu-west-1.compute.internal:24000"}],"zmqConnectUri":"tcp://ip-172-31-19-171.eu-west-1.compute.internal:24000"}]
masterBanker/http/tcp --> [{"httpUri":"http://127.0.0.1:9985","transports":[{"addr":"127.0.0.1","hostScope":"ip-172-31-19-171.eu-west-1.compute.internal","name":"tcp","port":9985},{"name":"http","uri":"http://127.0.0.1:9985"}]},{"httpUri":"http://172.31.19.171:9985","transports":[{"addr":"172.31.19.171","hostScope":"*","name":"tcp","port":9985},{"name":"http","uri":"http://172.31.19.171:9985"}]}]
masterBanker/zeromq/tcp --> [{"transports":[{"addr":"127.0.0.1","hostScope":"ip-172-31-19-171.eu-west-1.compute.internal","name":"tcp","port":22000},{"name":"zeromq","socketType":6,"uri":"tcp://127.0.0.1:22000"}],"zmqConnectUri":"tcp://127.0.0.1:22000"},{"transports":[{"addr":"172.31.19.171","hostScope":"*","name":"tcp","port":22000},{"name":"zeromq","socketType":6,"uri":"tcp://ip-172-31-19-171.eu-west-1.compute.internal:22000"}],"zmqConnectUri":"tcp://ip-172-31-19-171.eu-west-1.compute.internal:22000"}]
adserver/logger/tcp --> [{"transports":[{"addr":"127.0.0.1","hostScope":"ip-172-31-19-171.eu-west-1.compute.internal","name":"tcp","port":25000},{"name":"zeromq","socketType":9,"uri":"tcp://127.0.0.1:25000"}],"zmqConnectUri":"tcp://127.0.0.1:25000"},{"transports":[{"addr":"172.31.19.171","hostScope":"*","name":"tcp","port":25000},{"name":"zeromq","socketType":9,"uri":"tcp://ip-172-31-19-171.eu-west-1.compute.internal:25000"}],"zmqConnectUri":"tcp://ip-172-31-19-171.eu-west-1.compute.internal:25000"}]
2016-07-22 11:23:29.856 [1;32mMessage Loop Warning [1;34mmessage loop in polling mode will cause 2000 context switches per second due to polling on sources ZmqNamedEndpoint::socket[0m


rtbAgentConfiguration: 
    agentConfigurationService OK  2016-07-22 11:23:38  Alive
rtbBanker: 
    PostAuctionLoop.slaveBanker OK  2016-07-22 11:23:38  Sync with MasterBanker: OK
    router.slaveBanker   OK  2016-07-22 11:23:38  Sync with MasterBanker: OK
rtbDataLogger: 
    data_logger          OK  2016-07-22 11:23:39  Alive
rtbPostAuctionService: 
    PostAuctionLoop      ERR 2016-07-22 11:23:38  WinLoss pipe: ERROR, CampaignEvent pipe: ERROR, Banker: OK
rtbRequestRouter: 
    router               OK  2016-07-22 11:23:38  Connection to PAL: OK, Banker: OK


rtbAgentConfiguration: 
    agentConfigurationService OK  2016-07-22 11:23:48  Alive
rtbBanker: 
    PostAuctionLoop.slaveBanker OK  2016-07-22 11:23:48  Sync with MasterBanker: OK
    router.slaveBanker   OK  2016-07-22 11:23:48  Sync with MasterBanker: OK
rtbDataLogger: 
    data_logger          OK  2016-07-22 11:23:49  Alive
rtbPostAuctionService: 
    PostAuctionLoop      ERR 2016-07-22 11:23:48  WinLoss pipe: ERROR, CampaignEvent pipe: ERROR, Banker: OK
rtbRequestRouter: 
    router               OK  2016-07-22 11:23:48  Connection to PAL: OK, Banker: OK


rtbAgentConfiguration: 
    agentConfigurationService OK  2016-07-22 11:23:58  Alive
rtbBanker: 
    PostAuctionLoop.slaveBanker OK  2016-07-22 11:23:58  Sync with MasterBanker: OK
    router.slaveBanker   OK  2016-07-22 11:23:58  Sync with MasterBanker: OK
rtbDataLogger: 
    data_logger          OK  2016-07-22 11:23:59  Alive
rtbPostAuctionService: 
    PostAuctionLoop      ERR 2016-07-22 11:23:58  WinLoss pipe: ERROR, CampaignEvent pipe: ERROR, Banker: OK
rtbRequestRouter: 
    router               OK  2016-07-22 11:23:58  Connection to PAL: OK, Banker: OK


rtbAgentConfiguration: 
    agentConfigurationService OK  2016-07-22 11:24:08  Alive
rtbBanker: 
    PostAuctionLoop.slaveBanker OK  2016-07-22 11:24:08  Sync with MasterBanker: OK
    router.slaveBanker   OK  2016-07-22 11:24:08  Sync with MasterBanker: OK
rtbDataLogger: 
    data_logger          OK  2016-07-22 11:24:09  Alive
rtbPostAuctionService: 
    PostAuctionLoop      ERR 2016-07-22 11:24:08  WinLoss pipe: ERROR, CampaignEvent pipe: ERROR, Banker: OK
rtbRequestRouter: 
    router               OK  2016-07-22 11:24:08  Connection to PAL: OK, Banker: OK


rtbAgentConfiguration: 
    agentConfigurationService OK  2016-07-22 11:24:18  Alive
rtbBanker: 
    PostAuctionLoop.slaveBanker OK  2016-07-22 11:24:18  Sync with MasterBanker: OK
    router.slaveBanker   OK  2016-07-22 11:24:18  Sync with MasterBanker: OK
rtbDataLogger: 
    data_logger          OK  2016-07-22 11:24:19  Alive
rtbPostAuctionService: 
    PostAuctionLoop      ERR 2016-07-22 11:24:18  WinLoss pipe: ERROR, CampaignEvent pipe: ERROR, Banker: OK
rtbRequestRouter: 
    router               OK  2016-07-22 11:24:18  Connection to PAL: OK, Banker: OK


rtbAgentConfiguration: 
    agentConfigurationService OK  2016-07-22 11:24:28  Alive
rtbBanker: 
    PostAuctionLoop.slaveBanker OK  2016-07-22 11:24:28  Sync with MasterBanker: OK
    router.slaveBanker   OK  2016-07-22 11:24:28  Sync with MasterBanker: OK
rtbDataLogger: 
    data_logger          OK  2016-07-22 11:24:29  Alive
rtbPostAuctionService: 
    PostAuctionLoop      ERR 2016-07-22 11:24:28  WinLoss pipe: ERROR, CampaignEvent pipe: ERROR, Banker: OK
rtbRequestRouter: 
    router               OK  2016-07-22 11:24:28  Connection to PAL: OK, Banker: OK


rtbAgentConfiguration: 
    agentConfigurationService OK  2016-07-22 11:24:38  Alive
rtbBanker: 
    PostAuctionLoop.slaveBanker OK  2016-07-22 11:24:38  Sync with MasterBanker: OK
    router.slaveBanker   OK  2016-07-22 11:24:38  Sync with MasterBanker: OK
rtbDataLogger: 
    data_logger          OK  2016-07-22 11:24:39  Alive
rtbPostAuctionService: 
    PostAuctionLoop      ERR 2016-07-22 11:24:38  WinLoss pipe: ERROR, CampaignEvent pipe: ERROR, Banker: OK
rtbRequestRouter: 
    router               OK  2016-07-22 11:24:38  Connection to PAL: OK, Banker: OK


rtbAgentConfiguration: 
    agentConfigurationService OK  2016-07-22 11:24:48  Alive
rtbBanker: 
    PostAuctionLoop.slaveBanker OK  2016-07-22 11:24:48  Sync with MasterBanker: OK
    router.slaveBanker   OK  2016-07-22 11:24:48  Sync with MasterBanker: OK
rtbDataLogger: 
    data_logger          OK  2016-07-22 11:24:49  Alive
rtbPostAuctionService: 
    PostAuctionLoop      ERR 2016-07-22 11:24:48  WinLoss pipe: ERROR, CampaignEvent pipe: ERROR, Banker: OK
rtbRequestRouter: 
    router               OK  2016-07-22 11:24:48  Connection to PAL: OK, Banker: OK


rtbAgentConfiguration: 
    agentConfigurationService OK  2016-07-22 11:24:58  Alive
rtbBanker: 
    PostAuctionLoop.slaveBanker OK  2016-07-22 11:24:58  Sync with MasterBanker: OK
    router.slaveBanker   OK  2016-07-22 11:24:58  Sync with MasterBanker: OK
rtbDataLogger: 
    data_logger          OK  2016-07-22 11:24:59  Alive
rtbPostAuctionService: 
    PostAuctionLoop      ERR 2016-07-22 11:24:58  WinLoss pipe: ERROR, CampaignEvent pipe: ERROR, Banker: OK
rtbRequestRouter: 
    router               OK  2016-07-22 11:24:58  Connection to PAL: OK, Banker: OK


rtbAgentConfiguration: 
    agentConfigurationService OK  2016-07-22 11:25:08  Alive
rtbBanker: 
    PostAuctionLoop.slaveBanker OK  2016-07-22 11:25:08  Sync with MasterBanker: OK
    router.slaveBanker   OK  2016-07-22 11:25:08  Sync with MasterBanker: OK
rtbDataLogger: 
    data_logger          OK  2016-07-22 11:25:08  Alive
rtbPostAuctionService: 
    PostAuctionLoop      ERR 2016-07-22 11:25:08  WinLoss pipe: ERROR, CampaignEvent pipe: ERROR, Banker: OK
rtbRequestRouter: 
    router               OK  2016-07-22 11:25:08  Connection to PAL: OK, Banker: OK


rtbAgentConfiguration: 
    agentConfigurationService OK  2016-07-22 11:25:18  Alive
rtbBanker: 
    PostAuctionLoop.slaveBanker OK  2016-07-22 11:25:18  Sync with MasterBanker: OK
    router.slaveBanker   OK  2016-07-22 11:25:18  Sync with MasterBanker: OK
rtbDataLogger: 
    data_logger          OK  2016-07-22 11:25:19  Alive
rtbPostAuctionService: 
    PostAuctionLoop      ERR 2016-07-22 11:25:18  WinLoss pipe: ERROR, CampaignEvent pipe: ERROR, Banker: OK
rtbRequestRouter: 
    router               OK  2016-07-22 11:25:18  Connection to PAL: OK, Banker: OK


rtbAgentConfiguration: 
    agentConfigurationService OK  2016-07-22 11:25:28  Alive
rtbBanker: 
    PostAuctionLoop.slaveBanker OK  2016-07-22 11:25:28  Sync with MasterBanker: OK
    router.slaveBanker   OK  2016-07-22 11:25:28  Sync with MasterBanker: OK
rtbDataLogger: 
    data_logger          OK  2016-07-22 11:25:29  Alive
rtbPostAuctionService: 
    PostAuctionLoop      ERR 2016-07-22 11:25:28  WinLoss pipe: ERROR, CampaignEvent pipe: ERROR, Banker: OK
rtbRequestRouter: 
    router               OK  2016-07-22 11:25:28  Connection to PAL: OK, Banker: OK


rtbAgentConfiguration: 
    agentConfigurationService OK  2016-07-22 11:25:38  Alive
rtbBanker: 
    PostAuctionLoop.slaveBanker OK  2016-07-22 11:25:38  Sync with MasterBanker: OK
    router.slaveBanker   OK  2016-07-22 11:25:38  Sync with MasterBanker: OK
rtbDataLogger: 
    data_logger          OK  2016-07-22 11:25:38  Alive
rtbPostAuctionService: 
    PostAuctionLoop      ERR 2016-07-22 11:25:38  WinLoss pipe: ERROR, CampaignEvent pipe: ERROR, Banker: OK
rtbRequestRouter: 
    router               OK  2016-07-22 11:25:38  Connection to PAL: OK, Banker: OK


rtbAgentConfiguration: 
    agentConfigurationService OK  2016-07-22 11:25:48  Alive
rtbBanker: 
    PostAuctionLoop.slaveBanker OK  2016-07-22 11:25:48  Sync with MasterBanker: OK
    router.slaveBanker   OK  2016-07-22 11:25:48  Sync with MasterBanker: OK
rtbDataLogger: 
    data_logger          OK  2016-07-22 11:25:49  Alive
rtbPostAuctionService: 
    PostAuctionLoop      ERR 2016-07-22 11:25:48  WinLoss pipe: ERROR, CampaignEvent pipe: ERROR, Banker: OK
rtbRequestRouter: 
    router               OK  2016-07-22 11:25:48  Connection to PAL: OK, Banker: OK


rtbAgentConfiguration: 
    agentConfigurationService OK  2016-07-22 11:25:58  Alive
rtbBanker: 
    PostAuctionLoop.slaveBanker OK  2016-07-22 11:25:58  Sync with MasterBanker: OK
    router.slaveBanker   OK  2016-07-22 11:25:58  Sync with MasterBanker: OK
rtbDataLogger: 
    data_logger          OK  2016-07-22 11:25:59  Alive
rtbPostAuctionService: 
    PostAuctionLoop      ERR 2016-07-22 11:25:58  WinLoss pipe: ERROR, CampaignEvent pipe: ERROR, Banker: OK
rtbRequestRouter: 
    router               OK  2016-07-22 11:25:58  Connection to PAL: OK, Banker: OK
