FD limit too low: 1024/4096 smaller than recommended 65535
FD limit raised to: 4096
bound tcp for http port 9987
monitor is listening on tcp://*:24000,http://0.0.0.0:9987
serviceClass/rtbAgentConfiguration/agentConfigurationService --> {"serviceLocation":"mtl","serviceName":"agentConfigurationService","servicePath":"agentConfigurationService"}
serviceClass/rtbBanker/masterBanker --> {"serviceLocation":"mtl","serviceName":"masterBanker","servicePath":"masterBanker"}
serviceClass/rtbPostAuctionService/PostAuctionLoop --> {"serviceLocation":"mtl","serviceName":"PostAuctionLoop","servicePath":"PostAuctionLoop","shardIndex":0}
serviceClass/monitor/monitor --> {"serviceLocation":"mtl","serviceName":"monitor","servicePath":"monitor"}
serviceClass/rtbRequestRouter/router --> {"serviceLocation":"mtl","serviceName":"router","servicePath":"router"}
serviceClass/rtbRouterAugmentation/router.augmentationLoop --> {"serviceLocation":"mtl","serviceName":"router.augmentationLoop","servicePath":"router.augmentationLoop"}
serviceClass/adServer/adserver --> {"serviceLocation":"mtl","serviceName":"adserver","servicePath":"adserver"}
adserver/logger/tcp --> [{"transports":[{"addr":"127.0.0.1","hostScope":"fil-104","name":"tcp","port":25000},{"name":"zeromq","socketType":9,"uri":"tcp://127.0.0.1:25000"}],"zmqConnectUri":"tcp://127.0.0.1:25000"},{"transports":[{"addr":"192.168.1.144","hostScope":"*","name":"tcp","port":25000},{"name":"zeromq","socketType":9,"uri":"tcp://fil-104:25000"}],"zmqConnectUri":"tcp://fil-104:25000"}]
masterBanker/zeromq/tcp --> [{"transports":[{"addr":"127.0.0.1","hostScope":"fil-104","name":"tcp","port":22000},{"name":"zeromq","socketType":6,"uri":"tcp://127.0.0.1:22000"}],"zmqConnectUri":"tcp://127.0.0.1:22000"},{"transports":[{"addr":"192.168.1.144","hostScope":"*","name":"tcp","port":22000},{"name":"zeromq","socketType":6,"uri":"tcp://fil-104:22000"}],"zmqConnectUri":"tcp://fil-104:22000"}]
masterBanker/http/tcp --> [{"httpUri":"http://127.0.0.1:9985","transports":[{"addr":"127.0.0.1","hostScope":"fil-104","name":"tcp","port":9985},{"name":"http","uri":"http://127.0.0.1:9985"}]},{"httpUri":"http://192.168.1.144:9985","transports":[{"addr":"192.168.1.144","hostScope":"*","name":"tcp","port":9985},{"name":"http","uri":"http://192.168.1.144:9985"}]}]
monitor/zeromq/tcp --> [{"transports":[{"addr":"127.0.0.1","hostScope":"fil-104","name":"tcp","port":24000},{"name":"zeromq","socketType":6,"uri":"tcp://127.0.0.1:24000"}],"zmqConnectUri":"tcp://127.0.0.1:24000"},{"transports":[{"addr":"192.168.1.144","hostScope":"*","name":"tcp","port":24000},{"name":"zeromq","socketType":6,"uri":"tcp://fil-104:24000"}],"zmqConnectUri":"tcp://fil-104:24000"}]
monitor/http/tcp --> [{"httpUri":"http://127.0.0.1:9987","transports":[{"addr":"127.0.0.1","hostScope":"fil-104","name":"tcp","port":9987},{"name":"http","uri":"http://127.0.0.1:9987"}]},{"httpUri":"http://192.168.1.144:9987","transports":[{"addr":"192.168.1.144","hostScope":"*","name":"tcp","port":9987},{"name":"http","uri":"http://192.168.1.144:9987"}]}]
2016-06-30 07:48:48.910 [1;32mMessage Loop Warning [1;34mmessage loop in polling mode will cause 2000 context switches per second due to polling on sources ZmqNamedEndpoint::socket[0m


rtbAgentConfiguration: 
    agentConfigurationService OK  2016-06-30 04:48:57  Alive
rtbBanker: 
    PostAuctionLoop.slaveBanker OK  2016-06-30 04:48:57  Sync with MasterBanker: OK
    router.slaveBanker   OK  2016-06-30 04:48:57  Sync with MasterBanker: OK
rtbDataLogger: 
    data_logger          OK  2016-06-30 04:48:58  Alive
rtbPostAuctionService: 
    PostAuctionLoop      ERR 2016-06-30 04:48:57  WinLoss pipe: ERROR, CampaignEvent pipe: ERROR, Banker: OK
rtbRequestRouter: 
    router               OK  2016-06-30 04:48:57  Connection to PAL: OK, Banker: OK


rtbAgentConfiguration: 
    agentConfigurationService OK  2016-06-30 04:49:07  Alive
rtbBanker: 
    PostAuctionLoop.slaveBanker OK  2016-06-30 04:49:07  Sync with MasterBanker: OK
    router.slaveBanker   OK  2016-06-30 04:49:07  Sync with MasterBanker: OK
rtbDataLogger: 
    data_logger          OK  2016-06-30 04:49:08  Alive
rtbPostAuctionService: 
    PostAuctionLoop      ERR 2016-06-30 04:49:07  WinLoss pipe: ERROR, CampaignEvent pipe: ERROR, Banker: OK
rtbRequestRouter: 
    router               OK  2016-06-30 04:49:07  Connection to PAL: OK, Banker: OK


rtbAgentConfiguration: 
    agentConfigurationService OK  2016-06-30 04:49:17  Alive
rtbBanker: 
    PostAuctionLoop.slaveBanker OK  2016-06-30 04:49:17  Sync with MasterBanker: OK
    router.slaveBanker   OK  2016-06-30 04:49:17  Sync with MasterBanker: OK
rtbDataLogger: 
    data_logger          OK  2016-06-30 04:49:18  Alive
rtbPostAuctionService: 
    PostAuctionLoop      ERR 2016-06-30 04:49:17  WinLoss pipe: ERROR, CampaignEvent pipe: ERROR, Banker: OK
rtbRequestRouter: 
    router               OK  2016-06-30 04:49:17  Connection to PAL: OK, Banker: OK


rtbAgentConfiguration: 
    agentConfigurationService OK  2016-06-30 04:49:27  Alive
rtbBanker: 
    PostAuctionLoop.slaveBanker OK  2016-06-30 04:49:27  Sync with MasterBanker: OK
    router.slaveBanker   OK  2016-06-30 04:49:27  Sync with MasterBanker: OK
rtbDataLogger: 
    data_logger          OK  2016-06-30 04:49:28  Alive
rtbPostAuctionService: 
    PostAuctionLoop      ERR 2016-06-30 04:49:27  WinLoss pipe: ERROR, CampaignEvent pipe: ERROR, Banker: OK
rtbRequestRouter: 
    router               OK  2016-06-30 04:49:27  Connection to PAL: OK, Banker: OK


rtbAgentConfiguration: 
    agentConfigurationService OK  2016-06-30 04:49:37  Alive
rtbBanker: 
    PostAuctionLoop.slaveBanker OK  2016-06-30 04:49:37  Sync with MasterBanker: OK
    router.slaveBanker   OK  2016-06-30 04:49:37  Sync with MasterBanker: OK
rtbDataLogger: 
    data_logger          OK  2016-06-30 04:49:38  Alive
rtbPostAuctionService: 
    PostAuctionLoop      ERR 2016-06-30 04:49:37  WinLoss pipe: ERROR, CampaignEvent pipe: ERROR, Banker: OK
rtbRequestRouter: 
    router               OK  2016-06-30 04:49:37  Connection to PAL: OK, Banker: OK


rtbAgentConfiguration: 
    agentConfigurationService OK  2016-06-30 04:49:47  Alive
rtbBanker: 
    PostAuctionLoop.slaveBanker OK  2016-06-30 04:49:47  Sync with MasterBanker: OK
    router.slaveBanker   OK  2016-06-30 04:49:47  Sync with MasterBanker: OK
rtbDataLogger: 
    data_logger          OK  2016-06-30 04:49:48  Alive
rtbPostAuctionService: 
    PostAuctionLoop      ERR 2016-06-30 04:49:47  WinLoss pipe: ERROR, CampaignEvent pipe: ERROR, Banker: OK
rtbRequestRouter: 
    router               OK  2016-06-30 04:49:47  Connection to PAL: OK, Banker: OK


rtbAgentConfiguration: 
    agentConfigurationService OK  2016-06-30 04:49:57  Alive
rtbBanker: 
    PostAuctionLoop.slaveBanker OK  2016-06-30 04:49:57  Sync with MasterBanker: OK
    router.slaveBanker   OK  2016-06-30 04:49:57  Sync with MasterBanker: OK
rtbDataLogger: 
    data_logger          OK  2016-06-30 04:49:58  Alive
rtbPostAuctionService: 
    PostAuctionLoop      ERR 2016-06-30 04:49:57  WinLoss pipe: ERROR, CampaignEvent pipe: ERROR, Banker: OK
rtbRequestRouter: 
    router               OK  2016-06-30 04:49:57  Connection to PAL: OK, Banker: OK


rtbAgentConfiguration: 
    agentConfigurationService OK  2016-06-30 04:50:07  Alive
rtbBanker: 
    PostAuctionLoop.slaveBanker OK  2016-06-30 04:50:07  Sync with MasterBanker: OK
    router.slaveBanker   OK  2016-06-30 04:50:07  Sync with MasterBanker: OK
rtbDataLogger: 
    data_logger          OK  2016-06-30 04:50:08  Alive
rtbPostAuctionService: 
    PostAuctionLoop      ERR 2016-06-30 04:50:07  WinLoss pipe: ERROR, CampaignEvent pipe: ERROR, Banker: OK
rtbRequestRouter: 
    router               OK  2016-06-30 04:50:07  Connection to PAL: OK, Banker: OK


rtbAgentConfiguration: 
    agentConfigurationService OK  2016-06-30 04:50:17  Alive
rtbBanker: 
    PostAuctionLoop.slaveBanker OK  2016-06-30 04:50:17  Sync with MasterBanker: OK
    router.slaveBanker   OK  2016-06-30 04:50:17  Sync with MasterBanker: OK
rtbDataLogger: 
    data_logger          OK  2016-06-30 04:50:18  Alive
rtbPostAuctionService: 
    PostAuctionLoop      ERR 2016-06-30 04:50:17  WinLoss pipe: ERROR, CampaignEvent pipe: ERROR, Banker: OK
rtbRequestRouter: 
    router               OK  2016-06-30 04:50:17  Connection to PAL: OK, Banker: OK


rtbAgentConfiguration: 
    agentConfigurationService OK  2016-06-30 04:50:27  Alive
rtbBanker: 
    PostAuctionLoop.slaveBanker OK  2016-06-30 04:50:27  Sync with MasterBanker: OK
    router.slaveBanker   OK  2016-06-30 04:50:27  Sync with MasterBanker: OK
rtbDataLogger: 
    data_logger          OK  2016-06-30 04:50:28  Alive
rtbPostAuctionService: 
    PostAuctionLoop      ERR 2016-06-30 04:50:27  WinLoss pipe: ERROR, CampaignEvent pipe: ERROR, Banker: OK
rtbRequestRouter: 
    router               OK  2016-06-30 04:50:27  Connection to PAL: OK, Banker: OK


rtbAgentConfiguration: 
    agentConfigurationService OK  2016-06-30 04:50:37  Alive
rtbBanker: 
    PostAuctionLoop.slaveBanker OK  2016-06-30 04:50:37  Sync with MasterBanker: OK
    router.slaveBanker   OK  2016-06-30 04:50:37  Sync with MasterBanker: OK
rtbDataLogger: 
    data_logger          OK  2016-06-30 04:50:38  Alive
rtbPostAuctionService: 
    PostAuctionLoop      ERR 2016-06-30 04:50:37  WinLoss pipe: ERROR, CampaignEvent pipe: ERROR, Banker: OK
rtbRequestRouter: 
    router               OK  2016-06-30 04:50:37  Connection to PAL: OK, Banker: OK


rtbAgentConfiguration: 
    agentConfigurationService OK  2016-06-30 04:50:47  Alive
rtbBanker: 
    PostAuctionLoop.slaveBanker OK  2016-06-30 04:50:47  Sync with MasterBanker: OK
    router.slaveBanker   OK  2016-06-30 04:50:47  Sync with MasterBanker: OK
rtbDataLogger: 
    data_logger          OK  2016-06-30 04:50:48  Alive
rtbPostAuctionService: 
    PostAuctionLoop      ERR 2016-06-30 04:50:47  WinLoss pipe: ERROR, CampaignEvent pipe: ERROR, Banker: OK
rtbRequestRouter: 
    router               OK  2016-06-30 04:50:47  Connection to PAL: OK, Banker: OK


rtbAgentConfiguration: 
    agentConfigurationService OK  2016-06-30 04:50:57  Alive
rtbBanker: 
    PostAuctionLoop.slaveBanker OK  2016-06-30 04:50:57  Sync with MasterBanker: OK
    router.slaveBanker   OK  2016-06-30 04:50:57  Sync with MasterBanker: OK
rtbDataLogger: 
    data_logger          OK  2016-06-30 04:50:58  Alive
rtbPostAuctionService: 
    PostAuctionLoop      ERR 2016-06-30 04:50:57  WinLoss pipe: ERROR, CampaignEvent pipe: ERROR, Banker: OK
rtbRequestRouter: 
    router               OK  2016-06-30 04:50:57  Connection to PAL: OK, Banker: OK


rtbAgentConfiguration: 
    agentConfigurationService OK  2016-06-30 04:51:07  Alive
rtbBanker: 
    PostAuctionLoop.slaveBanker OK  2016-06-30 04:51:07  Sync with MasterBanker: OK
    router.slaveBanker   OK  2016-06-30 04:51:07  Sync with MasterBanker: OK
rtbDataLogger: 
    data_logger          OK  2016-06-30 04:51:08  Alive
rtbPostAuctionService: 
    PostAuctionLoop      ERR 2016-06-30 04:51:07  WinLoss pipe: ERROR, CampaignEvent pipe: ERROR, Banker: OK
rtbRequestRouter: 
    router               OK  2016-06-30 04:51:07  Connection to PAL: OK, Banker: OK


rtbAgentConfiguration: 
    agentConfigurationService OK  2016-06-30 04:51:17  Alive
rtbBanker: 
    PostAuctionLoop.slaveBanker OK  2016-06-30 04:51:17  Sync with MasterBanker: OK
    router.slaveBanker   OK  2016-06-30 04:51:17  Sync with MasterBanker: OK
rtbDataLogger: 
    data_logger          OK  2016-06-30 04:51:18  Alive
rtbPostAuctionService: 
    PostAuctionLoop      ERR 2016-06-30 04:51:17  WinLoss pipe: ERROR, CampaignEvent pipe: ERROR, Banker: OK
rtbRequestRouter: 
    router               OK  2016-06-30 04:51:17  Connection to PAL: OK, Banker: OK


rtbAgentConfiguration: 
    agentConfigurationService OK  2016-06-30 04:51:27  Alive
rtbBanker: 
    PostAuctionLoop.slaveBanker OK  2016-06-30 04:51:27  Sync with MasterBanker: OK
    router.slaveBanker   OK  2016-06-30 04:51:27  Sync with MasterBanker: OK
rtbDataLogger: 
    data_logger          OK  2016-06-30 04:51:28  Alive
rtbPostAuctionService: 
    PostAuctionLoop      ERR 2016-06-30 04:51:27  WinLoss pipe: ERROR, CampaignEvent pipe: ERROR, Banker: OK
rtbRequestRouter: 
    router               OK  2016-06-30 04:51:27  Connection to PAL: OK, Banker: OK


rtbAgentConfiguration: 
    agentConfigurationService OK  2016-06-30 04:51:37  Alive
rtbBanker: 
    PostAuctionLoop.slaveBanker OK  2016-06-30 04:51:37  Sync with MasterBanker: OK
    router.slaveBanker   OK  2016-06-30 04:51:37  Sync with MasterBanker: OK
rtbDataLogger: 
    data_logger          OK  2016-06-30 04:51:38  Alive
rtbPostAuctionService: 
    PostAuctionLoop      ERR 2016-06-30 04:51:37  WinLoss pipe: ERROR, CampaignEvent pipe: ERROR, Banker: OK
rtbRequestRouter: 
    router               OK  2016-06-30 04:51:37  Connection to PAL: OK, Banker: OK


rtbAgentConfiguration: 
    agentConfigurationService OK  2016-06-30 04:51:47  Alive
rtbBanker: 
    PostAuctionLoop.slaveBanker OK  2016-06-30 04:51:47  Sync with MasterBanker: OK
    router.slaveBanker   OK  2016-06-30 04:51:47  Sync with MasterBanker: OK
rtbDataLogger: 
    data_logger          OK  2016-06-30 04:51:48  Alive
rtbPostAuctionService: 
    PostAuctionLoop      ERR 2016-06-30 04:51:47  WinLoss pipe: ERROR, CampaignEvent pipe: ERROR, Banker: OK
rtbRequestRouter: 
    router               OK  2016-06-30 04:51:47  Connection to PAL: OK, Banker: OK


rtbAgentConfiguration: 
    agentConfigurationService OK  2016-06-30 04:51:57  Alive
rtbBanker: 
    PostAuctionLoop.slaveBanker OK  2016-06-30 04:51:57  Sync with MasterBanker: OK
    router.slaveBanker   OK  2016-06-30 04:51:57  Sync with MasterBanker: OK
rtbDataLogger: 
    data_logger          OK  2016-06-30 04:51:58  Alive
rtbPostAuctionService: 
    PostAuctionLoop      ERR 2016-06-30 04:51:57  WinLoss pipe: ERROR, CampaignEvent pipe: ERROR, Banker: OK
rtbRequestRouter: 
    router               OK  2016-06-30 04:51:57  Connection to PAL: OK, Banker: OK


rtbAgentConfiguration: 
    agentConfigurationService OK  2016-06-30 04:52:07  Alive
rtbBanker: 
    PostAuctionLoop.slaveBanker OK  2016-06-30 04:52:07  Sync with MasterBanker: OK
    router.slaveBanker   OK  2016-06-30 04:52:07  Sync with MasterBanker: OK
rtbDataLogger: 
    data_logger          OK  2016-06-30 04:52:08  Alive
rtbPostAuctionService: 
    PostAuctionLoop      ERR 2016-06-30 04:52:07  WinLoss pipe: ERROR, CampaignEvent pipe: ERROR, Banker: OK
rtbRequestRouter: 
    router               OK  2016-06-30 04:52:07  Connection to PAL: OK, Banker: OK


rtbAgentConfiguration: 
    agentConfigurationService OK  2016-06-30 04:52:17  Alive
rtbBanker: 
    PostAuctionLoop.slaveBanker OK  2016-06-30 04:52:17  Sync with MasterBanker: OK
    router.slaveBanker   OK  2016-06-30 04:52:17  Sync with MasterBanker: OK
rtbDataLogger: 
    data_logger          OK  2016-06-30 04:52:18  Alive
rtbPostAuctionService: 
    PostAuctionLoop      ERR 2016-06-30 04:52:17  WinLoss pipe: ERROR, CampaignEvent pipe: ERROR, Banker: OK
rtbRequestRouter: 
    router               OK  2016-06-30 04:52:17  Connection to PAL: OK, Banker: OK


rtbAgentConfiguration: 
    agentConfigurationService OK  2016-06-30 04:52:27  Alive
rtbBanker: 
    PostAuctionLoop.slaveBanker OK  2016-06-30 04:52:27  Sync with MasterBanker: OK
    router.slaveBanker   OK  2016-06-30 04:52:27  Sync with MasterBanker: OK
rtbDataLogger: 
    data_logger          OK  2016-06-30 04:52:28  Alive
rtbPostAuctionService: 
    PostAuctionLoop      ERR 2016-06-30 04:52:27  WinLoss pipe: ERROR, CampaignEvent pipe: ERROR, Banker: OK
rtbRequestRouter: 
    router               OK  2016-06-30 04:52:27  Connection to PAL: OK, Banker: OK


rtbAgentConfiguration: 
    agentConfigurationService OK  2016-06-30 04:52:37  Alive
rtbBanker: 
    PostAuctionLoop.slaveBanker OK  2016-06-30 04:52:37  Sync with MasterBanker: OK
    router.slaveBanker   OK  2016-06-30 04:52:37  Sync with MasterBanker: OK
rtbDataLogger: 
    data_logger          OK  2016-06-30 04:52:38  Alive
rtbPostAuctionService: 
    PostAuctionLoop      ERR 2016-06-30 04:52:37  WinLoss pipe: ERROR, CampaignEvent pipe: ERROR, Banker: OK
rtbRequestRouter: 
    router               OK  2016-06-30 04:52:37  Connection to PAL: OK, Banker: OK


rtbAgentConfiguration: 
    agentConfigurationService OK  2016-06-30 04:52:47  Alive
rtbBanker: 
    PostAuctionLoop.slaveBanker OK  2016-06-30 04:52:47  Sync with MasterBanker: OK
    router.slaveBanker   OK  2016-06-30 04:52:47  Sync with MasterBanker: OK
rtbDataLogger: 
    data_logger          OK  2016-06-30 04:52:48  Alive
rtbPostAuctionService: 
    PostAuctionLoop      ERR 2016-06-30 04:52:47  WinLoss pipe: ERROR, CampaignEvent pipe: ERROR, Banker: OK
rtbRequestRouter: 
    router               OK  2016-06-30 04:52:47  Connection to PAL: OK, Banker: OK


rtbAgentConfiguration: 
    agentConfigurationService OK  2016-06-30 04:52:57  Alive
rtbBanker: 
    PostAuctionLoop.slaveBanker OK  2016-06-30 04:52:57  Sync with MasterBanker: OK
    router.slaveBanker   OK  2016-06-30 04:52:57  Sync with MasterBanker: OK
rtbDataLogger: 
    data_logger          OK  2016-06-30 04:52:58  Alive
rtbPostAuctionService: 
    PostAuctionLoop      ERR 2016-06-30 04:52:57  WinLoss pipe: ERROR, CampaignEvent pipe: ERROR, Banker: OK
rtbRequestRouter: 
    router               OK  2016-06-30 04:52:57  Connection to PAL: OK, Banker: OK


rtbAgentConfiguration: 
    agentConfigurationService OK  2016-06-30 04:53:07  Alive
rtbBanker: 
    PostAuctionLoop.slaveBanker OK  2016-06-30 04:53:07  Sync with MasterBanker: OK
    router.slaveBanker   OK  2016-06-30 04:53:07  Sync with MasterBanker: OK
rtbDataLogger: 
    data_logger          OK  2016-06-30 04:53:08  Alive
rtbPostAuctionService: 
    PostAuctionLoop      ERR 2016-06-30 04:53:07  WinLoss pipe: ERROR, CampaignEvent pipe: ERROR, Banker: OK
rtbRequestRouter: 
    router               OK  2016-06-30 04:53:07  Connection to PAL: OK, Banker: OK


rtbAgentConfiguration: 
    agentConfigurationService OK  2016-06-30 04:53:17  Alive
rtbBanker: 
    PostAuctionLoop.slaveBanker OK  2016-06-30 04:53:17  Sync with MasterBanker: OK
    router.slaveBanker   OK  2016-06-30 04:53:17  Sync with MasterBanker: OK
rtbDataLogger: 
    data_logger          OK  2016-06-30 04:53:18  Alive
rtbPostAuctionService: 
    PostAuctionLoop      ERR 2016-06-30 04:53:17  WinLoss pipe: ERROR, CampaignEvent pipe: ERROR, Banker: OK
rtbRequestRouter: 
    router               OK  2016-06-30 04:53:17  Connection to PAL: OK, Banker: OK


rtbAgentConfiguration: 
    agentConfigurationService OK  2016-06-30 04:53:27  Alive
rtbBanker: 
    PostAuctionLoop.slaveBanker OK  2016-06-30 04:53:27  Sync with MasterBanker: OK
    router.slaveBanker   OK  2016-06-30 04:53:27  Sync with MasterBanker: OK
rtbDataLogger: 
    data_logger          OK  2016-06-30 04:53:28  Alive
rtbPostAuctionService: 
    PostAuctionLoop      ERR 2016-06-30 04:53:27  WinLoss pipe: ERROR, CampaignEvent pipe: ERROR, Banker: OK
rtbRequestRouter: 
    router               OK  2016-06-30 04:53:27  Connection to PAL: OK, Banker: OK


rtbAgentConfiguration: 
    agentConfigurationService OK  2016-06-30 04:53:37  Alive
rtbBanker: 
    PostAuctionLoop.slaveBanker OK  2016-06-30 04:53:37  Sync with MasterBanker: OK
    router.slaveBanker   OK  2016-06-30 04:53:37  Sync with MasterBanker: OK
rtbDataLogger: 
    data_logger          OK  2016-06-30 04:53:38  Alive
rtbPostAuctionService: 
    PostAuctionLoop      ERR 2016-06-30 04:53:37  WinLoss pipe: ERROR, CampaignEvent pipe: ERROR, Banker: OK
rtbRequestRouter: 
    router               OK  2016-06-30 04:53:37  Connection to PAL: OK, Banker: OK


rtbAgentConfiguration: 
    agentConfigurationService OK  2016-06-30 04:53:47  Alive
rtbBanker: 
    PostAuctionLoop.slaveBanker OK  2016-06-30 04:53:47  Sync with MasterBanker: OK
    router.slaveBanker   OK  2016-06-30 04:53:47  Sync with MasterBanker: OK
rtbDataLogger: 
    data_logger          OK  2016-06-30 04:53:48  Alive
rtbPostAuctionService: 
    PostAuctionLoop      ERR 2016-06-30 04:53:47  WinLoss pipe: ERROR, CampaignEvent pipe: ERROR, Banker: OK
rtbRequestRouter: 
    router               OK  2016-06-30 04:53:47  Connection to PAL: OK, Banker: OK


rtbAgentConfiguration: 
    agentConfigurationService OK  2016-06-30 04:53:57  Alive
rtbBanker: 
    PostAuctionLoop.slaveBanker OK  2016-06-30 04:53:57  Sync with MasterBanker: OK
    router.slaveBanker   OK  2016-06-30 04:53:57  Sync with MasterBanker: OK
rtbDataLogger: 
    data_logger          OK  2016-06-30 04:53:58  Alive
rtbPostAuctionService: 
    PostAuctionLoop      ERR 2016-06-30 04:53:57  WinLoss pipe: ERROR, CampaignEvent pipe: ERROR, Banker: OK
rtbRequestRouter: 
    router               OK  2016-06-30 04:53:57  Connection to PAL: OK, Banker: OK


rtbAgentConfiguration: 
    agentConfigurationService OK  2016-06-30 04:54:07  Alive
rtbBanker: 
    PostAuctionLoop.slaveBanker OK  2016-06-30 04:54:07  Sync with MasterBanker: OK
    router.slaveBanker   OK  2016-06-30 04:54:07  Sync with MasterBanker: OK
rtbDataLogger: 
    data_logger          OK  2016-06-30 04:54:08  Alive
rtbPostAuctionService: 
    PostAuctionLoop      ERR 2016-06-30 04:54:07  WinLoss pipe: ERROR, CampaignEvent pipe: ERROR, Banker: OK
rtbRequestRouter: 
    router               OK  2016-06-30 04:54:07  Connection to PAL: OK, Banker: OK


rtbAgentConfiguration: 
    agentConfigurationService OK  2016-06-30 04:54:17  Alive
rtbBanker: 
    PostAuctionLoop.slaveBanker OK  2016-06-30 04:54:17  Sync with MasterBanker: OK
    router.slaveBanker   OK  2016-06-30 04:54:17  Sync with MasterBanker: OK
rtbDataLogger: 
    data_logger          OK  2016-06-30 04:54:18  Alive
rtbPostAuctionService: 
    PostAuctionLoop      ERR 2016-06-30 04:54:17  WinLoss pipe: ERROR, CampaignEvent pipe: ERROR, Banker: OK
rtbRequestRouter: 
    router               OK  2016-06-30 04:54:17  Connection to PAL: OK, Banker: OK


rtbAgentConfiguration: 
    agentConfigurationService OK  2016-06-30 04:54:27  Alive
rtbBanker: 
    PostAuctionLoop.slaveBanker OK  2016-06-30 04:54:27  Sync with MasterBanker: OK
    router.slaveBanker   OK  2016-06-30 04:54:27  Sync with MasterBanker: OK
rtbDataLogger: 
    data_logger          OK  2016-06-30 04:54:28  Alive
rtbPostAuctionService: 
    PostAuctionLoop      ERR 2016-06-30 04:54:27  WinLoss pipe: ERROR, CampaignEvent pipe: ERROR, Banker: OK
rtbRequestRouter: 
    router               OK  2016-06-30 04:54:27  Connection to PAL: OK, Banker: OK


rtbAgentConfiguration: 
    agentConfigurationService OK  2016-06-30 04:54:37  Alive
rtbBanker: 
    PostAuctionLoop.slaveBanker OK  2016-06-30 04:54:37  Sync with MasterBanker: OK
    router.slaveBanker   OK  2016-06-30 04:54:37  Sync with MasterBanker: OK
rtbDataLogger: 
    data_logger          OK  2016-06-30 04:54:38  Alive
rtbPostAuctionService: 
    PostAuctionLoop      ERR 2016-06-30 04:54:37  WinLoss pipe: ERROR, CampaignEvent pipe: ERROR, Banker: OK
rtbRequestRouter: 
    router               OK  2016-06-30 04:54:37  Connection to PAL: OK, Banker: OK


rtbAgentConfiguration: 
    agentConfigurationService OK  2016-06-30 04:54:47  Alive
rtbBanker: 
    PostAuctionLoop.slaveBanker OK  2016-06-30 04:54:47  Sync with MasterBanker: OK
    router.slaveBanker   OK  2016-06-30 04:54:47  Sync with MasterBanker: OK
rtbDataLogger: 
    data_logger          OK  2016-06-30 04:54:48  Alive
rtbPostAuctionService: 
    PostAuctionLoop      ERR 2016-06-30 04:54:47  WinLoss pipe: ERROR, CampaignEvent pipe: ERROR, Banker: OK
rtbRequestRouter: 
    router               OK  2016-06-30 04:54:47  Connection to PAL: OK, Banker: OK


rtbAgentConfiguration: 
    agentConfigurationService OK  2016-06-30 04:54:57  Alive
rtbBanker: 
    PostAuctionLoop.slaveBanker OK  2016-06-30 04:54:57  Sync with MasterBanker: OK
    router.slaveBanker   OK  2016-06-30 04:54:57  Sync with MasterBanker: OK
rtbDataLogger: 
    data_logger          OK  2016-06-30 04:54:58  Alive
rtbPostAuctionService: 
    PostAuctionLoop      ERR 2016-06-30 04:54:57  WinLoss pipe: ERROR, CampaignEvent pipe: ERROR, Banker: OK
rtbRequestRouter: 
    router               OK  2016-06-30 04:54:57  Connection to PAL: OK, Banker: OK


rtbAgentConfiguration: 
    agentConfigurationService OK  2016-06-30 04:55:07  Alive
rtbBanker: 
    PostAuctionLoop.slaveBanker OK  2016-06-30 04:55:07  Sync with MasterBanker: OK
    router.slaveBanker   OK  2016-06-30 04:55:07  Sync with MasterBanker: OK
rtbDataLogger: 
    data_logger          OK  2016-06-30 04:55:08  Alive
rtbPostAuctionService: 
    PostAuctionLoop      ERR 2016-06-30 04:55:07  WinLoss pipe: ERROR, CampaignEvent pipe: ERROR, Banker: OK
rtbRequestRouter: 
    router               OK  2016-06-30 04:55:07  Connection to PAL: OK, Banker: OK


rtbAgentConfiguration: 
    agentConfigurationService OK  2016-06-30 04:55:17  Alive
rtbBanker: 
    PostAuctionLoop.slaveBanker OK  2016-06-30 04:55:17  Sync with MasterBanker: OK
    router.slaveBanker   OK  2016-06-30 04:55:17  Sync with MasterBanker: OK
rtbDataLogger: 
    data_logger          OK  2016-06-30 04:55:18  Alive
rtbPostAuctionService: 
    PostAuctionLoop      ERR 2016-06-30 04:55:17  WinLoss pipe: ERROR, CampaignEvent pipe: ERROR, Banker: OK
rtbRequestRouter: 
    router               OK  2016-06-30 04:55:17  Connection to PAL: OK, Banker: OK


rtbAgentConfiguration: 
    agentConfigurationService OK  2016-06-30 04:55:27  Alive
rtbBanker: 
    PostAuctionLoop.slaveBanker OK  2016-06-30 04:55:27  Sync with MasterBanker: OK
    router.slaveBanker   OK  2016-06-30 04:55:27  Sync with MasterBanker: OK
rtbDataLogger: 
    data_logger          OK  2016-06-30 04:55:28  Alive
rtbPostAuctionService: 
    PostAuctionLoop      ERR 2016-06-30 04:55:27  WinLoss pipe: ERROR, CampaignEvent pipe: ERROR, Banker: OK
rtbRequestRouter: 
    router               OK  2016-06-30 04:55:27  Connection to PAL: OK, Banker: OK


rtbAgentConfiguration: 
    agentConfigurationService OK  2016-06-30 04:55:37  Alive
rtbBanker: 
    PostAuctionLoop.slaveBanker OK  2016-06-30 04:55:37  Sync with MasterBanker: OK
    router.slaveBanker   OK  2016-06-30 04:55:37  Sync with MasterBanker: OK
rtbDataLogger: 
    data_logger          OK  2016-06-30 04:55:38  Alive
rtbPostAuctionService: 
    PostAuctionLoop      ERR 2016-06-30 04:55:37  WinLoss pipe: ERROR, CampaignEvent pipe: ERROR, Banker: OK
rtbRequestRouter: 
    router               OK  2016-06-30 04:55:37  Connection to PAL: OK, Banker: OK


rtbAgentConfiguration: 
    agentConfigurationService OK  2016-06-30 04:55:47  Alive
rtbBanker: 
    PostAuctionLoop.slaveBanker OK  2016-06-30 04:55:47  Sync with MasterBanker: OK
    router.slaveBanker   OK  2016-06-30 04:55:47  Sync with MasterBanker: OK
rtbDataLogger: 
    data_logger          OK  2016-06-30 04:55:48  Alive
rtbPostAuctionService: 
    PostAuctionLoop      ERR 2016-06-30 04:55:47  WinLoss pipe: ERROR, CampaignEvent pipe: ERROR, Banker: OK
rtbRequestRouter: 
    router               OK  2016-06-30 04:55:47  Connection to PAL: OK, Banker: OK


rtbAgentConfiguration: 
    agentConfigurationService OK  2016-06-30 04:55:57  Alive
rtbBanker: 
    PostAuctionLoop.slaveBanker OK  2016-06-30 04:55:57  Sync with MasterBanker: OK
    router.slaveBanker   OK  2016-06-30 04:55:57  Sync with MasterBanker: OK
rtbDataLogger: 
    data_logger          OK  2016-06-30 04:55:58  Alive
rtbPostAuctionService: 
    PostAuctionLoop      ERR 2016-06-30 04:55:57  WinLoss pipe: ERROR, CampaignEvent pipe: ERROR, Banker: OK
rtbRequestRouter: 
    router               OK  2016-06-30 04:55:57  Connection to PAL: OK, Banker: OK


rtbAgentConfiguration: 
    agentConfigurationService OK  2016-06-30 04:56:07  Alive
rtbBanker: 
    PostAuctionLoop.slaveBanker OK  2016-06-30 04:56:07  Sync with MasterBanker: OK
    router.slaveBanker   OK  2016-06-30 04:56:07  Sync with MasterBanker: OK
rtbDataLogger: 
    data_logger          OK  2016-06-30 04:56:08  Alive
rtbPostAuctionService: 
    PostAuctionLoop      ERR 2016-06-30 04:56:07  WinLoss pipe: ERROR, CampaignEvent pipe: ERROR, Banker: OK
rtbRequestRouter: 
    router               OK  2016-06-30 04:56:07  Connection to PAL: OK, Banker: OK


rtbAgentConfiguration: 
    agentConfigurationService OK  2016-06-30 04:56:17  Alive
rtbBanker: 
    PostAuctionLoop.slaveBanker OK  2016-06-30 04:56:17  Sync with MasterBanker: OK
    router.slaveBanker   OK  2016-06-30 04:56:17  Sync with MasterBanker: OK
rtbDataLogger: 
    data_logger          OK  2016-06-30 04:56:18  Alive
rtbPostAuctionService: 
    PostAuctionLoop      ERR 2016-06-30 04:56:17  WinLoss pipe: ERROR, CampaignEvent pipe: ERROR, Banker: OK
rtbRequestRouter: 
    router               OK  2016-06-30 04:56:17  Connection to PAL: OK, Banker: OK


rtbAgentConfiguration: 
    agentConfigurationService OK  2016-06-30 04:56:27  Alive
rtbBanker: 
    PostAuctionLoop.slaveBanker OK  2016-06-30 04:56:27  Sync with MasterBanker: OK
    router.slaveBanker   OK  2016-06-30 04:56:27  Sync with MasterBanker: OK
rtbDataLogger: 
    data_logger          OK  2016-06-30 04:56:28  Alive
rtbPostAuctionService: 
    PostAuctionLoop      ERR 2016-06-30 04:56:27  WinLoss pipe: ERROR, CampaignEvent pipe: ERROR, Banker: OK
rtbRequestRouter: 
    router               OK  2016-06-30 04:56:27  Connection to PAL: OK, Banker: OK


rtbAgentConfiguration: 
    agentConfigurationService OK  2016-06-30 04:56:37  Alive
rtbBanker: 
    PostAuctionLoop.slaveBanker OK  2016-06-30 04:56:37  Sync with MasterBanker: OK
    router.slaveBanker   OK  2016-06-30 04:56:37  Sync with MasterBanker: OK
rtbDataLogger: 
    data_logger          OK  2016-06-30 04:56:38  Alive
rtbPostAuctionService: 
    PostAuctionLoop      ERR 2016-06-30 04:56:37  WinLoss pipe: ERROR, CampaignEvent pipe: ERROR, Banker: OK
rtbRequestRouter: 
    router               OK  2016-06-30 04:56:37  Connection to PAL: OK, Banker: OK


rtbAgentConfiguration: 
    agentConfigurationService OK  2016-06-30 04:56:47  Alive
rtbBanker: 
    PostAuctionLoop.slaveBanker OK  2016-06-30 04:56:47  Sync with MasterBanker: OK
    router.slaveBanker   OK  2016-06-30 04:56:47  Sync with MasterBanker: OK
rtbDataLogger: 
    data_logger          OK  2016-06-30 04:56:48  Alive
rtbPostAuctionService: 
    PostAuctionLoop      ERR 2016-06-30 04:56:47  WinLoss pipe: ERROR, CampaignEvent pipe: ERROR, Banker: OK
rtbRequestRouter: 
    router               OK  2016-06-30 04:56:47  Connection to PAL: OK, Banker: OK


rtbAgentConfiguration: 
    agentConfigurationService OK  2016-06-30 04:56:57  Alive
rtbBanker: 
    PostAuctionLoop.slaveBanker OK  2016-06-30 04:56:57  Sync with MasterBanker: OK
    router.slaveBanker   OK  2016-06-30 04:56:57  Sync with MasterBanker: OK
rtbDataLogger: 
    data_logger          OK  2016-06-30 04:56:58  Alive
rtbPostAuctionService: 
    PostAuctionLoop      ERR 2016-06-30 04:56:57  WinLoss pipe: ERROR, CampaignEvent pipe: ERROR, Banker: OK
rtbRequestRouter: 
    router               OK  2016-06-30 04:56:57  Connection to PAL: OK, Banker: OK


rtbAgentConfiguration: 
    agentConfigurationService OK  2016-06-30 04:57:07  Alive
rtbBanker: 
    PostAuctionLoop.slaveBanker OK  2016-06-30 04:57:07  Sync with MasterBanker: OK
    router.slaveBanker   OK  2016-06-30 04:57:07  Sync with MasterBanker: OK
rtbDataLogger: 
    data_logger          OK  2016-06-30 04:57:08  Alive
rtbPostAuctionService: 
    PostAuctionLoop      ERR 2016-06-30 04:57:07  WinLoss pipe: ERROR, CampaignEvent pipe: ERROR, Banker: OK
rtbRequestRouter: 
    router               OK  2016-06-30 04:57:07  Connection to PAL: OK, Banker: OK


rtbAgentConfiguration: 
    agentConfigurationService OK  2016-06-30 04:57:17  Alive
rtbBanker: 
    PostAuctionLoop.slaveBanker OK  2016-06-30 04:57:17  Sync with MasterBanker: OK
    router.slaveBanker   OK  2016-06-30 04:57:17  Sync with MasterBanker: OK
rtbDataLogger: 
    data_logger          OK  2016-06-30 04:57:18  Alive
rtbPostAuctionService: 
    PostAuctionLoop      ERR 2016-06-30 04:57:17  WinLoss pipe: ERROR, CampaignEvent pipe: ERROR, Banker: OK
rtbRequestRouter: 
    router               OK  2016-06-30 04:57:17  Connection to PAL: OK, Banker: OK


rtbAgentConfiguration: 
    agentConfigurationService OK  2016-06-30 04:57:27  Alive
rtbBanker: 
    PostAuctionLoop.slaveBanker OK  2016-06-30 04:57:27  Sync with MasterBanker: OK
    router.slaveBanker   OK  2016-06-30 04:57:27  Sync with MasterBanker: OK
rtbDataLogger: 
    data_logger          OK  2016-06-30 04:57:28  Alive
rtbPostAuctionService: 
    PostAuctionLoop      ERR 2016-06-30 04:57:27  WinLoss pipe: ERROR, CampaignEvent pipe: ERROR, Banker: OK
rtbRequestRouter: 
    router               OK  2016-06-30 04:57:27  Connection to PAL: OK, Banker: OK


rtbAgentConfiguration: 
    agentConfigurationService OK  2016-06-30 04:57:37  Alive
rtbBanker: 
    PostAuctionLoop.slaveBanker OK  2016-06-30 04:57:37  Sync with MasterBanker: OK
    router.slaveBanker   OK  2016-06-30 04:57:37  Sync with MasterBanker: OK
rtbDataLogger: 
    data_logger          OK  2016-06-30 04:57:38  Alive
rtbPostAuctionService: 
    PostAuctionLoop      ERR 2016-06-30 04:57:37  WinLoss pipe: ERROR, CampaignEvent pipe: ERROR, Banker: OK
rtbRequestRouter: 
    router               OK  2016-06-30 04:57:37  Connection to PAL: OK, Banker: OK


rtbAgentConfiguration: 
    agentConfigurationService OK  2016-06-30 04:57:47  Alive
rtbBanker: 
    PostAuctionLoop.slaveBanker OK  2016-06-30 04:57:47  Sync with MasterBanker: OK
    router.slaveBanker   OK  2016-06-30 04:57:47  Sync with MasterBanker: OK
rtbDataLogger: 
    data_logger          OK  2016-06-30 04:57:48  Alive
rtbPostAuctionService: 
    PostAuctionLoop      ERR 2016-06-30 04:57:47  WinLoss pipe: ERROR, CampaignEvent pipe: ERROR, Banker: OK
rtbRequestRouter: 
    router               OK  2016-06-30 04:57:47  Connection to PAL: OK, Banker: OK


rtbAgentConfiguration: 
    agentConfigurationService OK  2016-06-30 04:57:57  Alive
rtbBanker: 
    PostAuctionLoop.slaveBanker OK  2016-06-30 04:57:57  Sync with MasterBanker: OK
    router.slaveBanker   OK  2016-06-30 04:57:57  Sync with MasterBanker: OK
rtbDataLogger: 
    data_logger          OK  2016-06-30 04:57:58  Alive
rtbPostAuctionService: 
    PostAuctionLoop      ERR 2016-06-30 04:57:57  WinLoss pipe: ERROR, CampaignEvent pipe: ERROR, Banker: OK
rtbRequestRouter: 
    router               OK  2016-06-30 04:57:57  Connection to PAL: OK, Banker: OK


rtbAgentConfiguration: 
    agentConfigurationService OK  2016-06-30 04:58:07  Alive
rtbBanker: 
    PostAuctionLoop.slaveBanker OK  2016-06-30 04:58:07  Sync with MasterBanker: OK
    router.slaveBanker   OK  2016-06-30 04:58:07  Sync with MasterBanker: OK
rtbDataLogger: 
    data_logger          OK  2016-06-30 04:58:08  Alive
rtbPostAuctionService: 
    PostAuctionLoop      ERR 2016-06-30 04:58:07  WinLoss pipe: ERROR, CampaignEvent pipe: ERROR, Banker: OK
rtbRequestRouter: 
    router               OK  2016-06-30 04:58:07  Connection to PAL: OK, Banker: OK


rtbAgentConfiguration: 
    agentConfigurationService OK  2016-06-30 04:58:17  Alive
rtbBanker: 
    PostAuctionLoop.slaveBanker OK  2016-06-30 04:58:17  Sync with MasterBanker: OK
    router.slaveBanker   OK  2016-06-30 04:58:17  Sync with MasterBanker: OK
rtbDataLogger: 
    data_logger          OK  2016-06-30 04:58:18  Alive
rtbPostAuctionService: 
    PostAuctionLoop      ERR 2016-06-30 04:58:17  WinLoss pipe: ERROR, CampaignEvent pipe: ERROR, Banker: OK
rtbRequestRouter: 
    router               OK  2016-06-30 04:58:17  Connection to PAL: OK, Banker: OK
