FD limit too low: 1024/4096 smaller than recommended 65535
FD limit raised to: 4096
bound tcp for http port 9987
monitor is listening on tcp://*:24000,http://0.0.0.0:9987
monitor/zeromq/tcp --> [{"transports":[{"addr":"127.0.0.1","hostScope":"fil-104","name":"tcp","port":24000},{"name":"zeromq","socketType":6,"uri":"tcp://127.0.0.1:24000"}],"zmqConnectUri":"tcp://127.0.0.1:24000"},{"transports":[{"addr":"192.168.1.2","hostScope":"*","name":"tcp","port":24000},{"name":"zeromq","socketType":6,"uri":"tcp://fil-104:24000"}],"zmqConnectUri":"tcp://fil-104:24000"}]
monitor/http/tcp --> [{"httpUri":"http://127.0.0.1:9987","transports":[{"addr":"127.0.0.1","hostScope":"fil-104","name":"tcp","port":9987},{"name":"http","uri":"http://127.0.0.1:9987"}]},{"httpUri":"http://192.168.1.2:9987","transports":[{"addr":"192.168.1.2","hostScope":"*","name":"tcp","port":9987},{"name":"http","uri":"http://192.168.1.2:9987"}]}]
serviceClass/rtbPostAuctionService/PostAuctionLoop --> {"serviceLocation":"mtl","serviceName":"PostAuctionLoop","servicePath":"PostAuctionLoop","shardIndex":0}
serviceClass/monitor/monitor --> {"serviceLocation":"mtl","serviceName":"monitor","servicePath":"monitor"}
serviceClass/rtbRequestRouter/router --> {"serviceLocation":"mtl","serviceName":"router","servicePath":"router"}
serviceClass/rtbRouterAugmentation/router.augmentationLoop --> {"serviceLocation":"mtl","serviceName":"router.augmentationLoop","servicePath":"router.augmentationLoop"}
serviceClass/rtbAgentConfiguration/agentConfigurationService --> {"serviceLocation":"mtl","serviceName":"agentConfigurationService","servicePath":"agentConfigurationService"}
serviceClass/adServer/adserver --> {"serviceLocation":"mtl","serviceName":"adserver","servicePath":"adserver"}
adserver/logger/tcp --> [{"transports":[{"addr":"127.0.0.1","hostScope":"fil-104","name":"tcp","port":25000},{"name":"zeromq","socketType":9,"uri":"tcp://127.0.0.1:25000"}],"zmqConnectUri":"tcp://127.0.0.1:25000"},{"transports":[{"addr":"192.168.1.2","hostScope":"*","name":"tcp","port":25000},{"name":"zeromq","socketType":9,"uri":"tcp://fil-104:25000"}],"zmqConnectUri":"tcp://fil-104:25000"}]
agentConfigurationService/rest/zeromq/tcp --> [{"transports":[{"addr":"127.0.0.1","hostScope":"fil-104","name":"tcp","port":23000},{"name":"zeromq","socketType":6,"uri":"tcp://127.0.0.1:23000"}],"zmqConnectUri":"tcp://127.0.0.1:23000"},{"transports":[{"addr":"192.168.1.2","hostScope":"*","name":"tcp","port":23000},{"name":"zeromq","socketType":6,"uri":"tcp://fil-104:23000"}],"zmqConnectUri":"tcp://fil-104:23000"}]
agentConfigurationService/rest/http/tcp --> [{"httpUri":"http://127.0.0.1:9986","transports":[{"addr":"127.0.0.1","hostScope":"fil-104","name":"tcp","port":9986},{"name":"http","uri":"http://127.0.0.1:9986"}]},{"httpUri":"http://192.168.1.2:9986","transports":[{"addr":"192.168.1.2","hostScope":"*","name":"tcp","port":9986},{"name":"http","uri":"http://192.168.1.2:9986"}]}]
agentConfigurationService/listen/tcp --> [{"transports":[{"addr":"127.0.0.1","hostScope":"fil-104","name":"tcp","port":19000},{"name":"zeromq","socketType":6,"uri":"tcp://127.0.0.1:19000"}],"zmqConnectUri":"tcp://127.0.0.1:19000"},{"transports":[{"addr":"192.168.1.2","hostScope":"*","name":"tcp","port":19000},{"name":"zeromq","socketType":6,"uri":"tcp://fil-104:19000"}],"zmqConnectUri":"tcp://fil-104:19000"}]
agentConfigurationService/agents/tcp --> [{"transports":[{"addr":"127.0.0.1","hostScope":"fil-104","name":"tcp","port":15000},{"name":"zeromq","socketType":6,"uri":"tcp://127.0.0.1:15000"}],"zmqConnectUri":"tcp://127.0.0.1:15000"},{"transports":[{"addr":"192.168.1.2","hostScope":"*","name":"tcp","port":15000},{"name":"zeromq","socketType":6,"uri":"tcp://fil-104:15000"}],"zmqConnectUri":"tcp://fil-104:15000"}]
2016-05-05 09:10:20.272 [1;32mMessage Loop Warning [1;34mmessage loop in polling mode will cause 2000 context switches per second due to polling on sources ZmqNamedEndpoint::socket[0m


rtbAgentConfiguration: 
    agentConfigurationService OK  2016-05-05 06:10:28  Alive
rtbBanker: 
    PostAuctionLoop.slaveBanker ERR 2016-05-05 06:10:28  Sync with MasterBanker: ERROR
    router.slaveBanker   ERR 2016-05-05 06:10:29  Sync with MasterBanker: ERROR
rtbDataLogger: 
    data_logger          OK  2016-05-05 06:10:28  Alive
rtbPostAuctionService: 
    PostAuctionLoop      ERR 2016-05-05 06:10:28  WinLoss pipe: ERROR, CampaignEvent pipe: ERROR, Banker: ERROR
rtbRequestRouter: 
    router               ERR 2016-05-05 06:10:29  Connection to PAL: OK, Banker: ERROR


rtbAgentConfiguration: 
    agentConfigurationService OK  2016-05-05 06:10:38  Alive
rtbBanker: 
    PostAuctionLoop.slaveBanker ERR 2016-05-05 06:10:38  Sync with MasterBanker: ERROR
    router.slaveBanker   ERR 2016-05-05 06:10:39  Sync with MasterBanker: ERROR
rtbDataLogger: 
    data_logger          OK  2016-05-05 06:10:38  Alive
rtbPostAuctionService: 
    PostAuctionLoop      ERR 2016-05-05 06:10:38  WinLoss pipe: ERROR, CampaignEvent pipe: ERROR, Banker: ERROR
rtbRequestRouter: 
    router               ERR 2016-05-05 06:10:39  Connection to PAL: OK, Banker: ERROR


rtbAgentConfiguration: 
    agentConfigurationService OK  2016-05-05 06:10:48  Alive
rtbBanker: 
    PostAuctionLoop.slaveBanker ERR 2016-05-05 06:10:48  Sync with MasterBanker: ERROR
    router.slaveBanker   ERR 2016-05-05 06:10:49  Sync with MasterBanker: ERROR
rtbDataLogger: 
    data_logger          OK  2016-05-05 06:10:48  Alive
rtbPostAuctionService: 
    PostAuctionLoop      ERR 2016-05-05 06:10:48  WinLoss pipe: ERROR, CampaignEvent pipe: ERROR, Banker: ERROR
rtbRequestRouter: 
    router               ERR 2016-05-05 06:10:49  Connection to PAL: OK, Banker: ERROR


rtbAgentConfiguration: 
    agentConfigurationService OK  2016-05-05 06:10:58  Alive
rtbBanker: 
    PostAuctionLoop.slaveBanker ERR 2016-05-05 06:10:58  Sync with MasterBanker: ERROR
    router.slaveBanker   ERR 2016-05-05 06:10:59  Sync with MasterBanker: ERROR
rtbDataLogger: 
    data_logger          OK  2016-05-05 06:10:58  Alive
rtbPostAuctionService: 
    PostAuctionLoop      ERR 2016-05-05 06:10:58  WinLoss pipe: ERROR, CampaignEvent pipe: ERROR, Banker: ERROR
rtbRequestRouter: 
    router               ERR 2016-05-05 06:10:59  Connection to PAL: OK, Banker: ERROR


rtbAgentConfiguration: 
    agentConfigurationService OK  2016-05-05 06:11:08  Alive
rtbBanker: 
    PostAuctionLoop.slaveBanker ERR 2016-05-05 06:11:08  Sync with MasterBanker: ERROR
    router.slaveBanker   ERR 2016-05-05 06:11:09  Sync with MasterBanker: ERROR
rtbDataLogger: 
    data_logger          OK  2016-05-05 06:11:08  Alive
rtbPostAuctionService: 
    PostAuctionLoop      ERR 2016-05-05 06:11:08  WinLoss pipe: ERROR, CampaignEvent pipe: ERROR, Banker: ERROR
rtbRequestRouter: 
    router               ERR 2016-05-05 06:11:09  Connection to PAL: OK, Banker: ERROR


rtbAgentConfiguration: 
    agentConfigurationService OK  2016-05-05 06:11:18  Alive
rtbBanker: 
    PostAuctionLoop.slaveBanker ERR 2016-05-05 06:11:18  Sync with MasterBanker: ERROR
    router.slaveBanker   ERR 2016-05-05 06:11:19  Sync with MasterBanker: ERROR
rtbDataLogger: 
    data_logger          OK  2016-05-05 06:11:18  Alive
rtbPostAuctionService: 
    PostAuctionLoop      ERR 2016-05-05 06:11:18  WinLoss pipe: ERROR, CampaignEvent pipe: ERROR, Banker: ERROR
rtbRequestRouter: 
    router               ERR 2016-05-05 06:11:19  Connection to PAL: OK, Banker: ERROR


rtbAgentConfiguration: 
    agentConfigurationService OK  2016-05-05 06:11:28  Alive
rtbBanker: 
    PostAuctionLoop.slaveBanker ERR 2016-05-05 06:11:28  Sync with MasterBanker: ERROR
    router.slaveBanker   ERR 2016-05-05 06:11:29  Sync with MasterBanker: ERROR
rtbDataLogger: 
    data_logger          OK  2016-05-05 06:11:28  Alive
rtbPostAuctionService: 
    PostAuctionLoop      ERR 2016-05-05 06:11:28  WinLoss pipe: ERROR, CampaignEvent pipe: ERROR, Banker: ERROR
rtbRequestRouter: 
    router               ERR 2016-05-05 06:11:29  Connection to PAL: OK, Banker: ERROR


rtbAgentConfiguration: 
    agentConfigurationService OK  2016-05-05 06:11:38  Alive
rtbBanker: 
    PostAuctionLoop.slaveBanker ERR 2016-05-05 06:11:38  Sync with MasterBanker: ERROR
    router.slaveBanker   ERR 2016-05-05 06:11:39  Sync with MasterBanker: ERROR
rtbDataLogger: 
    data_logger          OK  2016-05-05 06:11:38  Alive
rtbPostAuctionService: 
    PostAuctionLoop      ERR 2016-05-05 06:11:38  WinLoss pipe: ERROR, CampaignEvent pipe: ERROR, Banker: ERROR
rtbRequestRouter: 
    router               ERR 2016-05-05 06:11:39  Connection to PAL: OK, Banker: ERROR


rtbAgentConfiguration: 
    agentConfigurationService OK  2016-05-05 06:11:48  Alive
rtbBanker: 
    PostAuctionLoop.slaveBanker ERR 2016-05-05 06:11:48  Sync with MasterBanker: ERROR
    router.slaveBanker   ERR 2016-05-05 06:11:49  Sync with MasterBanker: ERROR
rtbDataLogger: 
    data_logger          OK  2016-05-05 06:11:48  Alive
rtbPostAuctionService: 
    PostAuctionLoop      ERR 2016-05-05 06:11:48  WinLoss pipe: ERROR, CampaignEvent pipe: ERROR, Banker: ERROR
rtbRequestRouter: 
    router               ERR 2016-05-05 06:11:49  Connection to PAL: OK, Banker: ERROR


rtbAgentConfiguration: 
    agentConfigurationService OK  2016-05-05 06:11:58  Alive
rtbBanker: 
    PostAuctionLoop.slaveBanker ERR 2016-05-05 06:11:58  Sync with MasterBanker: ERROR
    router.slaveBanker   ERR 2016-05-05 06:11:59  Sync with MasterBanker: ERROR
rtbDataLogger: 
    data_logger          OK  2016-05-05 06:11:58  Alive
rtbPostAuctionService: 
    PostAuctionLoop      ERR 2016-05-05 06:11:58  WinLoss pipe: ERROR, CampaignEvent pipe: ERROR, Banker: ERROR
rtbRequestRouter: 
    router               ERR 2016-05-05 06:11:59  Connection to PAL: OK, Banker: ERROR


rtbAgentConfiguration: 
    agentConfigurationService OK  2016-05-05 06:12:08  Alive
rtbBanker: 
    PostAuctionLoop.slaveBanker ERR 2016-05-05 06:12:08  Sync with MasterBanker: ERROR
    router.slaveBanker   ERR 2016-05-05 06:12:09  Sync with MasterBanker: ERROR
rtbDataLogger: 
    data_logger          OK  2016-05-05 06:12:08  Alive
rtbPostAuctionService: 
    PostAuctionLoop      ERR 2016-05-05 06:12:08  WinLoss pipe: ERROR, CampaignEvent pipe: ERROR, Banker: ERROR
rtbRequestRouter: 
    router               ERR 2016-05-05 06:12:09  Connection to PAL: OK, Banker: ERROR


rtbAgentConfiguration: 
    agentConfigurationService OK  2016-05-05 06:12:18  Alive
rtbBanker: 
    PostAuctionLoop.slaveBanker ERR 2016-05-05 06:12:18  Sync with MasterBanker: ERROR
    router.slaveBanker   ERR 2016-05-05 06:12:19  Sync with MasterBanker: ERROR
rtbDataLogger: 
    data_logger          OK  2016-05-05 06:12:18  Alive
rtbPostAuctionService: 
    PostAuctionLoop      ERR 2016-05-05 06:12:18  WinLoss pipe: ERROR, CampaignEvent pipe: ERROR, Banker: ERROR
rtbRequestRouter: 
    router               ERR 2016-05-05 06:12:19  Connection to PAL: OK, Banker: ERROR


rtbAgentConfiguration: 
    agentConfigurationService OK  2016-05-05 06:12:28  Alive
rtbBanker: 
    PostAuctionLoop.slaveBanker ERR 2016-05-05 06:12:28  Sync with MasterBanker: ERROR
    router.slaveBanker   ERR 2016-05-05 06:12:29  Sync with MasterBanker: ERROR
rtbDataLogger: 
    data_logger          OK  2016-05-05 06:12:28  Alive
rtbPostAuctionService: 
    PostAuctionLoop      ERR 2016-05-05 06:12:28  WinLoss pipe: ERROR, CampaignEvent pipe: ERROR, Banker: ERROR
rtbRequestRouter: 
    router               ERR 2016-05-05 06:12:29  Connection to PAL: OK, Banker: ERROR


rtbAgentConfiguration: 
    agentConfigurationService OK  2016-05-05 06:12:38  Alive
rtbBanker: 
    PostAuctionLoop.slaveBanker ERR 2016-05-05 06:12:38  Sync with MasterBanker: ERROR
    router.slaveBanker   ERR 2016-05-05 06:12:39  Sync with MasterBanker: ERROR
rtbDataLogger: 
    data_logger          OK  2016-05-05 06:12:38  Alive
rtbPostAuctionService: 
    PostAuctionLoop      ERR 2016-05-05 06:12:38  WinLoss pipe: ERROR, CampaignEvent pipe: ERROR, Banker: ERROR
rtbRequestRouter: 
    router               ERR 2016-05-05 06:12:39  Connection to PAL: OK, Banker: ERROR


rtbAgentConfiguration: 
    agentConfigurationService OK  2016-05-05 06:12:48  Alive
rtbBanker: 
    PostAuctionLoop.slaveBanker ERR 2016-05-05 06:12:48  Sync with MasterBanker: ERROR
    router.slaveBanker   ERR 2016-05-05 06:12:49  Sync with MasterBanker: ERROR
rtbDataLogger: 
    data_logger          OK  2016-05-05 06:12:48  Alive
rtbPostAuctionService: 
    PostAuctionLoop      ERR 2016-05-05 06:12:48  WinLoss pipe: ERROR, CampaignEvent pipe: ERROR, Banker: ERROR
rtbRequestRouter: 
    router               ERR 2016-05-05 06:12:49  Connection to PAL: OK, Banker: ERROR


rtbAgentConfiguration: 
    agentConfigurationService OK  2016-05-05 06:12:58  Alive
rtbBanker: 
    PostAuctionLoop.slaveBanker ERR 2016-05-05 06:12:58  Sync with MasterBanker: ERROR
    router.slaveBanker   ERR 2016-05-05 06:12:59  Sync with MasterBanker: ERROR
rtbDataLogger: 
    data_logger          OK  2016-05-05 06:12:58  Alive
rtbPostAuctionService: 
    PostAuctionLoop      ERR 2016-05-05 06:12:58  WinLoss pipe: ERROR, CampaignEvent pipe: ERROR, Banker: ERROR
rtbRequestRouter: 
    router               ERR 2016-05-05 06:12:59  Connection to PAL: OK, Banker: ERROR


rtbAgentConfiguration: 
    agentConfigurationService OK  2016-05-05 06:13:08  Alive
rtbBanker: 
    PostAuctionLoop.slaveBanker ERR 2016-05-05 06:13:08  Sync with MasterBanker: ERROR
    router.slaveBanker   ERR 2016-05-05 06:13:09  Sync with MasterBanker: ERROR
rtbDataLogger: 
    data_logger          OK  2016-05-05 06:13:08  Alive
rtbPostAuctionService: 
    PostAuctionLoop      ERR 2016-05-05 06:13:08  WinLoss pipe: ERROR, CampaignEvent pipe: ERROR, Banker: ERROR
rtbRequestRouter: 
    router               ERR 2016-05-05 06:13:09  Connection to PAL: OK, Banker: ERROR


rtbAgentConfiguration: 
    agentConfigurationService OK  2016-05-05 06:13:18  Alive
rtbBanker: 
    PostAuctionLoop.slaveBanker ERR 2016-05-05 06:13:18  Sync with MasterBanker: ERROR
    router.slaveBanker   ERR 2016-05-05 06:13:19  Sync with MasterBanker: ERROR
rtbDataLogger: 
    data_logger          OK  2016-05-05 06:13:18  Alive
rtbPostAuctionService: 
    PostAuctionLoop      ERR 2016-05-05 06:13:18  WinLoss pipe: ERROR, CampaignEvent pipe: ERROR, Banker: ERROR
rtbRequestRouter: 
    router               ERR 2016-05-05 06:13:19  Connection to PAL: OK, Banker: ERROR


rtbAgentConfiguration: 
    agentConfigurationService OK  2016-05-05 06:13:28  Alive
rtbBanker: 
    PostAuctionLoop.slaveBanker ERR 2016-05-05 06:13:28  Sync with MasterBanker: ERROR
    router.slaveBanker   ERR 2016-05-05 06:13:29  Sync with MasterBanker: ERROR
rtbDataLogger: 
    data_logger          OK  2016-05-05 06:13:28  Alive
rtbPostAuctionService: 
    PostAuctionLoop      ERR 2016-05-05 06:13:28  WinLoss pipe: ERROR, CampaignEvent pipe: ERROR, Banker: ERROR
rtbRequestRouter: 
    router               ERR 2016-05-05 06:13:29  Connection to PAL: OK, Banker: ERROR


rtbAgentConfiguration: 
    agentConfigurationService OK  2016-05-05 06:13:38  Alive
rtbBanker: 
    PostAuctionLoop.slaveBanker ERR 2016-05-05 06:13:38  Sync with MasterBanker: ERROR
    router.slaveBanker   ERR 2016-05-05 06:13:39  Sync with MasterBanker: ERROR
rtbDataLogger: 
    data_logger          OK  2016-05-05 06:13:38  Alive
rtbPostAuctionService: 
    PostAuctionLoop      ERR 2016-05-05 06:13:38  WinLoss pipe: ERROR, CampaignEvent pipe: ERROR, Banker: ERROR
rtbRequestRouter: 
    router               ERR 2016-05-05 06:13:39  Connection to PAL: OK, Banker: ERROR


rtbAgentConfiguration: 
    agentConfigurationService OK  2016-05-05 06:13:48  Alive
rtbBanker: 
    PostAuctionLoop.slaveBanker ERR 2016-05-05 06:13:48  Sync with MasterBanker: ERROR
    router.slaveBanker   ERR 2016-05-05 06:13:49  Sync with MasterBanker: ERROR
rtbDataLogger: 
    data_logger          OK  2016-05-05 06:13:48  Alive
rtbPostAuctionService: 
    PostAuctionLoop      ERR 2016-05-05 06:13:48  WinLoss pipe: ERROR, CampaignEvent pipe: ERROR, Banker: ERROR
rtbRequestRouter: 
    router               ERR 2016-05-05 06:13:49  Connection to PAL: OK, Banker: ERROR


rtbAgentConfiguration: 
    agentConfigurationService OK  2016-05-05 06:13:58  Alive
rtbBanker: 
    PostAuctionLoop.slaveBanker ERR 2016-05-05 06:13:58  Sync with MasterBanker: ERROR
    router.slaveBanker   ERR 2016-05-05 06:13:59  Sync with MasterBanker: ERROR
rtbDataLogger: 
    data_logger          OK  2016-05-05 06:13:58  Alive
rtbPostAuctionService: 
    PostAuctionLoop      ERR 2016-05-05 06:13:58  WinLoss pipe: ERROR, CampaignEvent pipe: ERROR, Banker: ERROR
rtbRequestRouter: 
    router               ERR 2016-05-05 06:13:59  Connection to PAL: OK, Banker: ERROR


rtbAgentConfiguration: 
    agentConfigurationService OK  2016-05-05 06:14:08  Alive
rtbBanker: 
    PostAuctionLoop.slaveBanker ERR 2016-05-05 06:14:08  Sync with MasterBanker: ERROR
    router.slaveBanker   ERR 2016-05-05 06:14:09  Sync with MasterBanker: ERROR
rtbDataLogger: 
    data_logger          OK  2016-05-05 06:14:08  Alive
rtbPostAuctionService: 
    PostAuctionLoop      ERR 2016-05-05 06:14:08  WinLoss pipe: ERROR, CampaignEvent pipe: ERROR, Banker: ERROR
rtbRequestRouter: 
    router               ERR 2016-05-05 06:14:09  Connection to PAL: OK, Banker: ERROR


rtbAgentConfiguration: 
    agentConfigurationService OK  2016-05-05 06:14:18  Alive
rtbBanker: 
    PostAuctionLoop.slaveBanker ERR 2016-05-05 06:14:18  Sync with MasterBanker: ERROR
    router.slaveBanker   ERR 2016-05-05 06:14:19  Sync with MasterBanker: ERROR
rtbDataLogger: 
    data_logger          OK  2016-05-05 06:14:18  Alive
rtbPostAuctionService: 
    PostAuctionLoop      ERR 2016-05-05 06:14:18  WinLoss pipe: ERROR, CampaignEvent pipe: ERROR, Banker: ERROR
rtbRequestRouter: 
    router               ERR 2016-05-05 06:14:19  Connection to PAL: OK, Banker: ERROR


rtbAgentConfiguration: 
    agentConfigurationService OK  2016-05-05 06:14:28  Alive
rtbBanker: 
    PostAuctionLoop.slaveBanker ERR 2016-05-05 06:14:28  Sync with MasterBanker: ERROR
    router.slaveBanker   ERR 2016-05-05 06:14:29  Sync with MasterBanker: ERROR
rtbDataLogger: 
    data_logger          OK  2016-05-05 06:14:28  Alive
rtbPostAuctionService: 
    PostAuctionLoop      ERR 2016-05-05 06:14:28  WinLoss pipe: ERROR, CampaignEvent pipe: ERROR, Banker: ERROR
rtbRequestRouter: 
    router               ERR 2016-05-05 06:14:29  Connection to PAL: OK, Banker: ERROR


rtbAgentConfiguration: 
    agentConfigurationService OK  2016-05-05 06:14:38  Alive
rtbBanker: 
    PostAuctionLoop.slaveBanker ERR 2016-05-05 06:14:38  Sync with MasterBanker: ERROR
    router.slaveBanker   ERR 2016-05-05 06:14:39  Sync with MasterBanker: ERROR
rtbDataLogger: 
    data_logger          OK  2016-05-05 06:14:38  Alive
rtbPostAuctionService: 
    PostAuctionLoop      ERR 2016-05-05 06:14:38  WinLoss pipe: ERROR, CampaignEvent pipe: ERROR, Banker: ERROR
rtbRequestRouter: 
    router               ERR 2016-05-05 06:14:39  Connection to PAL: OK, Banker: ERROR


rtbAgentConfiguration: 
    agentConfigurationService OK  2016-05-05 06:14:48  Alive
rtbBanker: 
    PostAuctionLoop.slaveBanker ERR 2016-05-05 06:14:48  Sync with MasterBanker: ERROR
    router.slaveBanker   ERR 2016-05-05 06:14:49  Sync with MasterBanker: ERROR
rtbDataLogger: 
    data_logger          OK  2016-05-05 06:14:48  Alive
rtbPostAuctionService: 
    PostAuctionLoop      ERR 2016-05-05 06:14:48  WinLoss pipe: ERROR, CampaignEvent pipe: ERROR, Banker: ERROR
rtbRequestRouter: 
    router               ERR 2016-05-05 06:14:49  Connection to PAL: OK, Banker: ERROR


rtbAgentConfiguration: 
    agentConfigurationService OK  2016-05-05 06:14:58  Alive
rtbBanker: 
    PostAuctionLoop.slaveBanker ERR 2016-05-05 06:14:58  Sync with MasterBanker: ERROR
    router.slaveBanker   ERR 2016-05-05 06:14:59  Sync with MasterBanker: ERROR
rtbDataLogger: 
    data_logger          OK  2016-05-05 06:14:58  Alive
rtbPostAuctionService: 
    PostAuctionLoop      ERR 2016-05-05 06:14:58  WinLoss pipe: ERROR, CampaignEvent pipe: ERROR, Banker: ERROR
rtbRequestRouter: 
    router               ERR 2016-05-05 06:14:59  Connection to PAL: OK, Banker: ERROR


rtbAgentConfiguration: 
    agentConfigurationService OK  2016-05-05 06:15:08  Alive
rtbBanker: 
    PostAuctionLoop.slaveBanker ERR 2016-05-05 06:15:08  Sync with MasterBanker: ERROR
    router.slaveBanker   ERR 2016-05-05 06:15:09  Sync with MasterBanker: ERROR
rtbDataLogger: 
    data_logger          OK  2016-05-05 06:15:08  Alive
rtbPostAuctionService: 
    PostAuctionLoop      ERR 2016-05-05 06:15:08  WinLoss pipe: ERROR, CampaignEvent pipe: ERROR, Banker: ERROR
rtbRequestRouter: 
    router               ERR 2016-05-05 06:15:09  Connection to PAL: OK, Banker: ERROR


rtbAgentConfiguration: 
    agentConfigurationService OK  2016-05-05 06:15:18  Alive
rtbBanker: 
    PostAuctionLoop.slaveBanker ERR 2016-05-05 06:15:18  Sync with MasterBanker: ERROR
    router.slaveBanker   ERR 2016-05-05 06:15:19  Sync with MasterBanker: ERROR
rtbDataLogger: 
    data_logger          OK  2016-05-05 06:15:18  Alive
rtbPostAuctionService: 
    PostAuctionLoop      ERR 2016-05-05 06:15:18  WinLoss pipe: ERROR, CampaignEvent pipe: ERROR, Banker: ERROR
rtbRequestRouter: 
    router               ERR 2016-05-05 06:15:19  Connection to PAL: OK, Banker: ERROR


rtbAgentConfiguration: 
    agentConfigurationService OK  2016-05-05 06:15:28  Alive
rtbBanker: 
    PostAuctionLoop.slaveBanker ERR 2016-05-05 06:15:28  Sync with MasterBanker: ERROR
    router.slaveBanker   ERR 2016-05-05 06:15:29  Sync with MasterBanker: ERROR
rtbDataLogger: 
    data_logger          OK  2016-05-05 06:15:28  Alive
rtbPostAuctionService: 
    PostAuctionLoop      ERR 2016-05-05 06:15:28  WinLoss pipe: ERROR, CampaignEvent pipe: ERROR, Banker: ERROR
rtbRequestRouter: 
    router               ERR 2016-05-05 06:15:29  Connection to PAL: OK, Banker: ERROR
