FD limit too low: 1024/4096 smaller than recommended 65535
FD limit raised to: 4096
connecting to Carbon at 127.0.0.1:2003 (localhost)
2016-07-22 11:27:23.825 [1;32mZMQ [1;34mconnecting to monitor/zeromq[0m
2016-07-22 11:27:23.828 [1;32mZMQ [1;34mconnected to tcp://ip-172-31-19-171.eu-west-1.compute.internal:24000[0m
2016-07-22 11:27:23.829 [1;32mZMQ [1;34mconnecting to monitor/zeromq[0m
2016-07-22 11:27:23.830 [1;32mZMQ [1;34mconnected to tcp://ip-172-31-19-171.eu-west-1.compute.internal:24000[0m
2016-07-22 11:27:23.831 [1;32mSlaveBanker [1;34mSync Rate: 1[0m
2016-07-22 11:27:23.831 [1;32mSlaveBanker [1;34mSpend Rate: {"USD/1M":100000}[0m
2016-07-22 11:27:23.838 [1;32mZMQ [1;34mconnecting to masterBanker/zeromq[0m
2016-07-22 11:27:23.840 [1;32mZMQ [1;34mconnected to tcp://ip-172-31-19-171.eu-west-1.compute.internal:22000[0m
2016-07-22 11:27:23.840 [1;32mSlaveBankerArguments [1;34musing zmq interface for the MasterBanker[0m
2016-07-22 11:27:23.854 [1;32mMessage Loop Warning [1;34mmessage loop in polling mode will cause 2000 context switches per second due to polling on sources ZmqNamedEndpoint::socket[0m
agent fixed-price-agent-ex_1849 connected to router
2016-07-22 11:27:23.856 [1;32mZMQ Trace [1;34mconnecting to PostAuctionLoop / PostAuctionLoop[0m
2016-07-22 11:27:23.856 [1;32mMessage Loop Warning [1;34mmessage loop in polling mode will cause 2000 context switches per second due to polling on sources ZmqNamedEndpoint::socket[0m
2016-07-22 11:27:23.856 [1;32mMessage Loop Warning [1;34mmessage loop in polling mode will cause 2000 context switches per second due to polling on sources ZmqNamedEndpoint::socket[0m
2016-07-22 11:27:23.856 [1;32mZMQ [1;34mconnecting to PostAuctionLoop/events[0m
augmentor frequency-cap-ex has connected
2016-07-22 11:27:23.857 [1;32mZMQ [1;34mconnected to tcp://ip-172-31-19-171.eu-west-1.compute.internal:20000[0m
2016-07-22 11:27:23.859 [1;32mZMQ [1;34mconnecting to agentConfigurationService/listen[0m
2016-07-22 11:27:23.860 [1;32mZMQ [1;34mconnected to tcp://ip-172-31-19-171.eu-west-1.compute.internal:19000[0m
got configuration message fixed-price-agent-ex_1849
listening on hostname 0.0.0.0 port 17339
********* calling addSpendAccount for hello:world for SlaveBanker router.slaveBanker
my thread 140091473250048
response: 
my thread 140091473250048
response: 
total of 1.00039e+07 microseconds and 214 sleeps
CONFIG                                1         25   0.00%    25.00us/call
HEARTBEAT                            10        157   0.00%    15.70us/call
HELLO                                 1        190   0.00%   190.00us/call
PONG0                                 9        203   0.00%    22.56us/call
PONG1                                 9         73   0.00%     8.11us/call
checkExpiredAuctions                214        412   0.00%     1.93us/call
checks                              222          0   0.00%     0.00us/call
configureAgentOnExchange            223          1   0.00%     0.00us/call
doBid                               223        149   0.00%     0.67us/call
doConfig                            223        952   0.01%     4.27us/call
doStartBidding                      223        194   0.00%     0.87us/call
doSubmitted                         223         10   0.00%     0.04us/call
logBidEvents                         10        438   0.00%    43.80us/call
sendPings                             9        242   0.00%    26.89us/call
sleep                               214       3719   0.04%    17.38us/call
sleepPoll                           214    9993879  99.90% 46700.37us/call
spinPoll                            223       3290   0.03%    14.75us/call
my thread 140091464857344
response: 
my thread 140091464857344
response: 
total of 9.9974e+06 microseconds and 213 sleeps
HEARTBEAT                            10        134   0.00%    13.40us/call
PONG0                                10        222   0.00%    22.20us/call
PONG1                                10         84   0.00%     8.40us/call
checkExpiredAuctions                213        413   0.00%     1.94us/call
checks                              222        402   0.00%     1.81us/call
configureAgentOnExchange            222          0   0.00%     0.00us/call
doBid                               222         77   0.00%     0.35us/call
doConfig                            222          0   0.00%     0.00us/call
doStartBidding                      222        175   0.00%     0.79us/call
doSubmitted                         222          4   0.00%     0.02us/call
logBidEvents                         10        161   0.00%    16.10us/call
sendPings                            10        269   0.00%    26.90us/call
sleep                               213       3780   0.04%    17.75us/call
sleepPoll                           213    9988517  99.91% 46894.45us/call
spinPoll                            222       3163   0.03%    14.25us/call
my thread 140091464857344
response: 
total of 9.99718e+06 microseconds and 212 sleeps
HEARTBEAT                            10        149   0.00%    14.90us/call
PONG0                                10        202   0.00%    20.20us/call
PONG1                                10         80   0.00%     8.00us/call
checkExpiredAuctions                212        215   0.00%     1.01us/call
checks                              220        198   0.00%     0.90us/call
configureAgentOnExchange            220          0   0.00%     0.00us/call
doBid                               220        114   0.00%     0.52us/call
doConfig                            220          0   0.00%     0.00us/call
doStartBidding                      220          0   0.00%     0.00us/call
doSubmitted                         220          3   0.00%     0.01us/call
logBidEvents                         10        185   0.00%    18.50us/call
sendPings                            10        280   0.00%    28.00us/call
sleep                               212       3902   0.04%    18.41us/call
sleepPoll                           212    9988713  99.92% 47116.57us/call
spinPoll                            220       3135   0.03%    14.25us/call
my thread 140091473250048
response: 
my thread 140091473250048
response: 
total of 1.00473e+07 microseconds and 214 sleeps
HEARTBEAT                            10        125   0.00%    12.50us/call
PONG0                                10        209   0.00%    20.90us/call
PONG1                                10         88   0.00%     8.80us/call
checkExpiredAuctions                214        330   0.00%     1.54us/call
checks                              223        672   0.01%     3.01us/call
configureAgentOnExchange            223          0   0.00%     0.00us/call
doBid                               223         62   0.00%     0.28us/call
doConfig                            223          0   0.00%     0.00us/call
doStartBidding                      223        175   0.00%     0.78us/call
doSubmitted                         223          4   0.00%     0.02us/call
logBidEvents                         10        177   0.00%    17.70us/call
sendPings                            10        269   0.00%    26.90us/call
sleep                               214       3875   0.04%    18.11us/call
sleepPoll                           214   10038077  99.91% 46906.90us/call
spinPoll                            223       3222   0.03%    14.45us/call
my thread 140091464857344
response: 
total of 9.99764e+06 microseconds and 210 sleeps
HEARTBEAT                            10        129   0.00%    12.90us/call
PONG0                                 9        173   0.00%    19.22us/call
PONG1                                 9         60   0.00%     6.67us/call
checkExpiredAuctions                210        161   0.00%     0.77us/call
checks                              218        182   0.00%     0.83us/call
configureAgentOnExchange            218          0   0.00%     0.00us/call
doBid                               218         74   0.00%     0.34us/call
doConfig                            218          0   0.00%     0.00us/call
doStartBidding                      218          0   0.00%     0.00us/call
doSubmitted                         218          2   0.00%     0.01us/call
logBidEvents                          9        142   0.00%    15.78us/call
sendPings                             9        203   0.00%    22.56us/call
sleep                               210       3523   0.04%    16.78us/call
sleepPoll                           210    9989890  99.92% 47570.90us/call
spinPoll                            218       3098   0.03%    14.21us/call
my thread 140091473250048
response: 
total of 1.00471e+07 microseconds and 214 sleeps
HEARTBEAT                            10        140   0.00%    14.00us/call
PONG0                                10        246   0.00%    24.60us/call
PONG1                                10         88   0.00%     8.80us/call
checkExpiredAuctions                214        273   0.00%     1.28us/call
checks                              222        218   0.00%     0.98us/call
configureAgentOnExchange            222          0   0.00%     0.00us/call
doBid                               222        116   0.00%     0.52us/call
doConfig                            222          0   0.00%     0.00us/call
doStartBidding                      222         92   0.00%     0.41us/call
doSubmitted                         222          2   0.00%     0.01us/call
logBidEvents                         10        174   0.00%    17.40us/call
sendPings                            10        279   0.00%    27.90us/call
sleep                               214       3689   0.04%    17.24us/call
sleepPoll                           214   10038622  99.92% 46909.45us/call
spinPoll                            222       3185   0.03%    14.35us/call
my thread 140091473250048
response: 
my thread 140091464857344
response: 
my thread 140091473250048
response: 
