FD limit too low: 1024/4096 smaller than recommended 65535
FD limit raised to: 4096
2016-05-05 09:20:58.141 [1;32mZMQ [1;34mconnecting to monitor/zeromq[0m
2016-05-05 09:20:58.158 [1;32mZMQ [1;34mconnected to tcp://127.0.0.1:24000[0m
2016-05-05 09:20:58.191 [1;32mZMQ [1;34mconnecting to monitor/zeromq[0m
2016-05-05 09:20:58.208 [1;32mZMQ [1;34mconnected to tcp://127.0.0.1:24000[0m
2016-05-05 09:20:58.227 [1;32mSlaveBanker [1;34mSync Rate: 1[0m
2016-05-05 09:20:58.227 [1;32mSlaveBanker [1;34mSpend Rate: {"USD/1M":100000}[0m
wexists handler returned -101
2. returning result 
2016-05-05 09:20:58.266 [1;32mSlaveBankerArguments [1;34musing zmq interface for the MasterBanker[0m
2016-05-05 09:20:58.366 [1;32mMessage Loop Warning [1;34mmessage loop in polling mode will cause 2000 context switches per second due to polling on sources ZmqNamedEndpoint::socket[0m
2016-05-05 09:20:58.366 [1;32mMessage Loop Warning [1;34mmessage loop in polling mode will cause 2000 context switches per second due to polling on sources ZmqNamedEndpoint::socket[0m
2016-05-05 09:20:58.366 [1;32mMessage Loop Warning [1;34mmessage loop in polling mode will cause 2000 context switches per second due to polling on sources ZmqNamedEndpoint::socket[0m
augmentor frequency-cap-ex has connected
2016-05-05 09:20:58.367 [1;32mZMQ Trace [1;34mconnecting to PostAuctionLoop / PostAuctionLoop[0m
2016-05-05 09:20:58.367 [1;32mZMQ [1;34mconnecting to PostAuctionLoop/events[0m
2016-05-05 09:20:58.368 [1;32mZMQ [1;34mconnected to tcp://127.0.0.1:20000[0m
agent fixed-price-agent-ex_3018 connected to router
2016-05-05 09:20:58.368 [1;32mZMQ [1;34mconnecting to agentConfigurationService/listen[0m
2016-05-05 09:20:58.369 [1;32mZMQ [1;34mconnected to tcp://127.0.0.1:19000[0m
got configuration message fixed-price-agent-ex_3018
********* calling addSpendAccount for hello:world for SlaveBanker router.slaveBanker
error: exception in context Banker addAccount
listening on hostname 0.0.0.0 port 12339
total of 1.00172e+07 microseconds and 212 sleeps
CONFIG                                1         19   0.00%    19.00us/call
HEARTBEAT                             9         70   0.00%     7.78us/call
HELLO                                 1         33   0.00%    33.00us/call
PONG0                                 9        132   0.00%    14.67us/call
PONG1                                 9         58   0.00%     6.44us/call
checkExpiredAuctions                212         27   0.00%     0.13us/call
checks                              220          2   0.00%     0.01us/call
configureAgentOnExchange            221         15   0.00%     0.07us/call
doBid                               221          2   0.00%     0.01us/call
doConfig                            221        558   0.01%     2.52us/call
doStartBidding                      221          0   0.00%     0.00us/call
doSubmitted                         221      65512   0.65%   296.43us/call
logBidEvents                         10        113   0.00%    11.30us/call
sendPings                             9        160   0.00%    17.78us/call
sleep                               212       4218   0.04%    19.90us/call
sleepPoll                           212    9944146  99.27% 46906.35us/call
spinPoll                            221       2117   0.02%     9.58us/call
got configuration message fixed-price-agent-ex_3018
agent fixed-price-agent-ex_3018 lost configuration
agent fixed-price-agent-ex_3018 appears to be dead
WARNING: dead agent doesn't clean up its state properly
total of 1.00265e+07 microseconds and 199 sleeps
checkExpiredAuctions                199          4   0.00%     0.02us/call
checks                              199        271   0.00%     1.36us/call
configureAgentOnExchange            199          5   0.00%     0.03us/call
doBid                               199          0   0.00%     0.00us/call
doConfig                            199         22   0.00%     0.11us/call
doStartBidding                      199          0   0.00%     0.00us/call
doSubmitted                         199      66605   0.66%   334.70us/call
logBidEvents                         10         78   0.00%     7.80us/call
sendPings                            10         14   0.00%     1.40us/call
sleep                               199          0   0.00%     0.00us/call
sleepPoll                           199    9957629  99.31% 50038.34us/call
spinPoll                            199       1920   0.02%     9.65us/call
total of 1.00241e+07 microseconds and 199 sleeps
checkExpiredAuctions                199          0   0.00%     0.00us/call
checks                              199        227   0.00%     1.14us/call
configureAgentOnExchange            199          0   0.00%     0.00us/call
doBid                               199          0   0.00%     0.00us/call
doConfig                            199          0   0.00%     0.00us/call
doStartBidding                      199          0   0.00%     0.00us/call
doSubmitted                         199      64897   0.65%   326.12us/call
logBidEvents                         10         87   0.00%     8.70us/call
sendPings                            10          0   0.00%     0.00us/call
sleep                               199          0   0.00%     0.00us/call
sleepPoll                           199    9957033  99.33% 50035.34us/call
spinPoll                            199       1905   0.02%     9.57us/call
total of 1.00275e+07 microseconds and 199 sleeps
checkExpiredAuctions                199          8   0.00%     0.04us/call
checks                              199        117   0.00%     0.59us/call
configureAgentOnExchange            199          0   0.00%     0.00us/call
doBid                               199          3   0.00%     0.02us/call
doConfig                            199          0   0.00%     0.00us/call
doStartBidding                      199          0   0.00%     0.00us/call
doSubmitted                         199      67358   0.67%   338.48us/call
logBidEvents                         10         85   0.00%     8.50us/call
sendPings                            10          0   0.00%     0.00us/call
sleep                               199          0   0.00%     0.00us/call
sleepPoll                           199    9957987  99.31% 50040.14us/call
spinPoll                            199       1895   0.02%     9.52us/call
total of 1.00223e+07 microseconds and 199 sleeps
checkExpiredAuctions                199          1   0.00%     0.01us/call
checks                              199        136   0.00%     0.68us/call
configureAgentOnExchange            199          0   0.00%     0.00us/call
doBid                               199          0   0.00%     0.00us/call
doConfig                            199          0   0.00%     0.00us/call
doStartBidding                      199          0   0.00%     0.00us/call
doSubmitted                         199      62995   0.63%   316.56us/call
logBidEvents                         10         79   0.00%     7.90us/call
sendPings                            10          0   0.00%     0.00us/call
sleep                               199          0   0.00%     0.00us/call
sleepPoll                           199    9957269  99.35% 50036.53us/call
spinPoll                            199       1844   0.02%     9.27us/call
agent fixed-price-agent-ex_3141 connected to router
got configuration message fixed-price-agent-ex_3141
total of 9.97654e+06 microseconds and 2416 sleeps
BID                                1161     109851   1.10%    94.62us/call
CONFIG                                1         14   0.00%    14.00us/call
HEARTBEAT                             5         51   0.00%    10.20us/call
HELLO                                 1         38   0.00%    38.00us/call
PONG0                                 5         75   0.00%    15.00us/call
PONG1                                 5         56   0.00%    11.20us/call
checkExpiredAuctions               2416         58   0.00%     0.02us/call
checks                             2430        157   0.00%     0.06us/call
configureAgentOnExchange           2430          0   0.00%     0.00us/call
doBid                              2430         44   0.00%     0.02us/call
doConfig                           2430        182   0.00%     0.07us/call
doStartBidding                     2430      52822   0.53%    21.74us/call
doSubmitted                        2430      59532   0.60%    24.50us/call
logBidEvents                         10         78   0.00%     7.80us/call
sendPings                            10         55   0.00%     5.50us/call
sleep                              2416     195700   1.96%    81.00us/call
sleepPoll                          2416    9526613  95.49%  3943.13us/call
spinPoll                           2430      31214   0.31%    12.85us/call
2016-05-05 09:21:59.227 [1;32mBankerDebug [1;34mCRITICAL:hello:world[0m
********* calling addSpendAccount for hello:world for SlaveBanker router.slaveBanker
got configuration message fixed-price-agent-ex_3141
agent fixed-price-agent-ex_3141 lost configuration
agent fixed-price-agent-ex_3141 has 85 undead auctions: 
  72980738 --> 2016-May-05 06:22:04 (3.61423s ago)
  135625892 --> 2016-May-05 06:22:04 (3.74533s ago)
  213624857 --> 2016-May-05 06:22:03 (4.75988s ago)
  257623104 --> 2016-May-05 06:22:06 (2.23833s ago)
  286948145 --> 2016-May-05 06:22:05 (2.69483s ago)
  371928271 --> 2016-May-05 06:22:05 (3.01193s ago)
  419764709 --> 2016-May-05 06:22:04 (4.29005s ago)
  434821388 --> 2016-May-05 06:22:05 (2.7592s ago)
  472935306 --> 2016-May-05 06:22:04 (4.32154s ago)
  489926383 --> 2016-May-05 06:22:05 (2.8289s ago)
  523367112 --> 2016-May-05 06:22:03 (4.49724s ago)
  539718195 --> 2016-May-05 06:22:04 (4.25871s ago)
  552734686 --> 2016-May-05 06:22:05 (2.98149s ago)
  686336331 --> 2016-May-05 06:22:06 (2.31196s ago)
  709007710 --> 2016-May-05 06:22:04 (4.11481s ago)
  717849264 --> 2016-May-05 06:22:04 (4.35202s ago)
  731723627 --> 2016-May-05 06:22:03 (4.93009s ago)
  735138448 --> 2016-May-05 06:22:04 (4.46031s ago)
  747147596 --> 2016-May-05 06:22:05 (3.18259s ago)
  764242084 --> 2016-May-05 06:22:04 (3.64587s ago)
  881386668 --> 2016-May-05 06:22:04 (3.52s ago)
  922687270 --> 2016-May-05 06:22:06 (2.47493s ago)
  926893997 --> 2016-May-05 06:22:05 (3.12006s ago)
  988758720 --> 2016-May-05 06:22:03 (4.59135s ago)
  1099800392 --> 2016-May-05 06:22:03 (4.72565s ago)
  1121649778 --> 2016-May-05 06:22:05 (2.72863s ago)
  1249826225 --> 2016-May-05 06:22:05 (3.07895s ago)
  1429422164 --> 2016-May-05 06:22:05 (2.5694s ago)
  1465726397 --> 2016-May-05 06:22:04 (3.91162s ago)
  1494228539 --> 2016-May-05 06:22:03 (4.9626s ago)
  1659315665 --> 2016-May-05 06:22:03 (4.6242s ago)
  1675772033 --> 2016-May-05 06:22:04 (3.77586s ago)
  1701207545 --> 2016-May-05 06:22:05 (2.53727s ago)
  1840053794 --> 2016-May-05 06:22:05 (3.2787s ago)
  1898401106 --> 2016-May-05 06:22:05 (3.41052s ago)
  1944485295 --> 2016-May-05 06:22:06 (2.44066s ago)
  1971881258 --> 2016-May-05 06:22:05 (3.3086s ago)
  2055938422 --> 2016-May-05 06:22:04 (3.7142s ago)
  2100332225 --> 2016-May-05 06:22:05 (2.93666s ago)
  2208912802 --> 2016-May-05 06:22:05 (2.86228s ago)
  2215977548 --> 2016-May-05 06:22:06 (2.1991s ago)
  2239382305 --> 2016-May-05 06:22:04 (4.08327s ago)
  2250888196 --> 2016-May-05 06:22:05 (3.37719s ago)
  2369777023 --> 2016-May-05 06:22:05 (2.50464s ago)
  2374332843 --> 2016-May-05 06:22:04 (4.1825s ago)
  2409060994 --> 2016-May-05 06:22:06 (2.27542s ago)
  2420110666 --> 2016-May-05 06:22:04 (3.87607s ago)
  2423508634 --> 2016-May-05 06:22:05 (2.60255s ago)
  2492854105 --> 2016-May-05 06:22:03 (4.66369s ago)
  2547850623 --> 2016-May-05 06:22:03 (4.69387s ago)
  2603217494 --> 2016-May-05 06:22:03 (4.99539s ago)
  2627530391 --> 2016-May-05 06:22:04 (4.21766s ago)
  2630832990 --> 2016-May-05 06:22:05 (2.78985s ago)
  2758673699 --> 2016-May-05 06:22:05 (2.89639s ago)
  2857807295 --> 2016-May-05 06:22:03 (4.52878s ago)
  2953752338 --> 2016-May-05 06:22:03 (4.79031s ago)
  2955635316 --> 2016-May-05 06:22:05 (2.66476s ago)
  3013398997 --> 2016-May-05 06:22:04 (4.42976s ago)
  3018107960 --> 2016-May-05 06:22:03 (4.86403s ago)
  3083874880 --> 2016-May-05 06:22:04 (4.39565s ago)
  3087151999 --> 2016-May-05 06:22:04 (3.97774s ago)
  3224004472 --> 2016-May-05 06:22:05 (3.48019s ago)
  3231099772 --> 2016-May-05 06:22:05 (3.15006s ago)
  3320815275 --> 2016-May-05 06:22:04 (3.55175s ago)
  3370271499 --> 2016-May-05 06:22:06 (2.16639s ago)
  3370907920 --> 2016-May-05 06:22:04 (4.05233s ago)
  3379291338 --> 2016-May-05 06:22:04 (3.67587s ago)
  3429057316 --> 2016-May-05 06:22:05 (2.63312s ago)
  3503511649 --> 2016-May-05 06:22:03 (4.89755s ago)
  3512901183 --> 2016-May-05 06:22:05 (3.44162s ago)
  3518851496 --> 2016-May-05 06:22:04 (3.58344s ago)
  3550329483 --> 2016-May-05 06:22:04 (4.14785s ago)
  3828406425 --> 2016-May-05 06:22:03 (4.55985s ago)
  3850039036 --> 2016-May-05 06:22:04 (3.80769s ago)
  3884072006 --> 2016-May-05 06:22:05 (3.04793s ago)
  3947080138 --> 2016-May-05 06:22:06 (2.37533s ago)
  3999012689 --> 2016-May-05 06:22:05 (3.24813s ago)
  4017504837 --> 2016-May-05 06:22:04 (3.84461s ago)
  4056407752 --> 2016-May-05 06:22:06 (2.34297s ago)
  4088009583 --> 2016-May-05 06:22:04 (4.01406s ago)
  4178544741 --> 2016-May-05 06:22:06 (2.40983s ago)
  4255978915 --> 2016-May-05 06:22:05 (3.34194s ago)
  4256437440 --> 2016-May-05 06:22:03 (4.83036s ago)
  4263008447 --> 2016-May-05 06:22:04 (3.94606s ago)
  4292429193 --> 2016-May-05 06:22:05 (3.2152s ago)
total of 9.97743e+06 microseconds and 2186 sleeps
BID                                 965      94857   0.95%    98.30us/call
HEARTBEAT                             4         64   0.00%    16.00us/call
PONG0                                 5         60   0.00%    12.00us/call
PONG1                                 5         33   0.00%     6.60us/call
checkExpiredAuctions               2186        863   0.01%     0.39us/call
checks                             2198        274   0.00%     0.12us/call
configureAgentOnExchange           2198          7   0.00%     0.00us/call
doBid                              2198         55   0.00%     0.03us/call
doConfig                           2198         24   0.00%     0.01us/call
doStartBidding                     2198      52115   0.52%    23.71us/call
doSubmitted                        2198      48908   0.49%    22.25us/call
logBidEvents                         10         86   0.00%     8.60us/call
sendPings                            10         52   0.00%     5.20us/call
sleep                              2186     178407   1.79%    81.61us/call
sleepPoll                          2186    9569839  95.91%  4377.79us/call
spinPoll                           2198      31788   0.32%    14.46us/call
agent fixed-price-agent-ex_3141 appears to be dead
WARNING: dead agent doesn't clean up its state properly
total of 1.00315e+07 microseconds and 199 sleeps
checkExpiredAuctions                199       2460   0.02%    12.36us/call
checks                              199       1732   0.02%     8.70us/call
configureAgentOnExchange            199          0   0.00%     0.00us/call
doBid                               199          1   0.00%     0.01us/call
doConfig                            199          0   0.00%     0.00us/call
doStartBidding                      199          0   0.00%     0.00us/call
doSubmitted                         199      68350   0.68%   343.47us/call
logBidEvents                         10         87   0.00%     8.70us/call
sendPings                            10          0   0.00%     0.00us/call
sleep                               199          0   0.00%     0.00us/call
sleepPoll                           199    9957060  99.26% 50035.48us/call
spinPoll                            199       1841   0.02%     9.25us/call
total of 1.00341e+07 microseconds and 199 sleeps
checkExpiredAuctions                199          5   0.00%     0.03us/call
checks                              199        256   0.00%     1.29us/call
configureAgentOnExchange            199          0   0.00%     0.00us/call
doBid                               199          0   0.00%     0.00us/call
doConfig                            199          0   0.00%     0.00us/call
doStartBidding                      199          0   0.00%     0.00us/call
doSubmitted                         199      74197   0.74%   372.85us/call
logBidEvents                         10         85   0.00%     8.50us/call
sendPings                            10          0   0.00%     0.00us/call
sleep                               199          0   0.00%     0.00us/call
sleepPoll                           199    9957653  99.24% 50038.46us/call
spinPoll                            199       1930   0.02%     9.70us/call
total of 1.00324e+07 microseconds and 199 sleeps
checkExpiredAuctions                199          4   0.00%     0.02us/call
checks                              199        130   0.00%     0.65us/call
configureAgentOnExchange            199          0   0.00%     0.00us/call
doBid                               199          0   0.00%     0.00us/call
doConfig                            199          0   0.00%     0.00us/call
doStartBidding                      199          0   0.00%     0.00us/call
doSubmitted                         199      73077   0.73%   367.22us/call
logBidEvents                         10         75   0.00%     7.50us/call
sendPings                            10          0   0.00%     0.00us/call
sleep                               199          0   0.00%     0.00us/call
sleepPoll                           199    9957178  99.25% 50036.07us/call
spinPoll                            199       1893   0.02%     9.51us/call
agent fixed-price-agent-ex_3151 connected to router
got configuration message fixed-price-agent-ex_3151
total of 9.99916e+06 microseconds and 322 sleeps
BID                                  63       6433   0.06%   102.11us/call
CONFIG                                1         12   0.00%    12.00us/call
HELLO                                 1         27   0.00%    27.00us/call
PONG0                                 1         13   0.00%    13.00us/call
PONG1                                 1          7   0.00%     7.00us/call
checkExpiredAuctions                322          3   0.00%     0.01us/call
checks                              323        165   0.00%     0.51us/call
configureAgentOnExchange            323          0   0.00%     0.00us/call
doBid                               323          0   0.00%     0.00us/call
doConfig                            323        207   0.00%     0.64us/call
doStartBidding                      323       2844   0.03%     8.80us/call
doSubmitted                         323      72485   0.72%   224.41us/call
logBidEvents                         10         85   0.00%     8.50us/call
sendPings                            10         11   0.00%     1.10us/call
sleep                               322      11362   0.11%    35.29us/call
sleepPoll                           322    9902125  99.03% 30751.94us/call
spinPoll                            323       3379   0.03%    10.46us/call
total of 9.96021e+06 microseconds and 4025 sleeps
BID                                2009     202674   2.03%   100.88us/call
HEARTBEAT                             9        148   0.00%    16.44us/call
PONG0                                 9        197   0.00%    21.89us/call
PONG1                                 9        100   0.00%    11.11us/call
checkExpiredAuctions               4025        118   0.00%     0.03us/call
checks                             4056        233   0.00%     0.06us/call
configureAgentOnExchange           4056         26   0.00%     0.01us/call
doBid                              4056         73   0.00%     0.02us/call
doConfig                           4056          6   0.00%     0.00us/call
doStartBidding                     4056      90667   0.91%    22.35us/call
doSubmitted                        4056      74426   0.75%    18.35us/call
logBidEvents                         10        112   0.00%    11.20us/call
sendPings                            10        130   0.00%    13.00us/call
sleep                              4025     367921   3.69%    91.41us/call
sleepPoll                          4025    9175591  92.12%  2279.65us/call
spinPoll                           4056      47790   0.48%    11.78us/call
2016-05-05 09:23:00.227 [1;32mBankerDebug [1;34mCRITICAL:hello:world[0m
********* calling addSpendAccount for hello:world for SlaveBanker router.slaveBanker
got configuration message fixed-price-agent-ex_3151
agent fixed-price-agent-ex_3151 lost configuration
agent fixed-price-agent-ex_3151 appears to be dead
WARNING: dead agent doesn't clean up its state properly
total of 9.98867e+06 microseconds and 1520 sleeps
checkExpiredAuctions               1520       5707   0.06%     3.75us/call
checks                             1520        256   0.00%     0.17us/call
configureAgentOnExchange           1520         18   0.00%     0.01us/call
doBid                              1520         46   0.00%     0.03us/call
doConfig                           1520         21   0.00%     0.01us/call
doStartBidding                     1520      30427   0.30%    20.02us/call
doSubmitted                        1520      50391   0.50%    33.15us/call
logBidEvents                         10         99   0.00%     9.90us/call
sendPings                            10          0   0.00%     0.00us/call
sleep                              1520         13   0.00%     0.01us/call
sleepPoll                          1520    9882557  98.94%  6501.68us/call
spinPoll                           1520      19133   0.19%    12.59us/call
total of 1.00067e+07 microseconds and 198 sleeps
checkExpiredAuctions                198         35   0.00%     0.18us/call
checks                              198        342   0.00%     1.73us/call
configureAgentOnExchange            198          0   0.00%     0.00us/call
doBid                               198         14   0.00%     0.07us/call
doConfig                            198          0   0.00%     0.00us/call
doStartBidding                      198          0   0.00%     0.00us/call
doSubmitted                         198      96241   0.96%   486.07us/call
logBidEvents                         10        103   0.00%    10.30us/call
sendPings                            10          0   0.00%     0.00us/call
sleep                               198          0   0.00%     0.00us/call
sleepPoll                           198    9908041  99.01% 50040.61us/call
spinPoll                            198       1959   0.02%     9.89us/call
total of 1.00213e+07 microseconds and 198 sleeps
checkExpiredAuctions                198         51   0.00%     0.26us/call
checks                              198        150   0.00%     0.76us/call
configureAgentOnExchange            198          0   0.00%     0.00us/call
doBid                               198         15   0.00%     0.08us/call
doConfig                            198          0   0.00%     0.00us/call
doStartBidding                      198          0   0.00%     0.00us/call
doSubmitted                         198     110651   1.10%   558.84us/call
logBidEvents                          9         94   0.00%    10.44us/call
sendPings                            10          0   0.00%     0.00us/call
sleep                               198          0   0.00%     0.00us/call
sleepPoll                           198    9908411  98.87% 50042.48us/call
spinPoll                            198       1909   0.02%     9.64us/call
total of 1.00342e+07 microseconds and 198 sleeps
checkExpiredAuctions                198         79   0.00%     0.40us/call
checks                              198        119   0.00%     0.60us/call
configureAgentOnExchange            198          0   0.00%     0.00us/call
doBid                               198         29   0.00%     0.15us/call
doConfig                            198          0   0.00%     0.00us/call
doStartBidding                      198          0   0.00%     0.00us/call
doSubmitted                         198     123788   1.23%   625.19us/call
logBidEvents                         10        107   0.00%    10.70us/call
sendPings                             9          0   0.00%     0.00us/call
sleep                               198          0   0.00%     0.00us/call
sleepPoll                           198    9908155  98.74% 50041.19us/call
spinPoll                            198       1971   0.02%     9.95us/call
agent fixed-price-agent-ex_3182 connected to router
got configuration message fixed-price-agent-ex_3182
total of 9.97431e+06 microseconds and 2308 sleeps
BID                                1120     113262   1.14%   101.13us/call
CONFIG                                1         12   0.00%    12.00us/call
HEARTBEAT                             5        159   0.00%    31.80us/call
HELLO                                 1         35   0.00%    35.00us/call
PONG0                                 5        123   0.00%    24.60us/call
PONG1                                 5         70   0.00%    14.00us/call
checkExpiredAuctions               2308         65   0.00%     0.03us/call
checks                             2354        136   0.00%     0.06us/call
configureAgentOnExchange           2354         21   0.00%     0.01us/call
doBid                              2354         31   0.00%     0.01us/call
doConfig                           2354        331   0.00%     0.14us/call
doStartBidding                     2354      48118   0.48%    20.44us/call
doSubmitted                        2354      97391   0.98%    41.37us/call
logBidEvents                         10         87   0.00%     8.70us/call
sendPings                            10         48   0.00%     4.80us/call
sleep                              2308     188364   1.89%    81.61us/call
sleepPoll                          2308    9494872  95.19%  4113.90us/call
spinPoll                           2354      31186   0.31%    13.25us/call
got configuration message fixed-price-agent-ex_3182
agent fixed-price-agent-ex_3182 lost configuration
agent fixed-price-agent-ex_3182 has 93 undead auctions: 
  16509479 --> 2016-May-05 06:23:56 (2.59308s ago)
  19571914 --> 2016-May-05 06:23:55 (3.61993s ago)
  121893593 --> 2016-May-05 06:23:54 (3.94827s ago)
  161373054 --> 2016-May-05 06:23:54 (3.87877s ago)
  196030634 --> 2016-May-05 06:23:55 (2.6884s ago)
  287661656 --> 2016-May-05 06:23:54 (3.77335s ago)
  308337841 --> 2016-May-05 06:23:56 (2.3926s ago)
  348734693 --> 2016-May-05 06:23:54 (4.66977s ago)
  358019830 --> 2016-May-05 06:23:56 (1.92423s ago)
  426483152 --> 2016-May-05 06:23:53 (4.88248s ago)
  476243255 --> 2016-May-05 06:23:55 (2.78099s ago)
  499204587 --> 2016-May-05 06:23:55 (3.58271s ago)
  616047748 --> 2016-May-05 06:23:54 (4.35057s ago)
  618315675 --> 2016-May-05 06:23:54 (4.07826s ago)
  763362684 --> 2016-May-05 06:23:53 (4.91483s ago)
  768952073 --> 2016-May-05 06:23:54 (4.28732s ago)
  782343446 --> 2016-May-05 06:23:53 (4.74906s ago)
  813669712 --> 2016-May-05 06:23:54 (4.51032s ago)
  838421913 --> 2016-May-05 06:23:56 (2.24663s ago)
  931184822 --> 2016-May-05 06:23:56 (2.49665s ago)
  944721822 --> 2016-May-05 06:23:54 (4.44475s ago)
  959192220 --> 2016-May-05 06:23:56 (2.52836s ago)
  977511531 --> 2016-May-05 06:23:56 (2.21069s ago)
  983980245 --> 2016-May-05 06:23:55 (3.38277s ago)
  1029959817 --> 2016-May-05 06:23:54 (4.60595s ago)
  1033844808 --> 2016-May-05 06:23:56 (2.14989s ago)
  1037218229 --> 2016-May-05 06:23:55 (3.18239s ago)
  1076138523 --> 2016-May-05 06:23:56 (2.42589s ago)
  1079281954 --> 2016-May-05 06:23:55 (3.34745s ago)
  1216927195 --> 2016-May-05 06:23:53 (4.8465s ago)
  1221875782 --> 2016-May-05 06:23:54 (3.80494s ago)
  1262325444 --> 2016-May-05 06:23:53 (4.78142s ago)
  1298366478 --> 2016-May-05 06:23:54 (4.25577s ago)
  1318928553 --> 2016-May-05 06:23:55 (2.98044s ago)
  1455455474 --> 2016-May-05 06:23:54 (4.41299s ago)
  1469433089 --> 2016-May-05 06:23:55 (3.28425s ago)
  1583717624 --> 2016-May-05 06:23:54 (4.38232s ago)
  1639912206 --> 2016-May-05 06:23:55 (2.8478s ago)
  1670171642 --> 2016-May-05 06:23:56 (2.4587s ago)
  1723989930 --> 2016-May-05 06:23:55 (3.14974s ago)
  1741376268 --> 2016-May-05 06:23:54 (3.9838s ago)
  1826545964 --> 2016-May-05 06:23:55 (2.7502s ago)
  1830039912 --> 2016-May-05 06:23:55 (3.65101s ago)
  1874416362 --> 2016-May-05 06:23:55 (3.51554s ago)
  1907114389 --> 2016-May-05 06:23:55 (2.94865s ago)
  1910465266 --> 2016-May-05 06:23:54 (4.47898s ago)
  1987383657 --> 2016-May-05 06:23:56 (2.18074s ago)
  2012980967 --> 2016-May-05 06:23:53 (4.94799s ago)
  2025785155 --> 2016-May-05 06:23:55 (3.41332s ago)
  2157307367 --> 2016-May-05 06:23:56 (2.2792s ago)
  2168271334 --> 2016-May-05 06:23:54 (3.84811s ago)
  2169653515 --> 2016-May-05 06:23:56 (2.023s ago)
  2292397654 --> 2016-May-05 06:23:54 (4.11203s ago)
  2351131107 --> 2016-May-05 06:23:54 (4.04491s ago)
  2417223212 --> 2016-May-05 06:23:54 (4.57349s ago)
  2427882764 --> 2016-May-05 06:23:55 (3.54606s ago)
  2431487390 --> 2016-May-05 06:23:56 (2.65515s ago)
  2470173766 --> 2016-May-05 06:23:54 (4.54176s ago)
  2472441750 --> 2016-May-05 06:23:56 (2.5631s ago)
  2506218006 --> 2016-May-05 06:23:56 (2.05315s ago)
  2662924358 --> 2016-May-05 06:23:55 (3.31757s ago)
  2706815590 --> 2016-May-05 06:23:56 (2.62404s ago)
  2760870738 --> 2016-May-05 06:23:55 (3.22189s ago)
  2807258880 --> 2016-May-05 06:23:54 (3.68124s ago)
  2909727017 --> 2016-May-05 06:23:56 (2.11911s ago)
  2956344942 --> 2016-May-05 06:23:54 (4.22361s ago)
  3036866591 --> 2016-May-05 06:23:55 (3.08578s ago)
  3046163138 --> 2016-May-05 06:23:54 (4.63571s ago)
  3064128932 --> 2016-May-05 06:23:55 (3.05531s ago)
  3156931220 --> 2016-May-05 06:23:53 (4.71699s ago)
  3198941921 --> 2016-May-05 06:23:55 (2.8798s ago)
  3252958517 --> 2016-May-05 06:23:56 (2.08894s ago)
  3335994921 --> 2016-May-05 06:23:54 (4.31956s ago)
  3358968602 --> 2016-May-05 06:23:53 (4.98106s ago)
  3384373842 --> 2016-May-05 06:23:55 (2.72037s ago)
  3486492229 --> 2016-May-05 06:23:54 (3.74248s ago)
  3500932819 --> 2016-May-05 06:23:55 (3.11777s ago)
  3521082531 --> 2016-May-05 06:23:55 (3.01971s ago)
  3560990237 --> 2016-May-05 06:23:54 (4.01435s ago)
  3609636641 --> 2016-May-05 06:23:53 (4.81514s ago)
  3652123826 --> 2016-May-05 06:23:54 (3.90948s ago)
  3682980855 --> 2016-May-05 06:23:55 (2.81301s ago)
  3723080880 --> 2016-May-05 06:23:54 (4.15032s ago)
  3776475404 --> 2016-May-05 06:23:56 (1.95544s ago)
  3814914795 --> 2016-May-05 06:23:54 (4.19314s ago)
  3857458521 --> 2016-May-05 06:23:55 (3.2538s ago)
  3917161009 --> 2016-May-05 06:23:54 (3.71239s ago)
  3938093537 --> 2016-May-05 06:23:55 (3.44385s ago)
  3963101454 --> 2016-May-05 06:23:56 (1.98731s ago)
  4037753347 --> 2016-May-05 06:23:55 (2.91261s ago)
  4070626749 --> 2016-May-05 06:23:56 (2.31071s ago)
  4120398093 --> 2016-May-05 06:23:56 (2.34602s ago)
  4191910410 --> 2016-May-05 06:23:55 (3.47706s ago)
total of 9.9755e+06 microseconds and 2132 sleeps
BID                                 999     112297   1.13%   112.41us/call
HEARTBEAT                             4        136   0.00%    34.00us/call
PONG0                                 5        130   0.00%    26.00us/call
PONG1                                 5         34   0.00%     6.80us/call
checkExpiredAuctions               2132        517   0.01%     0.24us/call
checks                             2201        206   0.00%     0.09us/call
configureAgentOnExchange           2201         33   0.00%     0.01us/call
doBid                              2201         34   0.00%     0.02us/call
doConfig                           2201         14   0.00%     0.01us/call
doStartBidding                     2201      53328   0.53%    24.23us/call
doSubmitted                        2201      89429   0.90%    40.63us/call
logBidEvents                         10         97   0.00%     9.70us/call
sendPings                            10         57   0.00%     5.70us/call
sleep                              2132     184229   1.85%    86.41us/call
sleepPoll                          2132    9499091  95.22%  4455.48us/call
spinPoll                           2201      35870   0.36%    16.30us/call
2016-05-05 09:24:01.227 [1;32mBankerDebug [1;34mCRITICAL:hello:world[0m
********* calling addSpendAccount for hello:world for SlaveBanker router.slaveBanker
agent fixed-price-agent-ex_3182 appears to be dead
WARNING: dead agent doesn't clean up its state properly
total of 1.00009e+07 microseconds and 198 sleeps
checkExpiredAuctions                198       5320   0.05%    26.87us/call
checks                              198       1765   0.02%     8.91us/call
configureAgentOnExchange            198          0   0.00%     0.00us/call
doBid                               198          4   0.00%     0.02us/call
doConfig                            198          0   0.00%     0.00us/call
doStartBidding                      198          0   0.00%     0.00us/call
doSubmitted                         198      83985   0.84%   424.17us/call
logBidEvents                         10         97   0.00%     9.70us/call
sendPings                            10          0   0.00%     0.00us/call
sleep                               198          2   0.00%     0.01us/call
sleepPoll                           198    9907877  99.07% 50039.78us/call
spinPoll                            198       1869   0.02%     9.44us/call
total of 1.00063e+07 microseconds and 198 sleeps
checkExpiredAuctions                198         31   0.00%     0.16us/call
checks                              198        310   0.00%     1.57us/call
configureAgentOnExchange            198          0   0.00%     0.00us/call
doBid                               198         12   0.00%     0.06us/call
doConfig                            198          0   0.00%     0.00us/call
doStartBidding                      198          0   0.00%     0.00us/call
doSubmitted                         198      95584   0.96%   482.75us/call
logBidEvents                         10         95   0.00%     9.50us/call
sendPings                            10          0   0.00%     0.00us/call
sleep                               198          0   0.00%     0.00us/call
sleepPoll                           198    9908371  99.02% 50042.28us/call
spinPoll                            198       1903   0.02%     9.61us/call
total of 1.00402e+07 microseconds and 199 sleeps
checkExpiredAuctions                199         12   0.00%     0.06us/call
checks                              199        164   0.00%     0.82us/call
configureAgentOnExchange            199          0   0.00%     0.00us/call
doBid                               199          8   0.00%     0.04us/call
doConfig                            199          0   0.00%     0.00us/call
doStartBidding                      199          0   0.00%     0.00us/call
doSubmitted                         199      80638   0.80%   405.22us/call
logBidEvents                         10         98   0.00%     9.80us/call
sendPings                            10          0   0.00%     0.00us/call
sleep                               199          0   0.00%     0.00us/call
sleepPoll                           199    9957454  99.18% 50037.46us/call
spinPoll                            199       1851   0.02%     9.30us/call
agent fixed-price-agent-ex_3193 connected to router
got configuration message fixed-price-agent-ex_3193
total of 1.00319e+07 microseconds and 199 sleeps
CONFIG                                1         11   0.00%    11.00us/call
HELLO                                 1         27   0.00%    27.00us/call
checkExpiredAuctions                199         10   0.00%     0.05us/call
checks                              200        136   0.00%     0.68us/call
configureAgentOnExchange            200          0   0.00%     0.00us/call
doBid                               200          3   0.00%     0.01us/call
doConfig                            200        193   0.00%     0.96us/call
doStartBidding                      200          0   0.00%     0.00us/call
doSubmitted                         200      81717   0.81%   408.58us/call
logBidEvents                         10         90   0.00%     9.00us/call
sendPings                            10          0   0.00%     0.00us/call
sleep                               199          0   0.00%     0.00us/call
sleepPoll                           199    9947791  99.16% 49988.90us/call
spinPoll                            200       1916   0.02%     9.58us/call
total of 9.9717e+06 microseconds and 4157 sleeps
BID                                2083     231182   2.32%   110.99us/call
HEARTBEAT                            10        266   0.00%    26.60us/call
PONG0                                10        370   0.00%    37.00us/call
PONG1                                10        163   0.00%    16.30us/call
checkExpiredAuctions               4157        109   0.00%     0.03us/call
checks                             4199        174   0.00%     0.04us/call
configureAgentOnExchange           4199         30   0.00%     0.01us/call
doBid                              4199         59   0.00%     0.01us/call
doConfig                           4199         37   0.00%     0.01us/call
doStartBidding                     4199      96509   0.97%    22.98us/call
doSubmitted                        4199      99437   1.00%    23.68us/call
logBidEvents                         10        116   0.00%    11.60us/call
sendPings                            10        146   0.00%    14.60us/call
sleep                              4157     377520   3.79%    90.82us/call
sleepPoll                          4157    9111393  91.37%  2191.82us/call
spinPoll                           4199      54188   0.54%    12.90us/call
got configuration message fixed-price-agent-ex_3193
agent fixed-price-agent-ex_3193 lost configuration
agent fixed-price-agent-ex_3193 appears to be dead
WARNING: dead agent doesn't clean up its state properly
total of 9.987e+06 microseconds and 1462 sleeps
checkExpiredAuctions               1462       2091   0.02%     1.43us/call
checks                             1462        373   0.00%     0.26us/call
configureAgentOnExchange           1462         12   0.00%     0.01us/call
doBid                              1462         16   0.00%     0.01us/call
doConfig                           1462         35   0.00%     0.02us/call
doStartBidding                     1462      28448   0.28%    19.46us/call
doSubmitted                        1462      39472   0.40%    27.00us/call
logBidEvents                         10        111   0.00%    11.10us/call
sendPings                            10         17   0.00%     1.70us/call
sleep                              1462         26   0.00%     0.02us/call
sleepPoll                          1462    9899393  99.12%  6771.13us/call
spinPoll                           1462      17002   0.17%    11.63us/call
2016-05-05 09:25:02.227 [1;32mBankerDebug [1;34mCRITICAL:hello:world[0m
********* calling addSpendAccount for hello:world for SlaveBanker router.slaveBanker
total of 1.00368e+07 microseconds and 199 sleeps
checkExpiredAuctions                199          7   0.00%     0.04us/call
checks                              199        216   0.00%     1.09us/call
configureAgentOnExchange            199          0   0.00%     0.00us/call
doBid                               199          0   0.00%     0.00us/call
doConfig                            199          0   0.00%     0.00us/call
doStartBidding                      199          0   0.00%     0.00us/call
doSubmitted                         199      76624   0.76%   385.05us/call
logBidEvents                         10         98   0.00%     9.80us/call
sendPings                            10          0   0.00%     0.00us/call
sleep                               199          0   0.00%     0.00us/call
sleepPoll                           199    9957923  99.21% 50039.81us/call
spinPoll                            199       1889   0.02%     9.49us/call
total of 1.00353e+07 microseconds and 199 sleeps
checkExpiredAuctions                199          3   0.00%     0.02us/call
checks                              199        140   0.00%     0.70us/call
configureAgentOnExchange            199          0   0.00%     0.00us/call
doBid                               199          0   0.00%     0.00us/call
doConfig                            199          0   0.00%     0.00us/call
doStartBidding                      199          0   0.00%     0.00us/call
doSubmitted                         199      75677   0.75%   380.29us/call
logBidEvents                         10         97   0.00%     9.70us/call
sendPings                            10          0   0.00%     0.00us/call
sleep                               199          0   0.00%     0.00us/call
sleepPoll                           199    9957417  99.22% 50037.27us/call
spinPoll                            199       1917   0.02%     9.63us/call
total of 1.00337e+07 microseconds and 199 sleeps
checkExpiredAuctions                199          3   0.00%     0.02us/call
checks                              199        170   0.00%     0.85us/call
configureAgentOnExchange            199          0   0.00%     0.00us/call
doBid                               199          0   0.00%     0.00us/call
doConfig                            199          0   0.00%     0.00us/call
doStartBidding                      199          0   0.00%     0.00us/call
doSubmitted                         199      74192   0.74%   372.82us/call
logBidEvents                         10         95   0.00%     9.50us/call
sendPings                            10          0   0.00%     0.00us/call
sleep                               199          0   0.00%     0.00us/call
sleepPoll                           199    9957422  99.24% 50037.30us/call
spinPoll                            199       1837   0.02%     9.23us/call
agent fixed-price-agent-ex_3203 connected to router
got configuration message fixed-price-agent-ex_3203
total of 9.97936e+06 microseconds and 2186 sleeps
BID                                1042      98272   0.98%    94.31us/call
CONFIG                                1         15   0.00%    15.00us/call
HEARTBEAT                             4         23   0.00%     5.75us/call
HELLO                                 1         29   0.00%    29.00us/call
PONG0                                 5         59   0.00%    11.80us/call
PONG1                                 5         38   0.00%     7.60us/call
checkExpiredAuctions               2186         82   0.00%     0.04us/call
checks                             2202        157   0.00%     0.07us/call
configureAgentOnExchange           2202          8   0.00%     0.00us/call
doBid                              2202         50   0.00%     0.02us/call
doConfig                           2202        221   0.00%     0.10us/call
doStartBidding                     2202      48051   0.48%    21.82us/call
doSubmitted                        2202      65203   0.65%    29.61us/call
logBidEvents                         10         98   0.00%     9.80us/call
sendPings                            10         47   0.00%     4.70us/call
sleep                              2186     177196   1.78%    81.06us/call
sleepPoll                          2186    9563089  95.83%  4374.70us/call
spinPoll                           2202      26722   0.27%    12.14us/call
total of 1.00043e+07 microseconds and 2294 sleeps
BID                                1086      94310   0.94%    86.84us/call
HEARTBEAT                             5         30   0.00%     6.00us/call
PONG0                                 5         71   0.00%    14.20us/call
PONG1                                 5         40   0.00%     8.00us/call
checkExpiredAuctions               2294        107   0.00%     0.05us/call
checks                             2319        221   0.00%     0.10us/call
configureAgentOnExchange           2319         11   0.00%     0.00us/call
doBid                              2319         35   0.00%     0.02us/call
doConfig                           2319         10   0.00%     0.00us/call
doStartBidding                     2319      51565   0.52%    22.24us/call
doSubmitted                        2319      41216   0.41%    17.77us/call
logBidEvents                          9         94   0.00%    10.44us/call
sendPings                            10         59   0.00%     5.90us/call
sleep                              2294     191902   1.92%    83.65us/call
sleepPoll                          2294    9598221  95.94%  4184.05us/call
spinPoll                           2319      26378   0.26%    11.37us/call
got configuration message fixed-price-agent-ex_3203
agent fixed-price-agent-ex_3203 lost configuration
agent fixed-price-agent-ex_3203 appears to be dead
WARNING: dead agent doesn't clean up its state properly
total of 9.97749e+06 microseconds and 2479 sleeps
checkExpiredAuctions               2479       2251   0.02%     0.91us/call
checks                             2479        225   0.00%     0.09us/call
configureAgentOnExchange           2479         17   0.00%     0.01us/call
doBid                              2479         57   0.00%     0.02us/call
doConfig                           2479         37   0.00%     0.01us/call
doStartBidding                     2479      45804   0.46%    18.48us/call
doSubmitted                        2479      53033   0.53%    21.39us/call
logBidEvents                         10         81   0.00%     8.10us/call
sendPings                             9          0   0.00%     0.00us/call
sleep                              2479         33   0.00%     0.01us/call
sleepPoll                          2479    9844352  98.67%  3971.10us/call
spinPoll                           2479      31602   0.32%    12.75us/call
2016-05-05 09:26:03.227 [1;32mBankerDebug [1;34mCRITICAL:hello:world[0m
********* calling addSpendAccount for hello:world for SlaveBanker router.slaveBanker
total of 1.00353e+07 microseconds and 199 sleeps
checkExpiredAuctions                199          0   0.00%     0.00us/call
checks                              199        265   0.00%     1.33us/call
configureAgentOnExchange            199          0   0.00%     0.00us/call
doBid                               199          0   0.00%     0.00us/call
doConfig                            199          0   0.00%     0.00us/call
doStartBidding                      199          0   0.00%     0.00us/call
doSubmitted                         199      75503   0.75%   379.41us/call
logBidEvents                         10        102   0.00%    10.20us/call
sendPings                            10          0   0.00%     0.00us/call
sleep                               199          0   0.00%     0.00us/call
sleepPoll                           199    9957578  99.23% 50038.08us/call
spinPoll                            199       1869   0.02%     9.39us/call
total of 1.00351e+07 microseconds and 199 sleeps
checkExpiredAuctions                199          0   0.00%     0.00us/call
checks                              199        134   0.00%     0.67us/call
configureAgentOnExchange            199          0   0.00%     0.00us/call
doBid                               199          0   0.00%     0.00us/call
doConfig                            199          0   0.00%     0.00us/call
doStartBidding                      199          0   0.00%     0.00us/call
doSubmitted                         199      76100   0.76%   382.41us/call
logBidEvents                         10         90   0.00%     9.00us/call
sendPings                            10          0   0.00%     0.00us/call
sleep                               199          0   0.00%     0.00us/call
sleepPoll                           199    9956965  99.22% 50035.00us/call
spinPoll                            199       1855   0.02%     9.32us/call
total of 1.00376e+07 microseconds and 199 sleeps
checkExpiredAuctions                199          9   0.00%     0.05us/call
checks                              199        159   0.00%     0.80us/call
configureAgentOnExchange            199          0   0.00%     0.00us/call
doBid                               199          0   0.00%     0.00us/call
doConfig                            199          0   0.00%     0.00us/call
doStartBidding                      199          0   0.00%     0.00us/call
doSubmitted                         199      78278   0.78%   393.36us/call
logBidEvents                         10         92   0.00%     9.20us/call
sendPings                            10          0   0.00%     0.00us/call
sleep                               199          0   0.00%     0.00us/call
sleepPoll                           199    9957174  99.20% 50036.05us/call
spinPoll                            199       1884   0.02%     9.47us/call
agent fixed-price-agent-ex_3214 connected to router
got configuration message fixed-price-agent-ex_3214
total of 9.96046e+06 microseconds and 4141 sleeps
BID                                2065     190768   1.92%    92.38us/call
CONFIG                                1         15   0.00%    15.00us/call
HEARTBEAT                             9         49   0.00%     5.44us/call
HELLO                                 1         36   0.00%    36.00us/call
PONG0                                10        137   0.00%    13.70us/call
PONG1                                10         88   0.00%     8.80us/call
checkExpiredAuctions               4141        141   0.00%     0.03us/call
checks                             4164        199   0.00%     0.05us/call
configureAgentOnExchange           4164         33   0.00%     0.01us/call
doBid                              4164         97   0.00%     0.02us/call
doConfig                           4164        269   0.00%     0.06us/call
doStartBidding                     4164      94039   0.94%    22.58us/call
doSubmitted                        4164      47791   0.48%    11.48us/call
logBidEvents                         10         83   0.00%     8.30us/call
sendPings                            10        118   0.00%    11.80us/call
sleep                              4141     367983   3.69%    88.86us/call
sleepPoll                          4141    9208403  92.45%  2223.71us/call
spinPoll                           4164      50213   0.50%    12.06us/call
got configuration message fixed-price-agent-ex_3214
agent fixed-price-agent-ex_3214 lost configuration
agent fixed-price-agent-ex_3214 appears to be dead
WARNING: dead agent doesn't clean up its state properly
total of 9.98451e+06 microseconds and 1430 sleeps
BID                                  27       2730   0.03%   101.11us/call
checkExpiredAuctions               1430       2353   0.02%     1.65us/call
checks                             1430        197   0.00%     0.14us/call
configureAgentOnExchange           1430         19   0.00%     0.01us/call
doBid                              1430         40   0.00%     0.03us/call
doConfig                           1430         16   0.00%     0.01us/call
doStartBidding                     1430      31376   0.31%    21.94us/call
doSubmitted                        1430      40478   0.41%    28.31us/call
logBidEvents                         10         97   0.00%     9.70us/call
sendPings                            10         12   0.00%     1.20us/call
sleep                              1430       5411   0.05%     3.78us/call
sleepPoll                          1430    9882975  98.98%  6911.17us/call
spinPoll                           1430      18807   0.19%    13.15us/call
total of 1.00372e+07 microseconds and 199 sleeps
checkExpiredAuctions                199          3   0.00%     0.02us/call
checks                              199        284   0.00%     1.43us/call
configureAgentOnExchange            199          0   0.00%     0.00us/call
doBid                               199          0   0.00%     0.00us/call
doConfig                            199          0   0.00%     0.00us/call
doStartBidding                      199          0   0.00%     0.00us/call
doSubmitted                         199      76953   0.77%   386.70us/call
logBidEvents                         10         92   0.00%     9.20us/call
sendPings                            10          0   0.00%     0.00us/call
sleep                               199          0   0.00%     0.00us/call
sleepPoll                           199    9957958  99.21% 50039.99us/call
spinPoll                            199       1861   0.02%     9.35us/call
2016-05-05 09:27:04.227 [1;32mBankerDebug [1;34mCRITICAL:hello:world[0m
********* calling addSpendAccount for hello:world for SlaveBanker router.slaveBanker
total of 1.00176e+07 microseconds and 198 sleeps
checkExpiredAuctions                198         37   0.00%     0.19us/call
checks                              198        130   0.00%     0.66us/call
configureAgentOnExchange            198          0   0.00%     0.00us/call
doBid                               198         11   0.00%     0.06us/call
doConfig                            198          0   0.00%     0.00us/call
doStartBidding                      198          0   0.00%     0.00us/call
doSubmitted                         198     107770   1.08%   544.29us/call
logBidEvents                         10        106   0.00%    10.60us/call
sendPings                            10          0   0.00%     0.00us/call
sleep                               198          0   0.00%     0.00us/call
sleepPoll                           198    9907636  98.90% 50038.57us/call
spinPoll                            198       1905   0.02%     9.62us/call
total of 1.00282e+07 microseconds and 198 sleeps
checkExpiredAuctions                198         56   0.00%     0.28us/call
checks                              198        199   0.00%     1.01us/call
configureAgentOnExchange            198          0   0.00%     0.00us/call
doBid                               198         14   0.00%     0.07us/call
doConfig                            198          0   0.00%     0.00us/call
doStartBidding                      198          0   0.00%     0.00us/call
doSubmitted                         198     118017   1.18%   596.05us/call
logBidEvents                         10        112   0.00%    11.20us/call
sendPings                            10          0   0.00%     0.00us/call
sleep                               198          0   0.00%     0.00us/call
sleepPoll                           198    9907792  98.80% 50039.35us/call
spinPoll                            198       1974   0.02%     9.97us/call
agent fixed-price-agent-ex_3305 connected to router
got configuration message fixed-price-agent-ex_3305
total of 9.98129e+06 microseconds and 2101 sleeps
BID                                 996      92459   0.93%    92.83us/call
CONFIG                                1         11   0.00%    11.00us/call
HEARTBEAT                             4         27   0.00%     6.75us/call
HELLO                                 1         35   0.00%    35.00us/call
PONG0                                 5         57   0.00%    11.40us/call
PONG1                                 5         35   0.00%     7.00us/call
checkExpiredAuctions               2101         97   0.00%     0.05us/call
checks                             2114        162   0.00%     0.08us/call
configureAgentOnExchange           2114         42   0.00%     0.02us/call
doBid                              2114         47   0.00%     0.02us/call
doConfig                           2114        171   0.00%     0.08us/call
doStartBidding                     2114      45109   0.45%    21.34us/call
doSubmitted                        2114      69770   0.70%    33.00us/call
logBidEvents                         10         94   0.00%     9.40us/call
sendPings                            10         50   0.00%     5.00us/call
sleep                              2101     172659   1.73%    82.18us/call
sleepPoll                          2101    9575310  95.93%  4557.50us/call
spinPoll                           2114      25158   0.25%    11.90us/call
got configuration message fixed-price-agent-ex_3305
agent fixed-price-agent-ex_3305 lost configuration
total of 9.98642e+06 microseconds and 2303 sleeps
BID                                1089     104977   1.05%    96.40us/call
HEARTBEAT                             6         43   0.00%     7.17us/call
PONG0                                 5         66   0.00%    13.20us/call
PONG1                                 5         51   0.00%    10.20us/call
checkExpiredAuctions               2303        102   0.00%     0.04us/call
checks                             2321        259   0.00%     0.11us/call
configureAgentOnExchange           2321         10   0.00%     0.00us/call
doBid                              2321         84   0.00%     0.04us/call
doConfig                           2321         21   0.00%     0.01us/call
doStartBidding                     2321      57929   0.58%    24.96us/call
doSubmitted                        2321      39879   0.40%    17.18us/call
logBidEvents                         10         99   0.00%     9.90us/call
sendPings                            10         67   0.00%     6.70us/call
sleep                              2303     188684   1.89%    81.93us/call
sleepPoll                          2303    9564568  95.78%  4153.09us/call
spinPoll                           2321      29577   0.30%    12.74us/call
agent fixed-price-agent-ex_3305 appears to be dead
WARNING: dead agent doesn't clean up its state properly
total of 9.97788e+06 microseconds and 2530 sleeps
checkExpiredAuctions               2530       2320   0.02%     0.92us/call
checks                             2530        180   0.00%     0.07us/call
configureAgentOnExchange           2530         21   0.00%     0.01us/call
doBid                              2530         83   0.00%     0.03us/call
doConfig                           2530          8   0.00%     0.00us/call
doStartBidding                     2530      45127   0.45%    17.84us/call
doSubmitted                        2530      53238   0.53%    21.04us/call
logBidEvents                         10        103   0.00%    10.30us/call
sendPings                            10          8   0.00%     0.80us/call
sleep                              2530         40   0.00%     0.02us/call
sleepPoll                          2530    9845600  98.67%  3891.54us/call
spinPoll                           2530      31153   0.31%    12.31us/call
total of 1.00365e+07 microseconds and 199 sleeps
checkExpiredAuctions                199          4   0.00%     0.02us/call
checks                              199        345   0.00%     1.73us/call
configureAgentOnExchange            199          0   0.00%     0.00us/call
doBid                               199          1   0.00%     0.01us/call
doConfig                            199          0   0.00%     0.00us/call
doStartBidding                      199          0   0.00%     0.00us/call
doSubmitted                         199      77140   0.77%   387.64us/call
logBidEvents                         10         98   0.00%     9.80us/call
sendPings                            10          0   0.00%     0.00us/call
sleep                               199          0   0.00%     0.00us/call
sleepPoll                           199    9957013  99.21% 50035.24us/call
spinPoll                            199       1931   0.02%     9.70us/call
2016-05-05 09:28:05.227 [1;32mBankerDebug [1;34mCRITICAL:hello:world[0m
********* calling addSpendAccount for hello:world for SlaveBanker router.slaveBanker
total of 1.00453e+07 microseconds and 199 sleeps
checkExpiredAuctions                199         14   0.00%     0.07us/call
checks                              199        127   0.00%     0.64us/call
configureAgentOnExchange            199          0   0.00%     0.00us/call
doBid                               199         11   0.00%     0.06us/call
doConfig                            199          0   0.00%     0.00us/call
doStartBidding                      199          0   0.00%     0.00us/call
doSubmitted                         199      85490   0.85%   429.60us/call
logBidEvents                         10        107   0.00%    10.70us/call
sendPings                            10          0   0.00%     0.00us/call
sleep                               199          0   0.00%     0.00us/call
sleepPoll                           199    9957657  99.13% 50038.48us/call
spinPoll                            199       1860   0.02%     9.35us/call
