FD limit too low: 1024/4096 smaller than recommended 65535
FD limit raised to: 4096
2016-05-05 09:10:20.070 [1;32mZMQ [1;34mconnecting to monitor/zeromq[0m
2016-05-05 09:10:20.098 [1;32mZMQ [1;34mconnected to tcp://127.0.0.1:24000[0m
2016-05-05 09:10:20.113 [1;32mZMQ [1;34mconnecting to monitor/zeromq[0m
2016-05-05 09:10:20.129 [1;32mZMQ [1;34mconnected to tcp://127.0.0.1:24000[0m
2016-05-05 09:10:20.139 [1;32mSlaveBanker [1;34mSync Rate: 1[0m
2016-05-05 09:10:20.139 [1;32mSlaveBanker [1;34mSpend Rate: {"USD/1M":100000}[0m
wexists handler returned -101
2. returning result 
2016-05-05 09:10:20.174 [1;32mSlaveBankerArguments [1;34musing zmq interface for the MasterBanker[0m
2016-05-05 09:10:20.262 [1;32mMessage Loop Warning [1;34mmessage loop in polling mode will cause 2000 context switches per second due to polling on sources ZmqNamedEndpoint::socket[0m
2016-05-05 09:10:20.262 [1;32mMessage Loop Warning [1;34mmessage loop in polling mode will cause 2000 context switches per second due to polling on sources ZmqNamedEndpoint::socket[0m
2016-05-05 09:10:20.262 [1;32mMessage Loop Warning [1;34mmessage loop in polling mode will cause 2000 context switches per second due to polling on sources ZmqNamedEndpoint::socket[0m
augmentor frequency-cap-ex has connected
agent fixed-price-agent-ex_3378 connected to router
2016-05-05 09:10:20.266 [1;32mZMQ Trace [1;34mconnecting to PostAuctionLoop / PostAuctionLoop[0m
2016-05-05 09:10:20.266 [1;32mZMQ [1;34mconnecting to PostAuctionLoop/events[0m
2016-05-05 09:10:20.266 [1;32mZMQ [1;34mconnected to tcp://127.0.0.1:20000[0m
2016-05-05 09:10:20.267 [1;32mZMQ [1;34mconnecting to agentConfigurationService/listen[0m
2016-05-05 09:10:20.267 [1;32mZMQ [1;34mconnected to tcp://127.0.0.1:19000[0m
got configuration message fixed-price-agent-ex_3378
********* calling addSpendAccount for hello:world for SlaveBanker router.slaveBanker
error: exception in context Banker addAccount
listening on hostname 0.0.0.0 port 12339
total of 1.00123e+07 microseconds and 212 sleeps
CONFIG                                1         21   0.00%    21.00us/call
HEARTBEAT                             9         82   0.00%     9.11us/call
HELLO                                 1         28   0.00%    28.00us/call
PONG0                                 9        133   0.00%    14.78us/call
PONG1                                 9         60   0.00%     6.67us/call
checkExpiredAuctions                212         14   0.00%     0.07us/call
checks                              219          0   0.00%     0.00us/call
configureAgentOnExchange            220         12   0.00%     0.05us/call
doBid                               220          4   0.00%     0.02us/call
doConfig                            220        485   0.00%     2.20us/call
doStartBidding                      220          0   0.00%     0.00us/call
doSubmitted                         220      76765   0.77%   348.93us/call
logBidEvents                         10         94   0.00%     9.40us/call
sendPings                             9        147   0.00%    16.33us/call
sleep                               212       4640   0.05%    21.89us/call
sleepPoll                           212    9927728  99.16% 46828.91us/call
spinPoll                            220       2038   0.02%     9.26us/call
got configuration message fixed-price-agent-ex_3378
agent fixed-price-agent-ex_3378 lost configuration
agent fixed-price-agent-ex_3378 appears to be dead
WARNING: dead agent doesn't clean up its state properly
total of 1.00388e+07 microseconds and 199 sleeps
checkExpiredAuctions                199          0   0.00%     0.00us/call
checks                              199        223   0.00%     1.12us/call
configureAgentOnExchange            199          0   0.00%     0.00us/call
doBid                               199          9   0.00%     0.05us/call
doConfig                            199         14   0.00%     0.07us/call
doStartBidding                      199          1   0.00%     0.01us/call
doSubmitted                         199      78451   0.78%   394.23us/call
logBidEvents                         10         77   0.00%     7.70us/call
sendPings                            10         13   0.00%     1.30us/call
sleep                               199          0   0.00%     0.00us/call
sleepPoll                           199    9958062  99.20% 50040.51us/call
spinPoll                            199       1915   0.02%     9.62us/call
total of 1.00367e+07 microseconds and 199 sleeps
checkExpiredAuctions                199          3   0.00%     0.02us/call
checks                              199        216   0.00%     1.09us/call
configureAgentOnExchange            199          0   0.00%     0.00us/call
doBid                               199          0   0.00%     0.00us/call
doConfig                            199          0   0.00%     0.00us/call
doStartBidding                      199          0   0.00%     0.00us/call
doSubmitted                         199      76793   0.77%   385.89us/call
logBidEvents                         10         79   0.00%     7.90us/call
sendPings                            10          0   0.00%     0.00us/call
sleep                               199          5   0.00%     0.03us/call
sleepPoll                           199    9957692  99.21% 50038.65us/call
spinPoll                            199       1895   0.02%     9.52us/call
total of 1.00365e+07 microseconds and 199 sleeps
checkExpiredAuctions                199          3   0.00%     0.02us/call
checks                              199        126   0.00%     0.63us/call
configureAgentOnExchange            199          0   0.00%     0.00us/call
doBid                               199          0   0.00%     0.00us/call
doConfig                            199          0   0.00%     0.00us/call
doStartBidding                      199          0   0.00%     0.00us/call
doSubmitted                         199      75990   0.76%   381.86us/call
logBidEvents                         10         72   0.00%     7.20us/call
sendPings                            10          0   0.00%     0.00us/call
sleep                               199          0   0.00%     0.00us/call
sleepPoll                           199    9958436  99.22% 50042.39us/call
spinPoll                            199       1876   0.02%     9.43us/call
total of 1.00343e+07 microseconds and 199 sleeps
checkExpiredAuctions                199          0   0.00%     0.00us/call
checks                              199        126   0.00%     0.63us/call
configureAgentOnExchange            199          0   0.00%     0.00us/call
doBid                               199          1   0.00%     0.01us/call
doConfig                            199          0   0.00%     0.00us/call
doStartBidding                      199          0   0.00%     0.00us/call
doSubmitted                         199      74276   0.74%   373.25us/call
logBidEvents                         10         70   0.00%     7.00us/call
sendPings                            10          0   0.00%     0.00us/call
sleep                               199          0   0.00%     0.00us/call
sleepPoll                           199    9957903  99.24% 50039.71us/call
spinPoll                            199       1930   0.02%     9.70us/call
agent fixed-price-agent-ex_3480 connected to router
got configuration message fixed-price-agent-ex_3480
total of 9.98047e+06 microseconds and 2322 sleeps
BID                                1115     108896   1.09%    97.66us/call
CONFIG                                1         11   0.00%    11.00us/call
HEARTBEAT                             5         44   0.00%     8.80us/call
HELLO                                 1         35   0.00%    35.00us/call
PONG0                                 5         98   0.00%    19.60us/call
PONG1                                 5         42   0.00%     8.40us/call
checkExpiredAuctions               2322        132   0.00%     0.06us/call
checks                             2337        146   0.00%     0.06us/call
configureAgentOnExchange           2337         12   0.00%     0.01us/call
doBid                              2337         32   0.00%     0.01us/call
doConfig                           2337        183   0.00%     0.08us/call
doStartBidding                     2337      51818   0.52%    22.17us/call
doSubmitted                        2337      67947   0.68%    29.07us/call
logBidEvents                         10         76   0.00%     7.60us/call
sendPings                            10         51   0.00%     5.10us/call
sleep                              2322     204234   2.05%    87.96us/call
sleepPoll                          2322    9515989  95.35%  4098.19us/call
spinPoll                           2337      30722   0.31%    13.15us/call
2016-05-05 09:11:21.139 [1;32mBankerDebug [1;34mCRITICAL:hello:world[0m
********* calling addSpendAccount for hello:world for SlaveBanker router.slaveBanker
got configuration message fixed-price-agent-ex_3480
agent fixed-price-agent-ex_3480 lost configuration
agent fixed-price-agent-ex_3480 has 82 undead auctions: 
  12287416 --> 2016-May-05 06:11:26 (4.42701s ago)
  15847915 --> 2016-May-05 06:11:27 (3.31456s ago)
  58759649 --> 2016-May-05 06:11:26 (3.5483s ago)
  125035345 --> 2016-May-05 06:11:25 (4.82066s ago)
  344236500 --> 2016-May-05 06:11:25 (4.68528s ago)
  390249851 --> 2016-May-05 06:11:26 (4.32727s ago)
  393683629 --> 2016-May-05 06:11:27 (2.64574s ago)
  474070593 --> 2016-May-05 06:11:27 (3.27965s ago)
  499850972 --> 2016-May-05 06:11:27 (2.97345s ago)
  508598901 --> 2016-May-05 06:11:26 (3.65145s ago)
  515394463 --> 2016-May-05 06:11:26 (3.99696s ago)
  523998092 --> 2016-May-05 06:11:26 (4.02736s ago)
  532213710 --> 2016-May-05 06:11:26 (3.96608s ago)
  596492999 --> 2016-May-05 06:11:25 (4.78543s ago)
  624923433 --> 2016-May-05 06:11:28 (2.29491s ago)
  780660723 --> 2016-May-05 06:11:25 (4.45925s ago)
  843293847 --> 2016-May-05 06:11:27 (3.34932s ago)
  860562617 --> 2016-May-05 06:11:27 (2.68011s ago)
  883679822 --> 2016-May-05 06:11:27 (3.21584s ago)
  909537521 --> 2016-May-05 06:11:27 (2.49952s ago)
  912770407 --> 2016-May-05 06:11:27 (3.15438s ago)
  996525129 --> 2016-May-05 06:11:26 (3.51553s ago)
  1078598850 --> 2016-May-05 06:11:27 (2.93628s ago)
  1167991522 --> 2016-May-05 06:11:27 (3.18388s ago)
  1222869165 --> 2016-May-05 06:11:27 (2.56557s ago)
  1299345954 --> 2016-May-05 06:11:26 (4.39345s ago)
  1309356844 --> 2016-May-05 06:11:28 (2.26381s ago)
  1349743043 --> 2016-May-05 06:11:25 (4.59059s ago)
  1369867449 --> 2016-May-05 06:11:25 (4.88658s ago)
  1459485195 --> 2016-May-05 06:11:26 (4.35895s ago)
  1485598835 --> 2016-May-05 06:11:26 (3.77147s ago)
  1544161410 --> 2016-May-05 06:11:27 (2.84002s ago)
  1544814513 --> 2016-May-05 06:11:27 (3.41136s ago)
  1575545763 --> 2016-May-05 06:11:26 (3.58885s ago)
  1581845409 --> 2016-May-05 06:11:28 (2.39237s ago)
  1637343520 --> 2016-May-05 06:11:26 (4.26421s ago)
  1712084321 --> 2016-May-05 06:11:28 (2.32737s ago)
  1822046731 --> 2016-May-05 06:11:27 (3.12174s ago)
  1843786553 --> 2016-May-05 06:11:26 (4.06037s ago)
  1848780865 --> 2016-May-05 06:11:25 (4.52533s ago)
  1859959046 --> 2016-May-05 06:11:27 (3.3799s ago)
  1905092943 --> 2016-May-05 06:11:25 (4.95415s ago)
  2041278474 --> 2016-May-05 06:11:26 (3.61931s ago)
  2144274183 --> 2016-May-05 06:11:26 (4.15776s ago)
  2228510488 --> 2016-May-05 06:11:27 (2.90489s ago)
  2338156266 --> 2016-May-05 06:11:26 (4.29604s ago)
  2393046612 --> 2016-May-05 06:11:27 (3.24743s ago)
  2422126962 --> 2016-May-05 06:11:27 (2.77619s ago)
  2429639757 --> 2016-May-05 06:11:25 (4.74986s ago)
  2443804994 --> 2016-May-05 06:11:26 (4.23115s ago)
  2510304317 --> 2016-May-05 06:11:27 (3.01113s ago)
  2531923078 --> 2016-May-05 06:11:27 (2.87241s ago)
  2585754031 --> 2016-May-05 06:11:27 (2.7117s ago)
  2596030764 --> 2016-May-05 06:11:27 (2.46618s ago)
  2612788175 --> 2016-May-05 06:11:27 (2.80918s ago)
  2616546133 --> 2016-May-05 06:11:27 (2.74441s ago)
  2688177284 --> 2016-May-05 06:11:26 (4.09262s ago)
  2806753895 --> 2016-May-05 06:11:25 (4.55623s ago)
  2825591292 --> 2016-May-05 06:11:28 (2.42952s ago)
  2848054847 --> 2016-May-05 06:11:26 (3.90103s ago)
  2899111336 --> 2016-May-05 06:11:26 (3.87002s ago)
  2971752332 --> 2016-May-05 06:11:25 (4.62067s ago)
  3053769029 --> 2016-May-05 06:11:26 (3.80272s ago)
  3096772322 --> 2016-May-05 06:11:25 (4.91739s ago)
  3123667547 --> 2016-May-05 06:11:25 (4.98508s ago)
  3135001360 --> 2016-May-05 06:11:25 (4.8556s ago)
  3318411446 --> 2016-May-05 06:11:26 (3.70239s ago)
  3418432620 --> 2016-May-05 06:11:25 (4.7206s ago)
  3572595204 --> 2016-May-05 06:11:26 (4.12538s ago)
  3639866213 --> 2016-May-05 06:11:26 (3.7368s ago)
  3640385756 --> 2016-May-05 06:11:27 (2.53105s ago)
  3902121464 --> 2016-May-05 06:11:26 (4.19116s ago)
  3905479431 --> 2016-May-05 06:11:26 (3.93362s ago)
  3909129202 --> 2016-May-05 06:11:26 (3.47776s ago)
  4047640143 --> 2016-May-05 06:11:27 (2.60302s ago)
  4085481970 --> 2016-May-05 06:11:25 (4.49318s ago)
  4108221051 --> 2016-May-05 06:11:26 (3.44779s ago)
  4141257274 --> 2016-May-05 06:11:27 (3.08474s ago)
  4213926573 --> 2016-May-05 06:11:27 (3.04452s ago)
  4253691176 --> 2016-May-05 06:11:28 (2.36075s ago)
  4277227251 --> 2016-May-05 06:11:25 (4.65117s ago)
  4289649122 --> 2016-May-05 06:11:26 (3.83559s ago)
total of 9.97771e+06 microseconds and 2081 sleeps
BID                                 904      94067   0.94%   104.06us/call
HEARTBEAT                             4         33   0.00%     8.25us/call
PONG0                                 5         78   0.00%    15.60us/call
PONG1                                 5         49   0.00%     9.80us/call
checkExpiredAuctions               2081        436   0.00%     0.21us/call
checks                             2093        256   0.00%     0.12us/call
configureAgentOnExchange           2093         43   0.00%     0.02us/call
doBid                              2093         49   0.00%     0.02us/call
doConfig                           2093         24   0.00%     0.01us/call
doStartBidding                     2093      51541   0.52%    24.63us/call
doSubmitted                        2093      54622   0.55%    26.10us/call
logBidEvents                         10         95   0.00%     9.50us/call
sendPings                            10         67   0.00%     6.70us/call
sleep                              2081     168957   1.69%    81.19us/call
sleepPoll                          2081    9576630  95.98%  4601.94us/call
spinPoll                           2093      30762   0.31%    14.70us/call
agent fixed-price-agent-ex_3480 appears to be dead
WARNING: dead agent doesn't clean up its state properly
total of 1.00403e+07 microseconds and 199 sleeps
checkExpiredAuctions                199       1194   0.01%     6.00us/call
checks                              199       1556   0.02%     7.82us/call
configureAgentOnExchange            199          0   0.00%     0.00us/call
doBid                               199          0   0.00%     0.00us/call
doConfig                            199          0   0.00%     0.00us/call
doStartBidding                      199          8   0.00%     0.04us/call
doSubmitted                         199      77964   0.78%   391.78us/call
logBidEvents                         10         80   0.00%     8.00us/call
sendPings                            10          0   0.00%     0.00us/call
sleep                               199          0   0.00%     0.00us/call
sleepPoll                           199    9957605  99.18% 50038.22us/call
spinPoll                            199       1877   0.02%     9.43us/call
total of 1.00447e+07 microseconds and 199 sleeps
checkExpiredAuctions                199          3   0.00%     0.02us/call
checks                              199        237   0.00%     1.19us/call
configureAgentOnExchange            199          8   0.00%     0.04us/call
doBid                               199          0   0.00%     0.00us/call
doConfig                            199          0   0.00%     0.00us/call
doStartBidding                      199          0   0.00%     0.00us/call
doSubmitted                         199      84140   0.84%   422.81us/call
logBidEvents                         10         82   0.00%     8.20us/call
sendPings                            10          0   0.00%     0.00us/call
sleep                               199          0   0.00%     0.00us/call
sleepPoll                           199    9958337  99.14% 50041.89us/call
spinPoll                            199       1914   0.02%     9.62us/call
total of 1.00439e+07 microseconds and 199 sleeps
checkExpiredAuctions                199          4   0.00%     0.02us/call
checks                              199        142   0.00%     0.71us/call
configureAgentOnExchange            199          0   0.00%     0.00us/call
doBid                               199          0   0.00%     0.00us/call
doConfig                            199          0   0.00%     0.00us/call
doStartBidding                      199          0   0.00%     0.00us/call
doSubmitted                         199      84406   0.84%   424.15us/call
logBidEvents                         10         76   0.00%     7.60us/call
sendPings                            10          0   0.00%     0.00us/call
sleep                               199          0   0.00%     0.00us/call
sleepPoll                           199    9957420  99.14% 50037.29us/call
spinPoll                            199       1881   0.02%     9.45us/call
agent fixed-price-agent-ex_3490 connected to router
got configuration message fixed-price-agent-ex_3490
total of 1.00035e+07 microseconds and 373 sleeps
BID                                  91       8365   0.08%    91.92us/call
CONFIG                                1         15   0.00%    15.00us/call
HELLO                                 1         26   0.00%    26.00us/call
PONG0                                 1         11   0.00%    11.00us/call
PONG1                                 1          6   0.00%     6.00us/call
checkExpiredAuctions                373          4   0.00%     0.01us/call
checks                              376        122   0.00%     0.32us/call
configureAgentOnExchange            376          0   0.00%     0.00us/call
doBid                               376         11   0.00%     0.03us/call
doConfig                            376        190   0.00%     0.51us/call
doStartBidding                      376       4115   0.04%    10.94us/call
doSubmitted                         376      86699   0.87%   230.58us/call
logBidEvents                         10         94   0.00%     9.40us/call
sendPings                            10         13   0.00%     1.30us/call
sleep                               373      13163   0.13%    35.29us/call
sleepPoll                           373    9886681  98.83% 26505.85us/call
spinPoll                            376       4008   0.04%    10.66us/call
total of 9.97743e+06 microseconds and 3975 sleeps
BID                                1981     195838   1.96%    98.86us/call
HEARTBEAT                             9        120   0.00%    13.33us/call
PONG0                                 9        154   0.00%    17.11us/call
PONG1                                 9         76   0.00%     8.44us/call
checkExpiredAuctions               3975        113   0.00%     0.03us/call
checks                             4004        286   0.00%     0.07us/call
configureAgentOnExchange           4004         13   0.00%     0.00us/call
doBid                              4004         63   0.00%     0.02us/call
doConfig                           4004         23   0.00%     0.01us/call
doStartBidding                     4004      92318   0.93%    23.06us/call
doSubmitted                        4004      71932   0.72%    17.97us/call
logBidEvents                         10         80   0.00%     8.00us/call
sendPings                            10        100   0.00%    10.00us/call
sleep                              3975     366099   3.67%    92.10us/call
sleepPoll                          3975    9196345  92.17%  2313.55us/call
spinPoll                           4004      53870   0.54%    13.45us/call
2016-05-05 09:12:22.139 [1;32mBankerDebug [1;34mCRITICAL:hello:world[0m
********* calling addSpendAccount for hello:world for SlaveBanker router.slaveBanker
got configuration message fixed-price-agent-ex_3490
agent fixed-price-agent-ex_3490 lost configuration
agent fixed-price-agent-ex_3490 appears to be dead
WARNING: dead agent doesn't clean up its state properly
total of 9.98546e+06 microseconds and 1507 sleeps
checkExpiredAuctions               1507       4740   0.05%     3.15us/call
checks                             1507        438   0.00%     0.29us/call
configureAgentOnExchange           1507         15   0.00%     0.01us/call
doBid                              1507         37   0.00%     0.02us/call
doConfig                           1507         21   0.00%     0.01us/call
doStartBidding                     1507      31671   0.32%    21.02us/call
doSubmitted                        1507      48526   0.49%    32.20us/call
logBidEvents                         10         88   0.00%     8.80us/call
sendPings                            10          0   0.00%     0.00us/call
sleep                              1507         15   0.00%     0.01us/call
sleepPoll                          1507    9880582  98.95%  6556.46us/call
spinPoll                           1507      19325   0.19%    12.82us/call
total of 1.00084e+07 microseconds and 198 sleeps
checkExpiredAuctions                198          7   0.00%     0.04us/call
checks                              198        321   0.00%     1.62us/call
configureAgentOnExchange            198          0   0.00%     0.00us/call
doBid                               198          0   0.00%     0.00us/call
doConfig                            198          0   0.00%     0.00us/call
doStartBidding                      198          0   0.00%     0.00us/call
doSubmitted                         198      97948   0.98%   494.69us/call
logBidEvents                         10         93   0.00%     9.30us/call
sendPings                            10          0   0.00%     0.00us/call
sleep                               198          0   0.00%     0.00us/call
sleepPoll                           198    9908145  99.00% 50041.14us/call
spinPoll                            198       1904   0.02%     9.62us/call
total of 1.00486e+07 microseconds and 199 sleeps
checkExpiredAuctions                199          2   0.00%     0.01us/call
checks                              199        136   0.00%     0.68us/call
configureAgentOnExchange            199          0   0.00%     0.00us/call
doBid                               199          1   0.00%     0.01us/call
doConfig                            199          0   0.00%     0.00us/call
doStartBidding                      199          0   0.00%     0.00us/call
doSubmitted                         199      89455   0.89%   449.52us/call
logBidEvents                         10        107   0.00%    10.70us/call
sendPings                            10          0   0.00%     0.00us/call
sleep                               199          0   0.00%     0.00us/call
sleepPoll                           199    9957047  99.09% 50035.41us/call
spinPoll                            199       1884   0.02%     9.47us/call
total of 1.0003e+07 microseconds and 198 sleeps
checkExpiredAuctions                198          1   0.00%     0.01us/call
checks                              198        126   0.00%     0.64us/call
configureAgentOnExchange            198          0   0.00%     0.00us/call
doBid                               198          0   0.00%     0.00us/call
doConfig                            198          0   0.00%     0.00us/call
doStartBidding                      198          0   0.00%     0.00us/call
doSubmitted                         198      92568   0.93%   467.52us/call
logBidEvents                          9         88   0.00%     9.78us/call
sendPings                             9          0   0.00%     0.00us/call
sleep                               198          0   0.00%     0.00us/call
sleepPoll                           198    9908298  99.05% 50041.91us/call
spinPoll                            198       1935   0.02%     9.77us/call
agent fixed-price-agent-ex_3500 connected to router
got configuration message fixed-price-agent-ex_3500
total of 9.9763e+06 microseconds and 2236 sleeps
BID                                1075     119444   1.20%   111.11us/call
CONFIG                                1         16   0.00%    16.00us/call
HEARTBEAT                             5        183   0.00%    36.60us/call
HELLO                                 1         44   0.00%    44.00us/call
PONG0                                 5        119   0.00%    23.80us/call
PONG1                                 5         81   0.00%    16.20us/call
checkExpiredAuctions               2236         82   0.00%     0.04us/call
checks                             2260        158   0.00%     0.07us/call
configureAgentOnExchange           2260          8   0.00%     0.00us/call
doBid                              2260         35   0.00%     0.02us/call
doConfig                           2260        272   0.00%     0.12us/call
doStartBidding                     2260      52199   0.52%    23.10us/call
doSubmitted                        2260     105101   1.05%    46.50us/call
logBidEvents                         10         96   0.00%     9.60us/call
sendPings                            10         83   0.00%     8.30us/call
sleep                              2236     209827   2.10%    93.84us/call
sleepPoll                          2236    9451512  94.74%  4226.97us/call
spinPoll                           2260      37041   0.37%    16.39us/call
got configuration message fixed-price-agent-ex_3500
agent fixed-price-agent-ex_3500 lost configuration
agent fixed-price-agent-ex_3500 has 88 undead auctions: 
  64524832 --> 2016-May-05 06:13:17 (2.68708s ago)
  73724657 --> 2016-May-05 06:13:18 (2.13024s ago)
  105367883 --> 2016-May-05 06:13:17 (2.91088s ago)
  181801627 --> 2016-May-05 06:13:16 (4.47404s ago)
  234799383 --> 2016-May-05 06:13:16 (4.33472s ago)
  299847636 --> 2016-May-05 06:13:16 (3.82437s ago)
  366875382 --> 2016-May-05 06:13:16 (4.30355s ago)
  550034805 --> 2016-May-05 06:13:18 (2.56171s ago)
  561769946 --> 2016-May-05 06:13:17 (2.87484s ago)
  563200123 --> 2016-May-05 06:13:17 (3.62563s ago)
  595171448 --> 2016-May-05 06:13:18 (2.59261s ago)
  641524180 --> 2016-May-05 06:13:16 (4.40127s ago)
  907382726 --> 2016-May-05 06:13:17 (3.46321s ago)
  924658476 --> 2016-May-05 06:13:18 (2.22255s ago)
  974141612 --> 2016-May-05 06:13:17 (3.08067s ago)
  994978819 --> 2016-May-05 06:13:17 (3.55766s ago)
  1020624123 --> 2016-May-05 06:13:17 (2.84486s ago)
  1022918762 --> 2016-May-05 06:13:16 (4.51597s ago)
  1033673655 --> 2016-May-05 06:13:18 (2.1609s ago)
  1044512036 --> 2016-May-05 06:13:16 (4.57702s ago)
  1319782622 --> 2016-May-05 06:13:16 (3.92723s ago)
  1362140678 --> 2016-May-05 06:13:17 (3.24786s ago)
  1366300156 --> 2016-May-05 06:13:16 (4.17105s ago)
  1372719779 --> 2016-May-05 06:13:18 (2.38964s ago)
  1388845429 --> 2016-May-05 06:13:18 (2.62412s ago)
  1409071800 --> 2016-May-05 06:13:15 (4.79545s ago)
  1426588005 --> 2016-May-05 06:13:18 (2.25309s ago)
  1555587834 --> 2016-May-05 06:13:17 (3.04751s ago)
  1628844816 --> 2016-May-05 06:13:17 (3.65622s ago)
  1708309478 --> 2016-May-05 06:13:18 (2.19144s ago)
  1722824504 --> 2016-May-05 06:13:17 (3.3815s ago)
  1741339987 --> 2016-May-05 06:13:18 (2.42021s ago)
  1792875663 --> 2016-May-05 06:13:16 (3.85547s ago)
  1793438972 --> 2016-May-05 06:13:17 (2.95041s ago)
  1843257209 --> 2016-May-05 06:13:18 (2.53022s ago)
  1861297712 --> 2016-May-05 06:13:15 (4.82867s ago)
  1925380098 --> 2016-May-05 06:13:16 (3.78502s ago)
  1944057121 --> 2016-May-05 06:13:17 (2.98259s ago)
  1980138646 --> 2016-May-05 06:13:17 (3.49569s ago)
  2023664337 --> 2016-May-05 06:13:17 (3.01684s ago)
  2034812038 --> 2016-May-05 06:13:15 (4.96265s ago)
  2061296219 --> 2016-May-05 06:13:17 (3.34831s ago)
  2169923877 --> 2016-May-05 06:13:18 (2.32255s ago)
  2171314681 --> 2016-May-05 06:13:18 (2.35814s ago)
  2187434369 --> 2016-May-05 06:13:17 (2.71915s ago)
  2190024874 --> 2016-May-05 06:13:18 (2.28587s ago)
  2204107747 --> 2016-May-05 06:13:17 (2.81208s ago)
  2278681892 --> 2016-May-05 06:13:16 (4.03333s ago)
  2290428591 --> 2016-May-05 06:13:16 (4.09744s ago)
  2313199330 --> 2016-May-05 06:13:16 (4.06776s ago)
  2389131959 --> 2016-May-05 06:13:16 (4.64875s ago)
  2425206010 --> 2016-May-05 06:13:17 (3.11195s ago)
  2454883996 --> 2016-May-05 06:13:16 (3.95791s ago)
  2456103641 --> 2016-May-05 06:13:15 (4.76432s ago)
  2480191113 --> 2016-May-05 06:13:18 (2.49941s ago)
  2492814508 --> 2016-May-05 06:13:18 (2.45072s ago)
  2536538258 --> 2016-May-05 06:13:18 (2.05825s ago)
  2547991016 --> 2016-May-05 06:13:18 (2.09583s ago)
  2570834756 --> 2016-May-05 06:13:16 (3.7211s ago)
  2690257202 --> 2016-May-05 06:13:15 (4.72204s ago)
  2711212627 --> 2016-May-05 06:13:16 (4.54697s ago)
  2801640406 --> 2016-May-05 06:13:16 (3.6867s ago)
  2876020950 --> 2016-May-05 06:13:16 (4.23812s ago)
  2883971497 --> 2016-May-05 06:13:16 (4.36982s ago)
  3001790223 --> 2016-May-05 06:13:17 (2.74932s ago)
  3071838292 --> 2016-May-05 06:13:16 (3.75248s ago)
  3080287503 --> 2016-May-05 06:13:16 (3.89169s ago)
  3090244164 --> 2016-May-05 06:13:16 (4.44206s ago)
  3090632291 --> 2016-May-05 06:13:15 (4.93052s ago)
  3107860298 --> 2016-May-05 06:13:17 (3.41698s ago)
  3227075414 --> 2016-May-05 06:13:17 (3.31455s ago)
  3235642865 --> 2016-May-05 06:13:16 (4.26977s ago)
  3323875568 --> 2016-May-05 06:13:16 (3.99229s ago)
  3324875002 --> 2016-May-05 06:13:17 (3.52603s ago)
  3410458406 --> 2016-May-05 06:13:17 (3.2135s ago)
  3432619339 --> 2016-May-05 06:13:17 (3.2799s ago)
  3454256620 --> 2016-May-05 06:13:17 (3.15138s ago)
  3482048181 --> 2016-May-05 06:13:17 (3.18356s ago)
  3598054753 --> 2016-May-05 06:13:16 (4.61803s ago)
  3773559653 --> 2016-May-05 06:13:15 (4.86337s ago)
  3805643289 --> 2016-May-05 06:13:16 (4.13406s ago)
  3932531383 --> 2016-May-05 06:13:15 (4.99325s ago)
  3974102405 --> 2016-May-05 06:13:17 (2.78032s ago)
  4072527382 --> 2016-May-05 06:13:18 (2.65391s ago)
  4097568753 --> 2016-May-05 06:13:16 (4.20234s ago)
  4105218232 --> 2016-May-05 06:13:15 (4.68616s ago)
  4111174164 --> 2016-May-05 06:13:17 (3.59202s ago)
  4182034908 --> 2016-May-05 06:13:15 (4.89951s ago)
total of 9.97546e+06 microseconds and 2182 sleeps
BID                                 975     105692   1.06%   108.40us/call
HEARTBEAT                             5        184   0.00%    36.80us/call
PONG0                                 5        164   0.00%    32.80us/call
PONG1                                 5         42   0.00%     8.40us/call
checkExpiredAuctions               2182        741   0.01%     0.34us/call
checks                             2212        272   0.00%     0.12us/call
configureAgentOnExchange           2212         53   0.00%     0.02us/call
doBid                              2212         64   0.00%     0.03us/call
doConfig                           2212         29   0.00%     0.01us/call
doStartBidding                     2212      53840   0.54%    24.34us/call
doSubmitted                        2212      70025   0.70%    31.66us/call
logBidEvents                         10        108   0.00%    10.80us/call
sendPings                            10         68   0.00%     6.80us/call
sleep                              2182     182388   1.83%    83.59us/call
sleepPoll                          2182    9530751  95.54%  4367.90us/call
spinPoll                           2212      31040   0.31%    14.03us/call
2016-05-05 09:13:23.139 [1;32mBankerDebug [1;34mCRITICAL:hello:world[0m
********* calling addSpendAccount for hello:world for SlaveBanker router.slaveBanker
agent fixed-price-agent-ex_3500 appears to be dead
WARNING: dead agent doesn't clean up its state properly
total of 1.00082e+07 microseconds and 198 sleeps
checkExpiredAuctions                198       4518   0.05%    22.82us/call
checks                              198       2087   0.02%    10.54us/call
configureAgentOnExchange            198          7   0.00%     0.04us/call
doBid                               198          1   0.00%     0.01us/call
doConfig                            198          0   0.00%     0.00us/call
doStartBidding                      198          0   0.00%     0.00us/call
doSubmitted                         198      91476   0.91%   462.00us/call
logBidEvents                         10         97   0.00%     9.70us/call
sendPings                            10          0   0.00%     0.00us/call
sleep                               198          0   0.00%     0.00us/call
sleepPoll                           198    9908064  99.00% 50040.73us/call
spinPoll                            198       1907   0.02%     9.63us/call
total of 1.00094e+07 microseconds and 198 sleeps
checkExpiredAuctions                198          6   0.00%     0.03us/call
checks                              198        368   0.00%     1.86us/call
configureAgentOnExchange            198          0   0.00%     0.00us/call
doBid                               198          2   0.00%     0.01us/call
doConfig                            198          0   0.00%     0.00us/call
doStartBidding                      198          0   0.00%     0.00us/call
doSubmitted                         198      98874   0.99%   499.36us/call
logBidEvents                         10        106   0.00%    10.60us/call
sendPings                            10          0   0.00%     0.00us/call
sleep                               198          1   0.00%     0.01us/call
sleepPoll                           198    9908093  98.99% 50040.87us/call
spinPoll                            198       1920   0.02%     9.70us/call
total of 1.00031e+07 microseconds and 198 sleeps
checkExpiredAuctions                198          7   0.00%     0.04us/call
checks                              198        133   0.00%     0.67us/call
configureAgentOnExchange            198          0   0.00%     0.00us/call
doBid                               198          9   0.00%     0.05us/call
doConfig                            198          0   0.00%     0.00us/call
doStartBidding                      198          0   0.00%     0.00us/call
doSubmitted                         198      93787   0.94%   473.67us/call
logBidEvents                         10         96   0.00%     9.60us/call
sendPings                            10          0   0.00%     0.00us/call
sleep                               198          0   0.00%     0.00us/call
sleepPoll                           198    9907196  99.04% 50036.34us/call
spinPoll                            198       1912   0.02%     9.66us/call
agent fixed-price-agent-ex_3531 connected to router
got configuration message fixed-price-agent-ex_3531
total of 9.99982e+06 microseconds and 269 sleeps
BID                                  37       3467   0.03%    93.70us/call
CONFIG                                1         14   0.00%    14.00us/call
HELLO                                 1         28   0.00%    28.00us/call
checkExpiredAuctions                269          7   0.00%     0.03us/call
checks                              271        164   0.00%     0.61us/call
configureAgentOnExchange            271          0   0.00%     0.00us/call
doBid                               271          2   0.00%     0.01us/call
doConfig                            271        206   0.00%     0.76us/call
doStartBidding                      271       1478   0.01%     5.45us/call
doSubmitted                         271      88481   0.88%   326.50us/call
logBidEvents                         10         89   0.00%     8.90us/call
sendPings                            10          0   0.00%     0.00us/call
sleep                               269       6989   0.07%    25.98us/call
sleepPoll                           269    9896226  98.96% 36788.94us/call
spinPoll                            271       2664   0.03%     9.83us/call
total of 9.96806e+06 microseconds and 3970 sleeps
BID                                1993     230319   2.31%   115.56us/call
HEARTBEAT                            10        262   0.00%    26.20us/call
PONG0                                10        336   0.00%    33.60us/call
PONG1                                10        134   0.00%    13.40us/call
checkExpiredAuctions               3970        108   0.00%     0.03us/call
checks                             4022        243   0.00%     0.06us/call
configureAgentOnExchange           4022         24   0.00%     0.01us/call
doBid                              4022         76   0.00%     0.02us/call
doConfig                           4022         16   0.00%     0.00us/call
doStartBidding                     4022      93319   0.94%    23.20us/call
doSubmitted                        4022     105565   1.06%    26.25us/call
logBidEvents                         10         85   0.00%     8.50us/call
sendPings                            10        104   0.00%    10.40us/call
sleep                              3970     368045   3.69%    92.71us/call
sleepPoll                          3970    9120728  91.50%  2297.41us/call
spinPoll                           4022      48694   0.49%    12.11us/call
got configuration message fixed-price-agent-ex_3531
agent fixed-price-agent-ex_3531 lost configuration
agent fixed-price-agent-ex_3531 appears to be dead
WARNING: dead agent doesn't clean up its state properly
total of 9.98867e+06 microseconds and 1457 sleeps
checkExpiredAuctions               1457       8024   0.08%     5.51us/call
checks                             1457        296   0.00%     0.20us/call
configureAgentOnExchange           1457          1   0.00%     0.00us/call
doBid                              1457         27   0.00%     0.02us/call
doConfig                           1457         21   0.00%     0.01us/call
doStartBidding                     1457      31843   0.32%    21.86us/call
doSubmitted                        1457      48723   0.49%    33.44us/call
logBidEvents                         10        103   0.00%    10.30us/call
sendPings                            10         10   0.00%     1.00us/call
sleep                              1457         16   0.00%     0.01us/call
sleepPoll                          1457    9880157  98.91%  6781.16us/call
spinPoll                           1457      19450   0.19%    13.35us/call
2016-05-05 09:14:24.139 [1;32mBankerDebug [1;34mCRITICAL:hello:world[0m
********* calling addSpendAccount for hello:world for SlaveBanker router.slaveBanker
total of 9.99981e+06 microseconds and 198 sleeps
checkExpiredAuctions                198          3   0.00%     0.02us/call
checks                              198        393   0.00%     1.98us/call
configureAgentOnExchange            198          0   0.00%     0.00us/call
doBid                               198          0   0.00%     0.00us/call
doConfig                            198          0   0.00%     0.00us/call
doStartBidding                      198          0   0.00%     0.00us/call
doSubmitted                         198      89254   0.89%   450.78us/call
logBidEvents                         10        101   0.00%    10.10us/call
sendPings                            10          0   0.00%     0.00us/call
sleep                               198          0   0.00%     0.00us/call
sleepPoll                           198    9908140  99.08% 50041.11us/call
spinPoll                            198       1920   0.02%     9.70us/call
total of 1.0003e+07 microseconds and 198 sleeps
checkExpiredAuctions                198          4   0.00%     0.02us/call
checks                              198        138   0.00%     0.70us/call
configureAgentOnExchange            198          0   0.00%     0.00us/call
doBid                               198          1   0.00%     0.01us/call
doConfig                            198          0   0.00%     0.00us/call
doStartBidding                      198          0   0.00%     0.00us/call
doSubmitted                         198      94022   0.94%   474.86us/call
logBidEvents                         10         97   0.00%     9.70us/call
sendPings                            10          0   0.00%     0.00us/call
sleep                               198          0   0.00%     0.00us/call
sleepPoll                           198    9906895  99.04% 50034.82us/call
spinPoll                            198       1851   0.02%     9.35us/call
total of 1.00203e+07 microseconds and 198 sleeps
checkExpiredAuctions                198         14   0.00%     0.07us/call
checks                              198        165   0.00%     0.83us/call
configureAgentOnExchange            198          0   0.00%     0.00us/call
doBid                               198         13   0.00%     0.07us/call
doConfig                            198          0   0.00%     0.00us/call
doStartBidding                      198          1   0.00%     0.01us/call
doSubmitted                         198     110034   1.10%   555.73us/call
logBidEvents                          9         98   0.00%    10.89us/call
sendPings                            10          0   0.00%     0.00us/call
sleep                               198          0   0.00%     0.00us/call
sleepPoll                           198    9908003  98.88% 50040.42us/call
spinPoll                            198       1962   0.02%     9.91us/call
agent fixed-price-agent-ex_3549 connected to router
got configuration message fixed-price-agent-ex_3549
total of 9.97821e+06 microseconds and 2182 sleeps
BID                                1052     109140   1.09%   103.75us/call
CONFIG                                1         12   0.00%    12.00us/call
HEARTBEAT                             5        120   0.00%    24.00us/call
HELLO                                 1         31   0.00%    31.00us/call
PONG0                                 5        136   0.00%    27.20us/call
PONG1                                 5         93   0.00%    18.60us/call
checkExpiredAuctions               2182        114   0.00%     0.05us/call
checks                             2220        210   0.00%     0.09us/call
configureAgentOnExchange           2220         27   0.00%     0.01us/call
doBid                              2220         43   0.00%     0.02us/call
doConfig                           2220        234   0.00%     0.11us/call
doStartBidding                     2220      46831   0.47%    21.10us/call
doSubmitted                        2220     108968   1.09%    49.08us/call
logBidEvents                         10        103   0.00%    10.30us/call
sendPings                             9         46   0.00%     5.11us/call
sleep                              2182     185930   1.86%    85.21us/call
sleepPoll                          2182    9500756  95.22%  4354.15us/call
spinPoll                           2220      25413   0.25%    11.45us/call
got configuration message fixed-price-agent-ex_3549
agent fixed-price-agent-ex_3549 lost configuration
agent fixed-price-agent-ex_3549 has 98 undead auctions: 
  11641272 --> 2016-May-05 06:15:07 (3.51741s ago)
  92209672 --> 2016-May-05 06:15:06 (4.4231s ago)
  145824048 --> 2016-May-05 06:15:06 (3.99674s ago)
  254304114 --> 2016-May-05 06:15:06 (4.39242s ago)
  259678086 --> 2016-May-05 06:15:07 (3.71012s ago)
  341621402 --> 2016-May-05 06:15:07 (3.61865s ago)
  341836910 --> 2016-May-05 06:15:08 (2.6507s ago)
  538267959 --> 2016-May-05 06:15:08 (2.58743s ago)
  552023975 --> 2016-May-05 06:15:08 (2.61787s ago)
  568408584 --> 2016-May-05 06:15:06 (4.6941s ago)
  653768833 --> 2016-May-05 06:15:06 (4.09652s ago)
  662638896 --> 2016-May-05 06:15:07 (3.74153s ago)
  717806968 --> 2016-May-05 06:15:06 (4.45663s ago)
  747794913 --> 2016-May-05 06:15:08 (1.85992s ago)
  759424709 --> 2016-May-05 06:15:06 (4.22909s ago)
  784532323 --> 2016-May-05 06:15:08 (2.48952s ago)
  787568947 --> 2016-May-05 06:15:06 (4.1299s ago)
  793599440 --> 2016-May-05 06:15:06 (3.89596s ago)
  959912379 --> 2016-May-05 06:15:08 (1.957s ago)
  969294048 --> 2016-May-05 06:15:08 (2.35654s ago)
  975026109 --> 2016-May-05 06:15:06 (4.03096s ago)
  1041090414 --> 2016-May-05 06:15:05 (4.93096s ago)
  1076274314 --> 2016-May-05 06:15:06 (4.16565s ago)
  1156987428 --> 2016-May-05 06:15:07 (2.96213s ago)
  1158579092 --> 2016-May-05 06:15:07 (3.15569s ago)
  1192742413 --> 2016-May-05 06:15:07 (2.86941s ago)
  1204746139 --> 2016-May-05 06:15:07 (3.57888s ago)
  1320892222 --> 2016-May-05 06:15:07 (3.05608s ago)
  1349368141 --> 2016-May-05 06:15:08 (2.55519s ago)
  1458179684 --> 2016-May-05 06:15:05 (4.99455s ago)
  1553183124 --> 2016-May-05 06:15:06 (3.96558s ago)
  1582943634 --> 2016-May-05 06:15:07 (3.12298s ago)
  1603361863 --> 2016-May-05 06:15:08 (1.92489s ago)
  1617611271 --> 2016-May-05 06:15:06 (3.77217s ago)
  1650317487 --> 2016-May-05 06:15:06 (4.48751s ago)
  1792851190 --> 2016-May-05 06:15:05 (4.89941s ago)
  1821507096 --> 2016-May-05 06:15:07 (3.27813s ago)
  1872122616 --> 2016-May-05 06:15:06 (4.26355s ago)
  1882479142 --> 2016-May-05 06:15:07 (3.45619s ago)
  1892118771 --> 2016-May-05 06:15:07 (3.18556s ago)
  1897659908 --> 2016-May-05 06:15:08 (2.18294s ago)
  1904470214 --> 2016-May-05 06:15:08 (2.15084s ago)
  1949075634 --> 2016-May-05 06:15:08 (1.89425s ago)
  1984414187 --> 2016-May-05 06:15:06 (4.36184s ago)
  1985913670 --> 2016-May-05 06:15:08 (2.21684s ago)
  2013148013 --> 2016-May-05 06:15:07 (3.6804s ago)
  2025065879 --> 2016-May-05 06:15:08 (2.29315s ago)
  2026347984 --> 2016-May-05 06:15:08 (2.05821s ago)
  2107260243 --> 2016-May-05 06:15:06 (4.29574s ago)
  2124679777 --> 2016-May-05 06:15:07 (3.48692s ago)
  2129817380 --> 2016-May-05 06:15:07 (2.93095s ago)
  2135469295 --> 2016-May-05 06:15:08 (2.39578s ago)
  2197156360 --> 2016-May-05 06:15:07 (3.54876s ago)
  2248622224 --> 2016-May-05 06:15:08 (2.42742s ago)
  2407682348 --> 2016-May-05 06:15:06 (4.32907s ago)
  2429328629 --> 2016-May-05 06:15:07 (3.31398s ago)
  2556065932 --> 2016-May-05 06:15:07 (3.64896s ago)
  2610593691 --> 2016-May-05 06:15:06 (4.57995s ago)
  2651931910 --> 2016-May-05 06:15:07 (2.80338s ago)
  2659892634 --> 2016-May-05 06:15:08 (1.79767s ago)
  2669241738 --> 2016-May-05 06:15:08 (2.0244s ago)
  2693947280 --> 2016-May-05 06:15:06 (3.8023s ago)
  2810193331 --> 2016-May-05 06:15:08 (2.45869s ago)
  2818888559 --> 2016-May-05 06:15:06 (4.54898s ago)
  2854417325 --> 2016-May-05 06:15:07 (3.24632s ago)
  2854566650 --> 2016-May-05 06:15:07 (3.02561s ago)
  2895556301 --> 2016-May-05 06:15:08 (2.68313s ago)
  2927646590 --> 2016-May-05 06:15:08 (2.71568s ago)
  2929036181 --> 2016-May-05 06:15:05 (4.86727s ago)
  2942411243 --> 2016-May-05 06:15:07 (2.83926s ago)
  3023635289 --> 2016-May-05 06:15:05 (4.76527s ago)
  3045386993 --> 2016-May-05 06:15:05 (4.82945s ago)
  3156224011 --> 2016-May-05 06:15:06 (4.72527s ago)
  3166140449 --> 2016-May-05 06:15:07 (3.08705s ago)
  3198387236 --> 2016-May-05 06:15:05 (4.96254s ago)
  3257733604 --> 2016-May-05 06:15:06 (3.93465s ago)
  3306190304 --> 2016-May-05 06:15:06 (3.86238s ago)
  3407923446 --> 2016-May-05 06:15:08 (1.99166s ago)
  3434219210 --> 2016-May-05 06:15:07 (2.76464s ago)
  3471671994 --> 2016-May-05 06:15:07 (3.39137s ago)
  3514523542 --> 2016-May-05 06:15:07 (2.99452s ago)
  3522387459 --> 2016-May-05 06:15:06 (4.19761s ago)
  3595223000 --> 2016-May-05 06:15:06 (4.61829s ago)
  3597192310 --> 2016-May-05 06:15:08 (2.12084s ago)
  3647100710 --> 2016-May-05 06:15:08 (2.08854s ago)
  3649384163 --> 2016-May-05 06:15:06 (4.51858s ago)
  3770689346 --> 2016-May-05 06:15:06 (4.65091s ago)
  3794501255 --> 2016-May-05 06:15:06 (4.06484s ago)
  3801810670 --> 2016-May-05 06:15:07 (2.90059s ago)
  3805947721 --> 2016-May-05 06:15:07 (3.21572s ago)
  3872857588 --> 2016-May-05 06:15:08 (2.32422s ago)
  3874487559 --> 2016-May-05 06:15:06 (3.83196s ago)
  3887064560 --> 2016-May-05 06:15:07 (3.42638s ago)
  3911438566 --> 2016-May-05 06:15:08 (2.25525s ago)
  3923383644 --> 2016-May-05 06:15:07 (3.35475s ago)
  3931626109 --> 2016-May-05 06:15:08 (2.52006s ago)
  4097948955 --> 2016-May-05 06:15:08 (1.82908s ago)
  4258688277 --> 2016-May-05 06:15:05 (4.79803s ago)
total of 9.97921e+06 microseconds and 2264 sleeps
BID                                1063      96933   0.97%    91.19us/call
HEARTBEAT                             5         36   0.00%     7.20us/call
PONG0                                 5         54   0.00%    10.80us/call
PONG1                                 5         51   0.00%    10.20us/call
checkExpiredAuctions               2264        173   0.00%     0.08us/call
checks                             2284        282   0.00%     0.12us/call
configureAgentOnExchange           2284          9   0.00%     0.00us/call
doBid                              2284         47   0.00%     0.02us/call
doConfig                           2284         34   0.00%     0.01us/call
doStartBidding                     2284      52658   0.53%    23.06us/call
doSubmitted                        2284      50869   0.51%    22.27us/call
logBidEvents                         10         93   0.00%     9.30us/call
sendPings                            10         57   0.00%     5.70us/call
sleep                              2264     190737   1.91%    84.25us/call
sleepPoll                          2264    9560786  95.81%  4222.96us/call
spinPoll                           2284      26392   0.26%    11.56us/call
agent fixed-price-agent-ex_3549 appears to be dead
WARNING: dead agent doesn't clean up its state properly
total of 1.00042e+07 microseconds and 198 sleeps
checkExpiredAuctions                198       1608   0.02%     8.12us/call
checks                              198       1697   0.02%     8.57us/call
configureAgentOnExchange            198          0   0.00%     0.00us/call
doBid                               198          0   0.00%     0.00us/call
doConfig                            198          0   0.00%     0.00us/call
doStartBidding                      198          0   0.00%     0.00us/call
doSubmitted                         198      90842   0.91%   458.80us/call
logBidEvents                         10        101   0.00%    10.10us/call
sendPings                            10          0   0.00%     0.00us/call
sleep                               198          0   0.00%     0.00us/call
sleepPoll                           198    9908023  99.04% 50040.52us/call
spinPoll                            198       1954   0.02%     9.87us/call
2016-05-05 09:15:25.139 [1;32mBankerDebug [1;34mCRITICAL:hello:world[0m
********* calling addSpendAccount for hello:world for SlaveBanker router.slaveBanker
total of 1.0011e+07 microseconds and 198 sleeps
checkExpiredAuctions                198         19   0.00%     0.10us/call
checks                              198        211   0.00%     1.07us/call
configureAgentOnExchange            198          0   0.00%     0.00us/call
doBid                               198          9   0.00%     0.05us/call
doConfig                            198          0   0.00%     0.00us/call
doStartBidding                      198          0   0.00%     0.00us/call
doSubmitted                         198     101189   1.01%   511.06us/call
logBidEvents                         10        106   0.00%    10.60us/call
sendPings                            10          0   0.00%     0.00us/call
sleep                               198          0   0.00%     0.00us/call
sleepPoll                           198    9907528  98.97% 50038.02us/call
spinPoll                            198       1922   0.02%     9.71us/call
