FD limit too low: 32768/32768 smaller than recommended 65535
FD limit raised to: 32768
connecting to Carbon at 127.0.0.1:2003 (localhost)
2016-07-22 11:23:28,663:1277(0x7f081f28a700):ZOO_ERROR@handle_socket_error_msg@1697: Socket [127.0.0.1:2181] zk retcode=-4, errno=111(Connection refused): server refused to accept the client
2016-07-22 11:23:28,997:1277(0x7f081f28a700):ZOO_ERROR@handle_socket_error_msg@1697: Socket [127.0.0.1:2181] zk retcode=-4, errno=111(Connection refused): server refused to accept the client
2016-07-22 11:23:29,346:1277(0x7f081f28a700):ZOO_ERROR@handle_socket_error_msg@1721: Socket [127.0.0.1:2181] zk retcode=-4, errno=112(Host is down): failed while receiving a server response
2016-07-22 11:23:29.792 [1;32mZMQ [1;34mconnecting to monitor/zeromq[0m
2016-07-22 11:23:29.796 [1;32mZMQ [1;34mconnected to tcp://ip-172-31-19-171.eu-west-1.compute.internal:24000[0m
2016-07-22 11:23:29.798 [1;32mZMQ [1;34mconnecting to monitor/zeromq[0m
2016-07-22 11:23:29.803 [1;32mZMQ [1;34mconnected to tcp://ip-172-31-19-171.eu-west-1.compute.internal:24000[0m
2016-07-22 11:23:29.803 [1;32mSlaveBanker [1;34mSync Rate: 1[0m
2016-07-22 11:23:29.803 [1;32mSlaveBanker [1;34mSpend Rate: {"USD/1M":100000}[0m
2016-07-22 11:23:29.815 [1;32mZMQ [1;34mconnecting to masterBanker/zeromq[0m
2016-07-22 11:23:29.819 [1;32mZMQ [1;34mconnected to tcp://ip-172-31-19-171.eu-west-1.compute.internal:22000[0m
2016-07-22 11:23:29.819 [1;32mSlaveBankerArguments [1;34musing zmq interface for the MasterBanker[0m
2016-07-22 11:23:29.840 [1;32mMessage Loop Warning [1;34mmessage loop in polling mode will cause 2000 context switches per second due to polling on sources ZmqNamedEndpoint::socket[0m
2016-07-22 11:23:29.840 [1;32mMessage Loop Warning [1;34mmessage loop in polling mode will cause 2000 context switches per second due to polling on sources ZmqNamedEndpoint::socket[0m
augmentor frequency-cap-ex has connected
2016-07-22 11:23:29.840 [1;32mMessage Loop Warning [1;34mmessage loop in polling mode will cause 2000 context switches per second due to polling on sources ZmqNamedEndpoint::socket[0m
agent fixed-price-agent-ex_1283 connected to router
2016-07-22 11:23:29.841 [1;32mZMQ Trace [1;34mconnecting to PostAuctionLoop / PostAuctionLoop[0m
2016-07-22 11:23:29.842 [1;32mZMQ [1;34mconnecting to PostAuctionLoop/events[0m
2016-07-22 11:23:29.843 [1;32mZMQ [1;34mconnected to tcp://ip-172-31-19-171.eu-west-1.compute.internal:20000[0m
2016-07-22 11:23:29.844 [1;32mZMQ [1;34mconnecting to agentConfigurationService/listen[0m
2016-07-22 11:23:29.845 [1;32mZMQ [1;34mconnected to tcp://ip-172-31-19-171.eu-west-1.compute.internal:19000[0m
got configuration message fixed-price-agent-ex_1283
listening on hostname 0.0.0.0 port 17339
********* calling addSpendAccount for hello:world for SlaveBanker router.slaveBanker
my thread 139672042850048
response: 
total of 1.00419e+07 microseconds and 212 sleeps
CONFIG                                1        125   0.00%   125.00us/call
HEARTBEAT                            10        125   0.00%    12.50us/call
HELLO                                 1         69   0.00%    69.00us/call
PONG0                                 9        215   0.00%    23.89us/call
PONG1                                 9         72   0.00%     8.00us/call
checkExpiredAuctions                212        298   0.00%     1.41us/call
checks                              221          2   0.00%     0.01us/call
configureAgentOnExchange            222          1   0.00%     0.00us/call
doBid                               222         58   0.00%     0.26us/call
doConfig                            222       4067   0.04%    18.32us/call
doStartBidding                      222        112   0.00%     0.50us/call
doSubmitted                         222         11   0.00%     0.05us/call
logBidEvents                         10        168   0.00%    16.80us/call
sendPings                             9        241   0.00%    26.78us/call
sleep                               212       3708   0.04%    17.49us/call
sleepPoll                           212   10029514  99.88% 47309.03us/call
spinPoll                            222       3144   0.03%    14.16us/call
my thread 139672051242752
response: 
my thread 139672042850048
response: 
my thread 139672042850048
response: 
total of 1.00474e+07 microseconds and 216 sleeps
HEARTBEAT                            10        110   0.00%    11.00us/call
PONG0                                10        230   0.00%    23.00us/call
PONG1                                10         87   0.00%     8.70us/call
checkExpiredAuctions                216        288   0.00%     1.33us/call
checks                              223       1240   0.01%     5.56us/call
configureAgentOnExchange            223          0   0.00%     0.00us/call
doBid                               223         43   0.00%     0.19us/call
doConfig                            223          0   0.00%     0.00us/call
doStartBidding                      223        143   0.00%     0.64us/call
doSubmitted                         223          5   0.00%     0.02us/call
logBidEvents                         10        168   0.00%    16.80us/call
sendPings                            10        290   0.00%    29.00us/call
sleep                               216       4138   0.04%    19.16us/call
sleepPoll                           216   10037458  99.90% 46469.71us/call
spinPoll                            223       3158   0.03%    14.16us/call
my thread 139672042850048
response: 
total of 9.9975e+06 microseconds and 217 sleeps
HEARTBEAT                            10        106   0.00%    10.60us/call
PONG0                                10        223   0.00%    22.30us/call
PONG1                                10        111   0.00%    11.10us/call
checkExpiredAuctions                217        246   0.00%     1.13us/call
checks                              221        188   0.00%     0.85us/call
configureAgentOnExchange            221          0   0.00%     0.00us/call
doBid                               221         69   0.00%     0.31us/call
doConfig                            221          0   0.00%     0.00us/call
doStartBidding                      221        100   0.00%     0.45us/call
doSubmitted                         221          3   0.00%     0.01us/call
logBidEvents                         10        183   0.00%    18.30us/call
sendPings                            10        286   0.00%    28.60us/call
sleep                               217       4416   0.04%    20.35us/call
sleepPoll                           217    9988381  99.91% 46029.41us/call
spinPoll                            221       3184   0.03%    14.41us/call
total of 1.00473e+07 microseconds and 213 sleeps
HEARTBEAT                            10        110   0.00%    11.00us/call
PONG0                                10        209   0.00%    20.90us/call
PONG1                                10         89   0.00%     8.90us/call
checkExpiredAuctions                213        184   0.00%     0.86us/call
checks                              221        230   0.00%     1.04us/call
configureAgentOnExchange            221          0   0.00%     0.00us/call
doBid                               221         68   0.00%     0.31us/call
doConfig                            221          0   0.00%     0.00us/call
doStartBidding                      221          0   0.00%     0.00us/call
doSubmitted                         221          0   0.00%     0.00us/call
logBidEvents                         10        179   0.00%    17.90us/call
sendPings                            10        280   0.00%    28.00us/call
sleep                               213       3438   0.03%    16.14us/call
sleepPoll                           213   10039246  99.92% 47132.61us/call
spinPoll                            221       3242   0.03%    14.67us/call
my thread 139672051242752
response: 
total of 9.99708e+06 microseconds and 210 sleeps
HEARTBEAT                            10        109   0.00%    10.90us/call
PONG0                                 9        166   0.00%    18.44us/call
PONG1                                 9         62   0.00%     6.89us/call
checkExpiredAuctions                210        249   0.00%     1.19us/call
checks                              219        218   0.00%     1.00us/call
configureAgentOnExchange            219          0   0.00%     0.00us/call
doBid                               219        173   0.00%     0.79us/call
doConfig                            219          0   0.00%     0.00us/call
doStartBidding                      219         70   0.00%     0.32us/call
doSubmitted                         219          2   0.00%     0.01us/call
logBidEvents                          9        152   0.00%    16.89us/call
sendPings                             9        239   0.00%    26.56us/call
sleep                               210       3266   0.03%    15.55us/call
sleepPoll                           210    9989254  99.92% 47567.88us/call
spinPoll                            219       3123   0.03%    14.26us/call
my thread 139672042850048
response: 
my thread 139672051242752
response: 
total of 1.00472e+07 microseconds and 217 sleeps
HEARTBEAT                            10        117   0.00%    11.70us/call
PONG0                                10        235   0.00%    23.50us/call
PONG1                                10         99   0.00%     9.90us/call
checkExpiredAuctions                217        364   0.00%     1.68us/call
checks                              223       1483   0.01%     6.65us/call
configureAgentOnExchange            223          0   0.00%     0.00us/call
doBid                               223        100   0.00%     0.45us/call
doConfig                            223          0   0.00%     0.00us/call
doStartBidding                      223        153   0.00%     0.69us/call
doSubmitted                         223          5   0.00%     0.02us/call
logBidEvents                         10        182   0.00%    18.20us/call
sendPings                            10        301   0.00%    30.10us/call
sleep                               217       3899   0.04%    17.97us/call
sleepPoll                           217   10036906  99.90% 46253.02us/call
spinPoll                            223       3372   0.03%    15.12us/call
my thread 139672042850048
response: 
total of 9.99753e+06 microseconds and 211 sleeps
HEARTBEAT                            10        108   0.00%    10.80us/call
PONG0                                10        240   0.00%    24.00us/call
PONG1                                10         91   0.00%     9.10us/call
checkExpiredAuctions                211        285   0.00%     1.35us/call
checks                              221        245   0.00%     1.11us/call
configureAgentOnExchange            221          0   0.00%     0.00us/call
doBid                               221         96   0.00%     0.43us/call
doConfig                            221          0   0.00%     0.00us/call
doStartBidding                      221        102   0.00%     0.46us/call
doSubmitted                         221          3   0.00%     0.01us/call
logBidEvents                         10        182   0.00%    18.20us/call
sendPings                            10        295   0.00%    29.50us/call
sleep                               211       3178   0.03%    15.06us/call
sleepPoll                           211    9989596  99.92% 47344.06us/call
spinPoll                            221       3106   0.03%    14.05us/call
my thread 139672042850048
response: 
my thread 139672042850048
response: 
total of 9.99774e+06 microseconds and 213 sleeps
HEARTBEAT                            10        121   0.00%    12.10us/call
PONG0                                10        196   0.00%    19.60us/call
PONG1                                10         81   0.00%     8.10us/call
checkExpiredAuctions                213        287   0.00%     1.35us/call
checks                              222        239   0.00%     1.08us/call
configureAgentOnExchange            222          0   0.00%     0.00us/call
doBid                               222        101   0.00%     0.45us/call
doConfig                            222          0   0.00%     0.00us/call
doStartBidding                      222        143   0.00%     0.64us/call
doSubmitted                         222          4   0.00%     0.02us/call
logBidEvents                         10        168   0.00%    16.80us/call
sendPings                            10        272   0.00%    27.20us/call
sleep                               213       3875   0.04%    18.19us/call
sleepPoll                           213    9989094  99.91% 46897.15us/call
spinPoll                            222       3160   0.03%    14.23us/call
total of 1.00464e+07 microseconds and 215 sleeps
HEARTBEAT                            10        105   0.00%    10.50us/call
PONG0                                 9        196   0.00%    21.78us/call
PONG1                                 9        105   0.00%    11.67us/call
checkExpiredAuctions                215        411   0.00%     1.91us/call
checks                              219        254   0.00%     1.16us/call
configureAgentOnExchange            219          0   0.00%     0.00us/call
doBid                               219        170   0.00%     0.78us/call
doConfig                            219          0   0.00%     0.00us/call
doStartBidding                      219          0   0.00%     0.00us/call
doSubmitted                         219          0   0.00%     0.00us/call
logBidEvents                          9        166   0.00%    18.44us/call
sendPings                            10        314   0.00%    31.40us/call
sleep                               215       3962   0.04%    18.43us/call
sleepPoll                           215   10037490  99.91% 46686.00us/call
spinPoll                            219       3180   0.03%    14.52us/call
my thread 139672042850048
response: 
total of 9.99717e+06 microseconds and 211 sleeps
HEARTBEAT                            10        123   0.00%    12.30us/call
PONG0                                10        207   0.00%    20.70us/call
PONG1                                10         97   0.00%     9.70us/call
checkExpiredAuctions                211        311   0.00%     1.47us/call
checks                              221        231   0.00%     1.05us/call
configureAgentOnExchange            221          0   0.00%     0.00us/call
doBid                               221        138   0.00%     0.62us/call
doConfig                            221          0   0.00%     0.00us/call
doStartBidding                      221         73   0.00%     0.33us/call
doSubmitted                         221          2   0.00%     0.01us/call
logBidEvents                         10        192   0.00%    19.20us/call
sendPings                             9        277   0.00%    30.78us/call
sleep                               211       2968   0.03%    14.07us/call
sleepPoll                           211    9989415  99.92% 47343.20us/call
spinPoll                            221       3136   0.03%    14.19us/call
my thread 139672042850048
response: 
my thread 139672051242752
response: 
total of 1.00473e+07 microseconds and 214 sleeps
HEARTBEAT                            10        116   0.00%    11.60us/call
PONG0                                10        211   0.00%    21.10us/call
PONG1                                10         77   0.00%     7.70us/call
checkExpiredAuctions                214        188   0.00%     0.88us/call
checks                              222        304   0.00%     1.37us/call
configureAgentOnExchange            222          0   0.00%     0.00us/call
doBid                               222         80   0.00%     0.36us/call
doConfig                            222          0   0.00%     0.00us/call
doStartBidding                      222         94   0.00%     0.42us/call
doSubmitted                         222          4   0.00%     0.02us/call
logBidEvents                         10        179   0.00%    17.90us/call
sendPings                            10        280   0.00%    28.00us/call
sleep                               214       3883   0.04%    18.14us/call
sleepPoll                           214   10038729  99.91% 46909.95us/call
spinPoll                            222       3187   0.03%    14.36us/call
total of 9.99736e+06 microseconds and 213 sleeps
HEARTBEAT                            10        112   0.00%    11.20us/call
PONG0                                10        208   0.00%    20.80us/call
PONG1                                10         97   0.00%     9.70us/call
checkExpiredAuctions                213        266   0.00%     1.25us/call
checks                              220        230   0.00%     1.05us/call
configureAgentOnExchange            220          0   0.00%     0.00us/call
doBid                               220         93   0.00%     0.42us/call
doConfig                            220          0   0.00%     0.00us/call
doStartBidding                      220          0   0.00%     0.00us/call
doSubmitted                         220          0   0.00%     0.00us/call
logBidEvents                         10        171   0.00%    17.10us/call
sendPings                            10        280   0.00%    28.00us/call
sleep                               213       3991   0.04%    18.74us/call
sleepPoll                           213    9988752  99.91% 46895.55us/call
spinPoll                            220       3164   0.03%    14.38us/call
my thread 139672042850048
response: 
my thread 139672051242752
response: 
total of 9.99762e+06 microseconds and 213 sleeps
HEARTBEAT                            10        106   0.00%    10.60us/call
PONG0                                10        201   0.00%    20.10us/call
PONG1                                 9         97   0.00%    10.78us/call
checkExpiredAuctions                213        228   0.00%     1.07us/call
checks                              220        217   0.00%     0.99us/call
configureAgentOnExchange            220          0   0.00%     0.00us/call
doBid                               220         35   0.00%     0.16us/call
doConfig                            220          0   0.00%     0.00us/call
doStartBidding                      220         67   0.00%     0.30us/call
doSubmitted                         220          3   0.00%     0.01us/call
logBidEvents                         10        168   0.00%    16.80us/call
sendPings                            10        287   0.00%    28.70us/call
sleep                               213       3318   0.03%    15.58us/call
sleepPoll                           213    9989761  99.92% 46900.29us/call
spinPoll                            220       3127   0.03%    14.21us/call
my thread 139672051242752
response: 
my thread 139672042850048
response: 
total of 1.00469e+07 microseconds and 212 sleeps
HEARTBEAT                            10        118   0.00%    11.80us/call
PONG0                                 9        190   0.00%    21.11us/call
PONG1                                10         86   0.00%     8.60us/call
checkExpiredAuctions                212        212   0.00%     1.00us/call
checks                              221        226   0.00%     1.02us/call
configureAgentOnExchange            221          0   0.00%     0.00us/call
doBid                               221        124   0.00%     0.56us/call
doConfig                            221          0   0.00%     0.00us/call
doStartBidding                      221         71   0.00%     0.32us/call
doSubmitted                         221          3   0.00%     0.01us/call
logBidEvents                          9        177   0.00%    19.67us/call
sendPings                             9        283   0.00%    31.44us/call
sleep                               212       3992   0.04%    18.83us/call
sleepPoll                           212   10038336  99.91% 47350.64us/call
spinPoll                            221       3108   0.03%    14.06us/call
my thread 139672051242752
response: 
my thread 139672042850048
response: 
total of 9.99705e+06 microseconds and 214 sleeps
HEARTBEAT                            10        118   0.00%    11.80us/call
PONG0                                10        216   0.00%    21.60us/call
PONG1                                10         82   0.00%     8.20us/call
checkExpiredAuctions                214        529   0.01%     2.47us/call
checks                              222        236   0.00%     1.06us/call
configureAgentOnExchange            222          0   0.00%     0.00us/call
doBid                               222        186   0.00%     0.84us/call
doConfig                            222          0   0.00%     0.00us/call
doStartBidding                      222        164   0.00%     0.74us/call
doSubmitted                         222          4   0.00%     0.02us/call
logBidEvents                         10        191   0.00%    19.10us/call
sendPings                            10        318   0.00%    31.80us/call
sleep                               214       3784   0.04%    17.68us/call
sleepPoll                           214    9988048  99.91% 46673.12us/call
spinPoll                            222       3175   0.03%    14.30us/call
auction started after time already elapsed: 2016-Jul-22 11:26:01.7351 vs 2016-Jul-22 11:26:01.7255, available time = 155.0ms, firstData = 2016-Jul-22 11:26:01.5905
appodeal connector response 204: none
Auction droped: auction already expired
