FD limit too low: 1024/4096 smaller than recommended 65535
FD limit raised to: 4096
connecting to Carbon at 127.0.0.1:2003 (localhost)
2016-07-22 11:26:25.190 [1;32mZMQ [1;34mconnecting to monitor/zeromq[0m
2016-07-22 11:26:25.194 [1;32mZMQ [1;34mconnected to tcp://ip-172-31-19-171.eu-west-1.compute.internal:24000[0m
2016-07-22 11:26:25.202 [1;32mZMQ [1;34mconnecting to monitor/zeromq[0m
2016-07-22 11:26:25.205 [1;32mZMQ [1;34mconnected to tcp://ip-172-31-19-171.eu-west-1.compute.internal:24000[0m
2016-07-22 11:26:25.205 [1;32mSlaveBanker [1;34mSync Rate: 1[0m
2016-07-22 11:26:25.205 [1;32mSlaveBanker [1;34mSpend Rate: {"USD/1M":100000}[0m
2016-07-22 11:26:25.209 [1;32mZMQ [1;34mconnecting to masterBanker/zeromq[0m
2016-07-22 11:26:25.212 [1;32mZMQ [1;34mconnected to tcp://ip-172-31-19-171.eu-west-1.compute.internal:22000[0m
2016-07-22 11:26:25.213 [1;32mSlaveBankerArguments [1;34musing zmq interface for the MasterBanker[0m
2016-07-22 11:26:25.241 [1;32mMessage Loop Warning [1;34mmessage loop in polling mode will cause 2000 context switches per second due to polling on sources ZmqNamedEndpoint::socket[0m
2016-07-22 11:26:25.241 [1;32mMessage Loop Warning [1;34mmessage loop in polling mode will cause 2000 context switches per second due to polling on sources ZmqNamedEndpoint::socket[0m
2016-07-22 11:26:25.241 [1;32mMessage Loop Warning [1;34mmessage loop in polling mode will cause 2000 context switches per second due to polling on sources ZmqNamedEndpoint::socket[0m
augmentor frequency-cap-ex has connected
2016-07-22 11:26:25.242 [1;32mZMQ Trace [1;34mconnecting to PostAuctionLoop / PostAuctionLoop[0m
2016-07-22 11:26:25.242 [1;32mZMQ [1;34mconnecting to PostAuctionLoop/events[0m
agent fixed-price-agent-ex_1700 connected to router
wexists handler returned -101
2. returning result 
2016-07-22 11:26:25.245 [1;32mZMQ [1;34mconnecting to agentConfigurationService/listen[0m
2016-07-22 11:26:25.249 [1;32mZMQ [1;34mconnected to tcp://ip-172-31-19-171.eu-west-1.compute.internal:19000[0m
got configuration message fixed-price-agent-ex_1700
2016-07-22 11:26:25.259 [1;32mZMQ [1;34mconnecting to PostAuctionLoop/events[0m
listening on hostname 0.0.0.0 port 17339
2016-07-22 11:26:25.262 [1;32mZMQ [1;34mconnected to tcp://ip-172-31-19-171.eu-west-1.compute.internal:20000[0m
********* calling addSpendAccount for hello:world for SlaveBanker router.slaveBanker
my thread 140114365765376
response: 
auction started after time already elapsed: 2016-Jul-22 11:26:31.3851 vs 2016-Jul-22 11:26:31.2852, available time = 155.0ms, firstData = 2016-Jul-22 11:26:31.1502
appodeal connector response 204: none
Auction droped: auction already expired
total of 1.00003e+07 microseconds and 212 sleeps
CONFIG                                1        180   0.00%   180.00us/call
HEARTBEAT                            10        115   0.00%    11.50us/call
HELLO                                 1        186   0.00%   186.00us/call
PONG0                                 9        190   0.00%    21.11us/call
PONG1                                 9         77   0.00%     8.56us/call
checkExpiredAuctions                212        216   0.00%     1.02us/call
checks                              219          0   0.00%     0.00us/call
configureAgentOnExchange            220          2   0.00%     0.01us/call
doBid                               220         86   0.00%     0.39us/call
doConfig                            220        978   0.01%     4.45us/call
doStartBidding                      220          0   0.00%     0.00us/call
doSubmitted                         220          9   0.00%     0.04us/call
logBidEvents                         10        183   0.00%    18.30us/call
sendPings                             9        243   0.00%    27.00us/call
sleep                               212       3901   0.04%    18.40us/call
sleepPoll                           212    9990786  99.90% 47126.35us/call
spinPoll                            220       3141   0.03%    14.28us/call
my thread 140114357372672
response: 
total of 1.00472e+07 microseconds and 215 sleeps
HEARTBEAT                            10        119   0.00%    11.90us/call
PONG0                                10        217   0.00%    21.70us/call
PONG1                                10         97   0.00%     9.70us/call
checkExpiredAuctions                215        288   0.00%     1.34us/call
checks                              222        280   0.00%     1.26us/call
configureAgentOnExchange            222          0   0.00%     0.00us/call
doBid                               222         96   0.00%     0.43us/call
doConfig                            222          0   0.00%     0.00us/call
doStartBidding                      222        109   0.00%     0.49us/call
doSubmitted                         222          1   0.00%     0.00us/call
logBidEvents                         10        179   0.00%    17.90us/call
sendPings                            10        291   0.00%    29.10us/call
sleep                               215       3755   0.04%    17.47us/call
sleepPoll                           215   10038598  99.91% 46691.15us/call
spinPoll                            222       3170   0.03%    14.28us/call
my thread 140114365765376
response: 
my thread 140114357372672
response: 
my thread 140114365765376
response: 
my thread 140114365765376
response: 
my thread 140114357372672
response: 
2016-07-22 11:26:52.916 [1;32mOpenRTB Bid Request Parser [1;34m br.user.gender : 1is invalid. It should be either 'M' 'F' 'O' or null/empty[0m
my thread 140114357372672
response: 
my thread 140114365765376
response: 
total of 9.99731e+06 microseconds and 214 sleeps
HEARTBEAT                            10        108   0.00%    10.80us/call
PONG0                                10        264   0.00%    26.40us/call
PONG1                                10         71   0.00%     7.10us/call
checkExpiredAuctions                214        502   0.01%     2.35us/call
checks                              224        280   0.00%     1.25us/call
configureAgentOnExchange            224          0   0.00%     0.00us/call
doBid                               224         71   0.00%     0.32us/call
doConfig                            224          0   0.00%     0.00us/call
doStartBidding                      224        382   0.00%     1.71us/call
doSubmitted                         224         11   0.00%     0.05us/call
logBidEvents                         10        183   0.00%    18.30us/call
sendPings                            10        276   0.00%    27.60us/call
sleep                               214       2825   0.03%    13.20us/call
sleepPoll                           214    9989162  99.92% 46678.33us/call
spinPoll                            224       3177   0.03%    14.18us/call
total of 1.00473e+07 microseconds and 213 sleeps
HEARTBEAT                            10        109   0.00%    10.90us/call
PONG0                                10        240   0.00%    24.00us/call
PONG1                                10        104   0.00%    10.40us/call
checkExpiredAuctions                213        269   0.00%     1.26us/call
checks                              221        242   0.00%     1.10us/call
configureAgentOnExchange            221          0   0.00%     0.00us/call
doBid                               221         71   0.00%     0.32us/call
doConfig                            221          0   0.00%     0.00us/call
doStartBidding                      221          0   0.00%     0.00us/call
doSubmitted                         221          0   0.00%     0.00us/call
logBidEvents                         10        190   0.00%    19.00us/call
sendPings                            10        290   0.00%    29.00us/call
sleep                               213       3835   0.04%    18.00us/call
sleepPoll                           213   10038798  99.92% 47130.51us/call
spinPoll                            221       3163   0.03%    14.31us/call
my thread 140114365765376
response: 
