FD limit too low: 1024/4096 smaller than recommended 65535
FD limit raised to: 4096
2016-05-05 15:06:10.990 [1;32mZMQ [1;34mconnecting to monitor/zeromq[0m
2016-05-05 15:06:11.006 [1;32mZMQ [1;34mconnected to tcp://127.0.0.1:24000[0m
2016-05-05 15:06:11.023 [1;32mZMQ [1;34mconnecting to monitor/zeromq[0m
2016-05-05 15:06:11.048 [1;32mZMQ [1;34mconnected to tcp://127.0.0.1:24000[0m
2016-05-05 15:06:11.071 [1;32mSlaveBanker [1;34mSync Rate: 1[0m
2016-05-05 15:06:11.071 [1;32mSlaveBanker [1;34mSpend Rate: {"USD/1M":100000}[0m
2016-05-05 15:06:11.098 [1;32mZMQ [1;34mconnecting to masterBanker/zeromq[0m
2016-05-05 15:06:11.106 [1;32mZMQ [1;34mconnected to tcp://127.0.0.1:22000[0m
2016-05-05 15:06:11.106 [1;32mSlaveBankerArguments [1;34musing zmq interface for the MasterBanker[0m
2016-05-05 15:06:11.189 [1;32mMessage Loop Warning [1;34mmessage loop in polling mode will cause 2000 context switches per second due to polling on sources ZmqNamedEndpoint::socket[0m
2016-05-05 15:06:11.190 [1;32mMessage Loop Warning [1;34mmessage loop in polling mode will cause 2000 context switches per second due to polling on sources ZmqNamedEndpoint::socket[0m
2016-05-05 15:06:11.190 [1;32mMessage Loop Warning [1;34mmessage loop in polling mode will cause 2000 context switches per second due to polling on sources ZmqNamedEndpoint::socket[0m
augmentor frequency-cap-ex has connected
agent fixed-price-agent-ex_3043 connected to router
2016-05-05 15:06:11.190 [1;32mZMQ Trace [1;34mconnecting to PostAuctionLoop / PostAuctionLoop[0m
2016-05-05 15:06:11.190 [1;32mZMQ [1;34mconnecting to PostAuctionLoop/events[0m
2016-05-05 15:06:11.191 [1;32mZMQ [1;34mconnected to tcp://127.0.0.1:20000[0m
2016-05-05 15:06:11.191 [1;32mZMQ [1;34mconnecting to agentConfigurationService/listen[0m
2016-05-05 15:06:11.191 [1;32mZMQ [1;34mconnected to tcp://127.0.0.1:19000[0m
got configuration message fixed-price-agent-ex_3043
********* calling addSpendAccount for hello:world for SlaveBanker router.slaveBanker
listening on hostname 0.0.0.0 port 12339
total of 1.00446e+07 microseconds and 215 sleeps
CONFIG                                1         13   0.00%    13.00us/call
HEARTBEAT                            10         91   0.00%     9.10us/call
HELLO                                 1         38   0.00%    38.00us/call
PONG0                                 9        122   0.00%    13.56us/call
PONG1                                 9         63   0.00%     7.00us/call
checkExpiredAuctions                215         13   0.00%     0.06us/call
checks                              220          0   0.00%     0.00us/call
configureAgentOnExchange            221         10   0.00%     0.05us/call
doBid                               221          2   0.00%     0.01us/call
doConfig                            221        444   0.00%     2.01us/call
doStartBidding                      221          0   0.00%     0.00us/call
doSubmitted                         221      75765   0.75%   342.83us/call
logBidEvents                         10         94   0.00%     9.40us/call
sendPings                             9        145   0.00%    16.11us/call
sleep                               215       4661   0.05%    21.68us/call
sleepPoll                           215    9961021  99.17% 46330.33us/call
spinPoll                            221       2076   0.02%     9.39us/call
total of 1.00486e+07 microseconds and 211 sleeps
HEARTBEAT                            10         69   0.00%     6.90us/call
PONG0                                10        142   0.00%    14.20us/call
PONG1                                10         52   0.00%     5.20us/call
checkExpiredAuctions                211          2   0.00%     0.01us/call
checks                              221        217   0.00%     0.98us/call
configureAgentOnExchange            221          0   0.00%     0.00us/call
doBid                               221          0   0.00%     0.00us/call
doConfig                            221          0   0.00%     0.00us/call
doStartBidding                      221          0   0.00%     0.00us/call
doSubmitted                         221      76508   0.76%   346.19us/call
logBidEvents                         10         74   0.00%     7.40us/call
sendPings                            10        158   0.00%    15.80us/call
sleep                               211       4330   0.04%    20.52us/call
sleepPoll                           211    9965086  99.17% 47227.90us/call
spinPoll                            221       1975   0.02%     8.94us/call
total of 9.9988e+06 microseconds and 211 sleeps
HEARTBEAT                            10         84   0.00%     8.40us/call
PONG0                                10        116   0.00%    11.60us/call
PONG1                                10         56   0.00%     5.60us/call
checkExpiredAuctions                211          1   0.00%     0.00us/call
checks                              220        160   0.00%     0.73us/call
configureAgentOnExchange            220          3   0.00%     0.01us/call
doBid                               220          0   0.00%     0.00us/call
doConfig                            220          0   0.00%     0.00us/call
doStartBidding                      220          0   0.00%     0.00us/call
doSubmitted                         220      76080   0.76%   345.82us/call
logBidEvents                         10         79   0.00%     7.90us/call
sendPings                            10        150   0.00%    15.00us/call
sleep                               211       4334   0.04%    20.54us/call
sleepPoll                           211    9915728  99.17% 46993.97us/call
spinPoll                            220       2005   0.02%     9.11us/call
total of 9.99906e+06 microseconds and 216 sleeps
HEARTBEAT                            10         72   0.00%     7.20us/call
PONG0                                10        113   0.00%    11.30us/call
PONG1                                10         73   0.00%     7.30us/call
checkExpiredAuctions                216          0   0.00%     0.00us/call
checks                              220        165   0.00%     0.75us/call
configureAgentOnExchange            220          2   0.00%     0.01us/call
doBid                               220          0   0.00%     0.00us/call
doConfig                            220          4   0.00%     0.02us/call
doStartBidding                      220          0   0.00%     0.00us/call
doSubmitted                         220      75395   0.75%   342.70us/call
logBidEvents                         10         77   0.00%     7.70us/call
sendPings                            10        158   0.00%    15.80us/call
sleep                               216       4634   0.05%    21.45us/call
sleepPoll                           216    9916320  99.17% 45908.89us/call
spinPoll                            220       2045   0.02%     9.30us/call
total of 1.00474e+07 microseconds and 215 sleeps
HEARTBEAT                            10         76   0.00%     7.60us/call
PONG0                                 9         95   0.00%    10.56us/call
PONG1                                 9         56   0.00%     6.22us/call
checkExpiredAuctions                215          2   0.00%     0.01us/call
checks                              219        234   0.00%     1.07us/call
configureAgentOnExchange            219          9   0.00%     0.04us/call
doBid                               219          0   0.00%     0.00us/call
doConfig                            219          0   0.00%     0.00us/call
doStartBidding                      219          0   0.00%     0.00us/call
doSubmitted                         219      72778   0.72%   332.32us/call
logBidEvents                          9         64   0.00%     7.11us/call
sendPings                             9        144   0.00%    16.00us/call
sleep                               215       4266   0.04%    19.84us/call
sleepPoll                           215    9967691  99.21% 46361.35us/call
spinPoll                            219       2027   0.02%     9.26us/call
total of 9.99829e+06 microseconds and 213 sleeps
HEARTBEAT                            10         77   0.00%     7.70us/call
PONG0                                10        129   0.00%    12.90us/call
PONG1                                10         57   0.00%     5.70us/call
checkExpiredAuctions                213          8   0.00%     0.04us/call
checks                              220        194   0.00%     0.88us/call
configureAgentOnExchange            220          0   0.00%     0.00us/call
doBid                               220          0   0.00%     0.00us/call
doConfig                            220          0   0.00%     0.00us/call
doStartBidding                      220          0   0.00%     0.00us/call
doSubmitted                         220      79126   0.79%   359.66us/call
logBidEvents                         10         79   0.00%     7.90us/call
sendPings                            10        159   0.00%    15.90us/call
sleep                               213       4560   0.05%    21.41us/call
sleepPoll                           213    9911791  99.13% 46534.23us/call
spinPoll                            220       2111   0.02%     9.60us/call
total of 9.99992e+06 microseconds and 213 sleeps
HEARTBEAT                            10         75   0.00%     7.50us/call
PONG0                                10        116   0.00%    11.60us/call
PONG1                                10         56   0.00%     5.60us/call
checkExpiredAuctions                213         15   0.00%     0.07us/call
checks                              220        165   0.00%     0.75us/call
configureAgentOnExchange            220          0   0.00%     0.00us/call
doBid                               220          0   0.00%     0.00us/call
doConfig                            220          0   0.00%     0.00us/call
doStartBidding                      220          0   0.00%     0.00us/call
doSubmitted                         220      79293   0.79%   360.42us/call
logBidEvents                         10         85   0.00%     8.50us/call
sendPings                            10        165   0.00%    16.50us/call
sleep                               213       4551   0.05%    21.37us/call
sleepPoll                           213    9913385  99.13% 46541.71us/call
spinPoll                            220       2017   0.02%     9.17us/call
total of 1.00474e+07 microseconds and 214 sleeps
HEARTBEAT                            10         94   0.00%     9.40us/call
PONG0                                10        129   0.00%    12.90us/call
PONG1                                10         66   0.00%     6.60us/call
checkExpiredAuctions                214         12   0.00%     0.06us/call
checks                              221        158   0.00%     0.71us/call
configureAgentOnExchange            221          0   0.00%     0.00us/call
doBid                               221          2   0.00%     0.01us/call
doConfig                            221          0   0.00%     0.00us/call
doStartBidding                      221          0   0.00%     0.00us/call
doSubmitted                         221      81901   0.82%   370.59us/call
logBidEvents                         10         95   0.00%     9.50us/call
sendPings                            10        179   0.00%    17.90us/call
sleep                               214       4405   0.04%    20.58us/call
sleepPoll                           214    9958293  99.11% 46534.08us/call
spinPoll                            221       2095   0.02%     9.48us/call
total of 9.99833e+06 microseconds and 214 sleeps
HEARTBEAT                            10         79   0.00%     7.90us/call
PONG0                                10        117   0.00%    11.70us/call
PONG1                                 9         63   0.00%     7.00us/call
checkExpiredAuctions                214          3   0.00%     0.01us/call
checks                              219        158   0.00%     0.72us/call
configureAgentOnExchange            219          0   0.00%     0.00us/call
doBid                               219          0   0.00%     0.00us/call
doConfig                            219          0   0.00%     0.00us/call
doStartBidding                      219          0   0.00%     0.00us/call
doSubmitted                         219      78275   0.78%   357.42us/call
logBidEvents                         10         82   0.00%     8.20us/call
sendPings                            10        172   0.00%    17.20us/call
sleep                               214       4114   0.04%    19.22us/call
sleepPoll                           214    9913191  99.15% 46323.32us/call
spinPoll                            219       2072   0.02%     9.46us/call
total of 1.00486e+07 microseconds and 212 sleeps
HEARTBEAT                            10         81   0.00%     8.10us/call
PONG0                                 9        118   0.00%    13.11us/call
PONG1                                10         58   0.00%     5.80us/call
checkExpiredAuctions                212          4   0.00%     0.02us/call
checks                              220        164   0.00%     0.75us/call
configureAgentOnExchange            220          0   0.00%     0.00us/call
doBid                               220          0   0.00%     0.00us/call
doConfig                            220          0   0.00%     0.00us/call
doStartBidding                      220          0   0.00%     0.00us/call
doSubmitted                         220      81378   0.81%   369.90us/call
logBidEvents                          9         78   0.00%     8.67us/call
sendPings                             9        149   0.00%    16.56us/call
sleep                               212       4275   0.04%    20.17us/call
sleepPoll                           212    9960206  99.12% 46982.10us/call
spinPoll                            220       2080   0.02%     9.45us/call
total of 9.99868e+06 microseconds and 213 sleeps
HEARTBEAT                            10         65   0.00%     6.50us/call
PONG0                                10        133   0.00%    13.30us/call
PONG1                                10         64   0.00%     6.40us/call
checkExpiredAuctions                213          3   0.00%     0.01us/call
checks                              220        138   0.00%     0.63us/call
configureAgentOnExchange            220          0   0.00%     0.00us/call
doBid                               220          2   0.00%     0.01us/call
doConfig                            220          0   0.00%     0.00us/call
doStartBidding                      220          0   0.00%     0.00us/call
doSubmitted                         220      79386   0.79%   360.85us/call
logBidEvents                         10         94   0.00%     9.40us/call
sendPings                            10        163   0.00%    16.30us/call
sleep                               213       4420   0.04%    20.75us/call
sleepPoll                           213    9912172  99.13% 46536.02us/call
spinPoll                            220       2035   0.02%     9.25us/call
total of 9.99899e+06 microseconds and 214 sleeps
HEARTBEAT                            10         82   0.00%     8.20us/call
PONG0                                10        118   0.00%    11.80us/call
PONG1                                10         67   0.00%     6.70us/call
checkExpiredAuctions                214          2   0.00%     0.01us/call
checks                              220        164   0.00%     0.75us/call
configureAgentOnExchange            220          0   0.00%     0.00us/call
doBid                               220          1   0.00%     0.00us/call
doConfig                            220          0   0.00%     0.00us/call
doStartBidding                      220          0   0.00%     0.00us/call
doSubmitted                         220      79728   0.80%   362.40us/call
logBidEvents                         10         98   0.00%     9.80us/call
sendPings                            10        158   0.00%    15.80us/call
sleep                               214       4451   0.04%    20.80us/call
sleepPoll                           214    9912063  99.13% 46318.05us/call
spinPoll                            220       2056   0.02%     9.35us/call
total of 1.00483e+07 microseconds and 216 sleeps
HEARTBEAT                            10         84   0.00%     8.40us/call
PONG0                                10        124   0.00%    12.40us/call
PONG1                                10         67   0.00%     6.70us/call
checkExpiredAuctions                216          2   0.00%     0.01us/call
checks                              221        162   0.00%     0.73us/call
configureAgentOnExchange            221          0   0.00%     0.00us/call
doBid                               221          0   0.00%     0.00us/call
doConfig                            221          0   0.00%     0.00us/call
doStartBidding                      221          0   0.00%     0.00us/call
doSubmitted                         221      81325   0.81%   367.99us/call
logBidEvents                         10         83   0.00%     8.30us/call
sendPings                            10        157   0.00%    15.70us/call
sleep                               216       4689   0.05%    21.71us/call
sleepPoll                           216    9959475  99.12% 46108.68us/call
spinPoll                            221       2093   0.02%     9.47us/call
total of 1.00486e+07 microseconds and 214 sleeps
HEARTBEAT                            10         73   0.00%     7.30us/call
PONG0                                10        120   0.00%    12.00us/call
PONG1                                10         63   0.00%     6.30us/call
checkExpiredAuctions                214          0   0.00%     0.00us/call
checks                              221        153   0.00%     0.69us/call
configureAgentOnExchange            221          0   0.00%     0.00us/call
doBid                               221          0   0.00%     0.00us/call
doConfig                            221          0   0.00%     0.00us/call
doStartBidding                      221          0   0.00%     0.00us/call
doSubmitted                         221      80186   0.80%   362.83us/call
logBidEvents                         10         75   0.00%     7.50us/call
sendPings                            10        153   0.00%    15.30us/call
sleep                               214       4657   0.05%    21.76us/call
sleepPoll                           214    9961088  99.13% 46547.14us/call
spinPoll                            221       2046   0.02%     9.26us/call
total of 1.00485e+07 microseconds and 212 sleeps
HEARTBEAT                            10         74   0.00%     7.40us/call
PONG0                                 9        105   0.00%    11.67us/call
PONG1                                 9         55   0.00%     6.11us/call
checkExpiredAuctions                212          3   0.00%     0.01us/call
checks                              219        204   0.00%     0.93us/call
configureAgentOnExchange            219          0   0.00%     0.00us/call
doBid                               219          1   0.00%     0.00us/call
doConfig                            219          0   0.00%     0.00us/call
doStartBidding                      219          0   0.00%     0.00us/call
doSubmitted                         219      80624   0.80%   368.15us/call
logBidEvents                          9         81   0.00%     9.00us/call
sendPings                             9        151   0.00%    16.78us/call
sleep                               212       3915   0.04%    18.47us/call
sleepPoll                           212    9961283  99.13% 46987.18us/call
spinPoll                            219       2027   0.02%     9.26us/call
total of 9.99904e+06 microseconds and 211 sleeps
HEARTBEAT                            10         72   0.00%     7.20us/call
PONG0                                10        118   0.00%    11.80us/call
PONG1                                10         52   0.00%     5.20us/call
checkExpiredAuctions                211          7   0.00%     0.03us/call
checks                              220        167   0.00%     0.76us/call
configureAgentOnExchange            220          0   0.00%     0.00us/call
doBid                               220          0   0.00%     0.00us/call
doConfig                            220          0   0.00%     0.00us/call
doStartBidding                      220          1   0.00%     0.00us/call
doSubmitted                         220      81767   0.82%   371.67us/call
logBidEvents                         10        103   0.00%    10.30us/call
sendPings                            10        161   0.00%    16.10us/call
sleep                               211       4099   0.04%    19.43us/call
sleepPoll                           211    9910492  99.11% 46969.16us/call
spinPoll                            220       2006   0.02%     9.12us/call
total of 9.99968e+06 microseconds and 212 sleeps
HEARTBEAT                            10         84   0.00%     8.40us/call
PONG0                                10        138   0.00%    13.80us/call
PONG1                                10         65   0.00%     6.50us/call
checkExpiredAuctions                212         21   0.00%     0.10us/call
checks                              220        172   0.00%     0.78us/call
configureAgentOnExchange            220          0   0.00%     0.00us/call
doBid                               220         10   0.00%     0.05us/call
doConfig                            220          3   0.00%     0.01us/call
doStartBidding                      220          1   0.00%     0.00us/call
doSubmitted                         220      88153   0.88%   400.70us/call
logBidEvents                         10         88   0.00%     8.80us/call
sendPings                            10        171   0.00%    17.10us/call
sleep                               212       4332   0.04%    20.43us/call
sleepPoll                           212    9904432  99.05% 46719.02us/call
spinPoll                            220       2007   0.02%     9.12us/call
total of 1.00482e+07 microseconds and 212 sleeps
HEARTBEAT                            10         89   0.00%     8.90us/call
PONG0                                10        136   0.00%    13.60us/call
PONG1                                10         62   0.00%     6.20us/call
checkExpiredAuctions                212         22   0.00%     0.10us/call
checks                              221        155   0.00%     0.70us/call
configureAgentOnExchange            221          1   0.00%     0.00us/call
doBid                               221          4   0.00%     0.02us/call
doConfig                            221          0   0.00%     0.00us/call
doStartBidding                      221          0   0.00%     0.00us/call
doSubmitted                         221      95379   0.95%   431.58us/call
logBidEvents                         10         93   0.00%     9.30us/call
sendPings                            10        190   0.00%    19.00us/call
sleep                               212       4181   0.04%    19.72us/call
sleepPoll                           212    9945812  98.98% 46914.21us/call
spinPoll                            221       2106   0.02%     9.53us/call
total of 1.00483e+07 microseconds and 214 sleeps
HEARTBEAT                            10         90   0.00%     9.00us/call
PONG0                                10        132   0.00%    13.20us/call
PONG1                                10         54   0.00%     5.40us/call
checkExpiredAuctions                214         75   0.00%     0.35us/call
checks                              221        159   0.00%     0.72us/call
configureAgentOnExchange            221          0   0.00%     0.00us/call
doBid                               221          9   0.00%     0.04us/call
doConfig                            221          0   0.00%     0.00us/call
doStartBidding                      221          0   0.00%     0.00us/call
doSubmitted                         221     114841   1.14%   519.64us/call
logBidEvents                         10        106   0.00%    10.60us/call
sendPings                            10        183   0.00%    18.30us/call
sleep                               214       4224   0.04%    19.74us/call
sleepPoll                           214    9926219  98.79% 46384.20us/call
spinPoll                            221       2176   0.02%     9.85us/call
total of 1.00483e+07 microseconds and 212 sleeps
HEARTBEAT                            10         94   0.00%     9.40us/call
PONG0                                 9        127   0.00%    14.11us/call
PONG1                                 9         65   0.00%     7.22us/call
checkExpiredAuctions                212         34   0.00%     0.16us/call
checks                              219        146   0.00%     0.67us/call
configureAgentOnExchange            219          0   0.00%     0.00us/call
doBid                               219          9   0.00%     0.04us/call
doConfig                            219          0   0.00%     0.00us/call
doStartBidding                      219          0   0.00%     0.00us/call
doSubmitted                         219     104911   1.04%   479.05us/call
logBidEvents                          9        103   0.00%    11.44us/call
sendPings                             9        160   0.00%    17.78us/call
sleep                               212       3861   0.04%    18.21us/call
sleepPoll                           212    9936606  98.89% 46870.78us/call
spinPoll                            219       2147   0.02%     9.80us/call
total of 9.99817e+06 microseconds and 213 sleeps
HEARTBEAT                            10         94   0.00%     9.40us/call
PONG0                                10        138   0.00%    13.80us/call
PONG1                                10         71   0.00%     7.10us/call
checkExpiredAuctions                213         30   0.00%     0.14us/call
checks                              220        196   0.00%     0.89us/call
configureAgentOnExchange            220          0   0.00%     0.00us/call
doBid                               220          4   0.00%     0.02us/call
doConfig                            220          0   0.00%     0.00us/call
doStartBidding                      220          0   0.00%     0.00us/call
doSubmitted                         220      97612   0.98%   443.69us/call
logBidEvents                         10        112   0.00%    11.20us/call
sendPings                            10        174   0.00%    17.40us/call
sleep                               213       4502   0.05%    21.14us/call
sleepPoll                           213    9893136  98.95% 46446.65us/call
spinPoll                            220       2099   0.02%     9.54us/call
total of 9.99817e+06 microseconds and 216 sleeps
HEARTBEAT                            10         87   0.00%     8.70us/call
PONG0                                10        119   0.00%    11.90us/call
PONG1                                10         70   0.00%     7.00us/call
checkExpiredAuctions                216         12   0.00%     0.06us/call
checks                              220        158   0.00%     0.72us/call
configureAgentOnExchange            220          1   0.00%     0.00us/call
doBid                               220          0   0.00%     0.00us/call
doConfig                            220          0   0.00%     0.00us/call
doStartBidding                      220          0   0.00%     0.00us/call
doSubmitted                         220      88945   0.89%   404.30us/call
logBidEvents                         10         94   0.00%     9.40us/call
sendPings                            10        190   0.00%    19.00us/call
sleep                               216       4691   0.05%    21.72us/call
sleepPoll                           216    9901742  99.04% 45841.40us/call
spinPoll                            220       2064   0.02%     9.38us/call
total of 1.00473e+07 microseconds and 215 sleeps
HEARTBEAT                            10         89   0.00%     8.90us/call
PONG0                                10        143   0.00%    14.30us/call
PONG1                                10         78   0.00%     7.80us/call
checkExpiredAuctions                215         12   0.00%     0.06us/call
checks                              221        164   0.00%     0.74us/call
configureAgentOnExchange            221          0   0.00%     0.00us/call
doBid                               221          8   0.00%     0.04us/call
doConfig                            221          0   0.00%     0.00us/call
doStartBidding                      221          0   0.00%     0.00us/call
doSubmitted                         221      86013   0.86%   389.20us/call
logBidEvents                         10         94   0.00%     9.40us/call
sendPings                            10        182   0.00%    18.20us/call
sleep                               215       4523   0.05%    21.04us/call
sleepPoll                           215    9953939  99.07% 46297.39us/call
spinPoll                            221       2078   0.02%     9.40us/call
total of 1.00391e+07 microseconds and 213 sleeps
HEARTBEAT                            11         75   0.00%     6.82us/call
PONG0                                 9        117   0.00%    13.00us/call
PONG1                                 9         60   0.00%     6.67us/call
checkExpiredAuctions                213         11   0.00%     0.05us/call
checks                              219        168   0.00%     0.77us/call
configureAgentOnExchange            219          0   0.00%     0.00us/call
doBid                               219          0   0.00%     0.00us/call
doConfig                            219          0   0.00%     0.00us/call
doStartBidding                      219          0   0.00%     0.00us/call
doSubmitted                         219      83347   0.83%   380.58us/call
logBidEvents                          9         83   0.00%     9.22us/call
sendPings                            10        157   0.00%    15.70us/call
sleep                               213       4103   0.04%    19.26us/call
sleepPoll                           213    9948925  99.10% 46708.57us/call
spinPoll                            219       2038   0.02%     9.31us/call
total of 1.00486e+07 microseconds and 213 sleeps
HEARTBEAT                            10         74   0.00%     7.40us/call
PONG0                                10        107   0.00%    10.70us/call
PONG1                                10         51   0.00%     5.10us/call
checkExpiredAuctions                213          7   0.00%     0.03us/call
checks                              221        142   0.00%     0.64us/call
configureAgentOnExchange            221          0   0.00%     0.00us/call
doBid                               221          0   0.00%     0.00us/call
doConfig                            221          0   0.00%     0.00us/call
doStartBidding                      221          0   0.00%     0.00us/call
doSubmitted                         221      83589   0.83%   378.23us/call
logBidEvents                         10         82   0.00%     8.20us/call
sendPings                             9        140   0.00%    15.56us/call
sleep                               213       4288   0.04%    20.13us/call
sleepPoll                           213    9958141  99.10% 46751.84us/call
spinPoll                            221       2023   0.02%     9.15us/call
total of 9.99833e+06 microseconds and 211 sleeps
HEARTBEAT                            10         83   0.00%     8.30us/call
PONG0                                10        136   0.00%    13.60us/call
PONG1                                10         62   0.00%     6.20us/call
checkExpiredAuctions                211          7   0.00%     0.03us/call
checks                              220        141   0.00%     0.64us/call
configureAgentOnExchange            220          0   0.00%     0.00us/call
doBid                               220          0   0.00%     0.00us/call
doConfig                            220          0   0.00%     0.00us/call
doStartBidding                      220          0   0.00%     0.00us/call
doSubmitted                         220      87707   0.88%   398.67us/call
logBidEvents                         10        105   0.00%    10.50us/call
sendPings                            10        187   0.00%    18.70us/call
sleep                               211       4255   0.04%    20.17us/call
sleepPoll                           211    9903552  99.05% 46936.27us/call
spinPoll                            220       2091   0.02%     9.50us/call
total of 1.00486e+07 microseconds and 213 sleeps
HEARTBEAT                            10         96   0.00%     9.60us/call
PONG0                                10        132   0.00%    13.20us/call
PONG1                                10         61   0.00%     6.10us/call
checkExpiredAuctions                213         14   0.00%     0.07us/call
checks                              221        150   0.00%     0.68us/call
configureAgentOnExchange            221          0   0.00%     0.00us/call
doBid                               221          2   0.00%     0.01us/call
doConfig                            221          0   0.00%     0.00us/call
doStartBidding                      221          0   0.00%     0.00us/call
doSubmitted                         221      89779   0.89%   406.24us/call
logBidEvents                         10         99   0.00%     9.90us/call
sendPings                            10        174   0.00%    17.40us/call
sleep                               213       4276   0.04%    20.08us/call
sleepPoll                           213    9951749  99.04% 46721.83us/call
spinPoll                            221       2094   0.02%     9.48us/call
total of 9.99828e+06 microseconds and 214 sleeps
HEARTBEAT                            10         80   0.00%     8.00us/call
PONG0                                10        140   0.00%    14.00us/call
PONG1                                10         64   0.00%     6.40us/call
checkExpiredAuctions                214          2   0.00%     0.01us/call
checks                              220        172   0.00%     0.78us/call
configureAgentOnExchange            220          0   0.00%     0.00us/call
doBid                               220          1   0.00%     0.00us/call
doConfig                            220          0   0.00%     0.00us/call
doStartBidding                      220          0   0.00%     0.00us/call
doSubmitted                         220      86761   0.87%   394.37us/call
logBidEvents                         10         95   0.00%     9.50us/call
sendPings                            10        174   0.00%    17.40us/call
sleep                               214       4674   0.05%    21.84us/call
sleepPoll                           214    9904081  99.06% 46280.75us/call
spinPoll                            220       2035   0.02%     9.25us/call
total of 1.00486e+07 microseconds and 211 sleeps
HEARTBEAT                            10         77   0.00%     7.70us/call
PONG0                                 9        122   0.00%    13.56us/call
PONG1                                 9         51   0.00%     5.67us/call
checkExpiredAuctions                211          7   0.00%     0.03us/call
checks                              219        146   0.00%     0.67us/call
configureAgentOnExchange            219          0   0.00%     0.00us/call
doBid                               219          0   0.00%     0.00us/call
doConfig                            219          0   0.00%     0.00us/call
doStartBidding                      219          0   0.00%     0.00us/call
doSubmitted                         219      87744   0.87%   400.66us/call
logBidEvents                          9         81   0.00%     9.00us/call
sendPings                             9        139   0.00%    15.44us/call
sleep                               211       3744   0.04%    17.74us/call
sleepPoll                           211    9954525  99.06% 47177.84us/call
spinPoll                            219       2013   0.02%     9.19us/call
total of 1.00487e+07 microseconds and 214 sleeps
HEARTBEAT                            10         78   0.00%     7.80us/call
PONG0                                10        131   0.00%    13.10us/call
PONG1                                10         64   0.00%     6.40us/call
checkExpiredAuctions                214         10   0.00%     0.05us/call
checks                              221        155   0.00%     0.70us/call
configureAgentOnExchange            221          0   0.00%     0.00us/call
doBid                               221          2   0.00%     0.01us/call
doConfig                            221          0   0.00%     0.00us/call
doStartBidding                      221          0   0.00%     0.00us/call
doSubmitted                         221      87070   0.87%   393.98us/call
logBidEvents                         10         87   0.00%     8.70us/call
sendPings                            10        171   0.00%    17.10us/call
sleep                               214       4323   0.04%    20.20us/call
sleepPoll                           214    9954594  99.06% 46516.79us/call
spinPoll                            221       2056   0.02%     9.30us/call
total of 9.99848e+06 microseconds and 213 sleeps
HEARTBEAT                            10         73   0.00%     7.30us/call
PONG0                                10        126   0.00%    12.60us/call
PONG1                                10         60   0.00%     6.00us/call
checkExpiredAuctions                213          8   0.00%     0.04us/call
checks                              220        164   0.00%     0.75us/call
configureAgentOnExchange            220          0   0.00%     0.00us/call
doBid                               220          0   0.00%     0.00us/call
doConfig                            220          0   0.00%     0.00us/call
doStartBidding                      220          0   0.00%     0.00us/call
doSubmitted                         220      84029   0.84%   381.95us/call
logBidEvents                         10         98   0.00%     9.80us/call
sendPings                            10        175   0.00%    17.50us/call
sleep                               213       4491   0.04%    21.08us/call
sleepPoll                           213    9907231  99.09% 46512.82us/call
spinPoll                            220       2021   0.02%     9.19us/call
total of 1.00485e+07 microseconds and 213 sleeps
HEARTBEAT                            10         75   0.00%     7.50us/call
PONG0                                10        126   0.00%    12.60us/call
PONG1                                10         60   0.00%     6.00us/call
checkExpiredAuctions                213          6   0.00%     0.03us/call
checks                              221        174   0.00%     0.79us/call
configureAgentOnExchange            221          0   0.00%     0.00us/call
doBid                               221          8   0.00%     0.04us/call
doConfig                            221          0   0.00%     0.00us/call
doStartBidding                      221          0   0.00%     0.00us/call
doSubmitted                         221      85507   0.85%   386.91us/call
logBidEvents                         10         90   0.00%     9.00us/call
sendPings                            10        167   0.00%    16.70us/call
sleep                               213       4442   0.04%    20.85us/call
sleepPoll                           213    9955801  99.08% 46740.85us/call
spinPoll                            221       2039   0.02%     9.23us/call
total of 9.99903e+06 microseconds and 215 sleeps
HEARTBEAT                            10         79   0.00%     7.90us/call
PONG0                                10        119   0.00%    11.90us/call
PONG1                                10         72   0.00%     7.20us/call
checkExpiredAuctions                215          7   0.00%     0.03us/call
checks                              220        159   0.00%     0.72us/call
configureAgentOnExchange            220          0   0.00%     0.00us/call
doBid                               220          0   0.00%     0.00us/call
doConfig                            220          0   0.00%     0.00us/call
doStartBidding                      220          0   0.00%     0.00us/call
doSubmitted                         220      85806   0.86%   390.03us/call
logBidEvents                         10        108   0.00%    10.80us/call
sendPings                            10        162   0.00%    16.20us/call
sleep                               215       4755   0.05%    22.12us/call
sleepPoll                           215    9905685  99.07% 46072.95us/call
spinPoll                            220       2080   0.02%     9.45us/call
total of 1.0048e+07 microseconds and 213 sleeps
HEARTBEAT                            10         84   0.00%     8.40us/call
PONG0                                 9        113   0.00%    12.56us/call
PONG1                                 9         55   0.00%     6.11us/call
checkExpiredAuctions                213          3   0.00%     0.01us/call
checks                              219        201   0.00%     0.92us/call
configureAgentOnExchange            219          0   0.00%     0.00us/call
doBid                               219          8   0.00%     0.04us/call
doConfig                            219          0   0.00%     0.00us/call
doStartBidding                      219          0   0.00%     0.00us/call
doSubmitted                         219      82659   0.82%   377.44us/call
logBidEvents                          9         83   0.00%     9.22us/call
sendPings                             9        152   0.00%    16.89us/call
sleep                               213       3888   0.04%    18.25us/call
sleepPoll                           213    9958762  99.11% 46754.75us/call
spinPoll                            219       2040   0.02%     9.32us/call
total of 9.99872e+06 microseconds and 212 sleeps
HEARTBEAT                            10         87   0.00%     8.70us/call
PONG0                                10        128   0.00%    12.80us/call
PONG1                                10         62   0.00%     6.20us/call
checkExpiredAuctions                212          5   0.00%     0.02us/call
checks                              220        168   0.00%     0.76us/call
configureAgentOnExchange            220          0   0.00%     0.00us/call
doBid                               220          1   0.00%     0.00us/call
doConfig                            220          0   0.00%     0.00us/call
doStartBidding                      220          0   0.00%     0.00us/call
doSubmitted                         220      85644   0.86%   389.29us/call
logBidEvents                         10        103   0.00%    10.30us/call
sendPings                            10        177   0.00%    17.70us/call
sleep                               212       4339   0.04%    20.47us/call
sleepPoll                           212    9905907  99.07% 46725.98us/call
spinPoll                            220       2096   0.02%     9.53us/call
total of 9.99778e+06 microseconds and 212 sleeps
HEARTBEAT                            10         91   0.00%     9.10us/call
PONG0                                10        140   0.00%    14.00us/call
PONG1                                10         66   0.00%     6.60us/call
checkExpiredAuctions                212         72   0.00%     0.34us/call
checks                              220        208   0.00%     0.95us/call
configureAgentOnExchange            220          0   0.00%     0.00us/call
doBid                               220         81   0.00%     0.37us/call
doConfig                            220          0   0.00%     0.00us/call
doStartBidding                      220          0   0.00%     0.00us/call
doSubmitted                         220     125486   1.26%   570.39us/call
logBidEvents                         10        104   0.00%    10.40us/call
sendPings                            10        182   0.00%    18.20us/call
sleep                               212       4388   0.04%    20.70us/call
sleepPoll                           212    9864809  98.67% 46532.12us/call
spinPoll                            220       2158   0.02%     9.81us/call
total of 1.00488e+07 microseconds and 213 sleeps
HEARTBEAT                            10         87   0.00%     8.70us/call
PONG0                                10        138   0.00%    13.80us/call
PONG1                                10         74   0.00%     7.40us/call
checkExpiredAuctions                213         28   0.00%     0.13us/call
checks                              221        163   0.00%     0.74us/call
configureAgentOnExchange            221          0   0.00%     0.00us/call
doBid                               221          3   0.00%     0.01us/call
doConfig                            221          0   0.00%     0.00us/call
doStartBidding                      221          0   0.00%     0.00us/call
doSubmitted                         221     102517   1.02%   463.88us/call
logBidEvents                         10        101   0.00%    10.10us/call
sendPings                            10        176   0.00%    17.60us/call
sleep                               213       4057   0.04%    19.05us/call
sleepPoll                           213    9939305  98.91% 46663.40us/call
spinPoll                            221       2133   0.02%     9.65us/call
total of 9.99839e+06 microseconds and 210 sleeps
HEARTBEAT                            10         81   0.00%     8.10us/call
PONG0                                 9        117   0.00%    13.00us/call
PONG1                                 9         49   0.00%     5.44us/call
checkExpiredAuctions                210         14   0.00%     0.07us/call
checks                              218        203   0.00%     0.93us/call
configureAgentOnExchange            218          0   0.00%     0.00us/call
doBid                               218          5   0.00%     0.02us/call
doConfig                            218          0   0.00%     0.00us/call
doStartBidding                      218          0   0.00%     0.00us/call
doSubmitted                         218      90095   0.90%   413.28us/call
logBidEvents                          9         86   0.00%     9.56us/call
sendPings                             9        167   0.00%    18.56us/call
sleep                               210       3877   0.04%    18.46us/call
sleepPoll                           210    9901652  99.03% 47150.72us/call
spinPoll                            218       2041   0.02%     9.36us/call
total of 1.0048e+07 microseconds and 215 sleeps
HEARTBEAT                            10         76   0.00%     7.60us/call
PONG0                                10        126   0.00%    12.60us/call
PONG1                                10         62   0.00%     6.20us/call
checkExpiredAuctions                215         14   0.00%     0.07us/call
checks                              221        166   0.00%     0.75us/call
configureAgentOnExchange            221          0   0.00%     0.00us/call
doBid                               221          1   0.00%     0.00us/call
doConfig                            221          0   0.00%     0.00us/call
doStartBidding                      221          0   0.00%     0.00us/call
doSubmitted                         221      90106   0.90%   407.72us/call
logBidEvents                         10         93   0.00%     9.30us/call
sendPings                            10        178   0.00%    17.80us/call
sleep                               215       4581   0.05%    21.31us/call
sleepPoll                           215    9950510  99.03% 46281.44us/call
spinPoll                            221       2040   0.02%     9.23us/call
total of 9.99836e+06 microseconds and 211 sleeps
HEARTBEAT                            10         86   0.00%     8.60us/call
PONG0                                10        136   0.00%    13.60us/call
PONG1                                10         63   0.00%     6.30us/call
checkExpiredAuctions                211         41   0.00%     0.19us/call
checks                              220        145   0.00%     0.66us/call
configureAgentOnExchange            220          0   0.00%     0.00us/call
doBid                               220          7   0.00%     0.03us/call
doConfig                            220          0   0.00%     0.00us/call
doStartBidding                      220          0   0.00%     0.00us/call
doSubmitted                         220     107982   1.08%   490.83us/call
logBidEvents                         10        106   0.00%    10.60us/call
sendPings                            10        182   0.00%    18.20us/call
sleep                               211       4293   0.04%    20.35us/call
sleepPoll                           211    9883170  98.85% 46839.67us/call
spinPoll                            220       2149   0.02%     9.77us/call
total of 1.00484e+07 microseconds and 213 sleeps
HEARTBEAT                            10         87   0.00%     8.70us/call
PONG0                                 9        120   0.00%    13.33us/call
PONG1                                 9         57   0.00%     6.33us/call
checkExpiredAuctions                213          9   0.00%     0.04us/call
checks                              219        153   0.00%     0.70us/call
configureAgentOnExchange            219          0   0.00%     0.00us/call
doBid                               219          0   0.00%     0.00us/call
doConfig                            219          0   0.00%     0.00us/call
doStartBidding                      219          0   0.00%     0.00us/call
doSubmitted                         219      90053   0.90%   411.20us/call
logBidEvents                          9         90   0.00%    10.00us/call
sendPings                            10        173   0.00%    17.30us/call
sleep                               213       3497   0.03%    16.42us/call
sleepPoll                           213    9952158  99.04% 46723.75us/call
spinPoll                            219       2050   0.02%     9.36us/call
total of 1.00032e+07 microseconds and 212 sleeps
HEARTBEAT                            10         98   0.00%     9.80us/call
PONG0                                10        144   0.00%    14.40us/call
PONG1                                10         77   0.00%     7.70us/call
checkExpiredAuctions                212        134   0.00%     0.63us/call
checks                              220        186   0.00%     0.85us/call
configureAgentOnExchange            220          0   0.00%     0.00us/call
doBid                               220         24   0.00%     0.11us/call
doConfig                            220          0   0.00%     0.00us/call
doStartBidding                      220          0   0.00%     0.00us/call
doSubmitted                         220     161002   1.61%   731.83us/call
logBidEvents                         10        110   0.00%    11.00us/call
sendPings                             9        180   0.00%    20.00us/call
sleep                               212       3835   0.04%    18.09us/call
sleepPoll                           212    9835126  98.32% 46392.10us/call
spinPoll                            220       2265   0.02%    10.30us/call
total of 1.00474e+07 microseconds and 214 sleeps
HEARTBEAT                            10         96   0.00%     9.60us/call
PONG0                                10        137   0.00%    13.70us/call
PONG1                                10         74   0.00%     7.40us/call
checkExpiredAuctions                214        163   0.00%     0.76us/call
checks                              221        195   0.00%     0.88us/call
configureAgentOnExchange            221          3   0.00%     0.01us/call
doBid                               221         37   0.00%     0.17us/call
doConfig                            221          0   0.00%     0.00us/call
doStartBidding                      221          0   0.00%     0.00us/call
doSubmitted                         221     174536   1.74%   789.76us/call
logBidEvents                         10        126   0.00%    12.60us/call
sendPings                            10        208   0.00%    20.80us/call
sleep                               214       4125   0.04%    19.28us/call
sleepPoll                           214    9865429  98.19% 46100.14us/call
spinPoll                            221       2318   0.02%    10.49us/call
total of 1.00448e+07 microseconds and 220 sleeps
HEARTBEAT                            10         93   0.00%     9.30us/call
PONG0                                10        126   0.00%    12.60us/call
PONG1                                10         79   0.00%     7.90us/call
checkExpiredAuctions                220         71   0.00%     0.32us/call
checks                              221        257   0.00%     1.16us/call
configureAgentOnExchange            221          0   0.00%     0.00us/call
doBid                               221          4   0.00%     0.02us/call
doConfig                            221          0   0.00%     0.00us/call
doStartBidding                      221          0   0.00%     0.00us/call
doSubmitted                         221     123448   1.23%   558.59us/call
logBidEvents                         10        103   0.00%    10.30us/call
sendPings                            10        162   0.00%    16.20us/call
sleep                               220       5008   0.05%    22.76us/call
sleepPoll                           220    9913244  98.69% 45060.20us/call
spinPoll                            221       2168   0.02%     9.81us/call
total of 1.00471e+07 microseconds and 216 sleeps
HEARTBEAT                            10         88   0.00%     8.80us/call
PONG0                                10        139   0.00%    13.90us/call
PONG1                                10         75   0.00%     7.50us/call
checkExpiredAuctions                216         55   0.00%     0.25us/call
checks                              221        215   0.00%     0.97us/call
configureAgentOnExchange            221          5   0.00%     0.02us/call
doBid                               221          5   0.00%     0.02us/call
doConfig                            221          0   0.00%     0.00us/call
doStartBidding                      221          0   0.00%     0.00us/call
doSubmitted                         221     120303   1.20%   544.36us/call
logBidEvents                         10        118   0.00%    11.80us/call
sendPings                            10        195   0.00%    19.50us/call
sleep                               216       4607   0.05%    21.33us/call
sleepPoll                           216    9919217  98.73% 45922.30us/call
spinPoll                            221       2094   0.02%     9.48us/call
total of 9.99982e+06 microseconds and 212 sleeps
HEARTBEAT                            10         93   0.00%     9.30us/call
PONG0                                 9        135   0.00%    15.00us/call
PONG1                                 9         62   0.00%     6.89us/call
checkExpiredAuctions                212         83   0.00%     0.39us/call
checks                              218        156   0.00%     0.72us/call
configureAgentOnExchange            218          0   0.00%     0.00us/call
doBid                               218          6   0.00%     0.03us/call
doConfig                            218          0   0.00%     0.00us/call
doStartBidding                      218          0   0.00%     0.00us/call
doSubmitted                         218     129870   1.30%   595.73us/call
logBidEvents                          9        101   0.00%    11.22us/call
sendPings                             9        178   0.00%    19.78us/call
sleep                               212       4034   0.04%    19.03us/call
sleepPoll                           212    9863014  98.63% 46523.65us/call
spinPoll                            218       2083   0.02%     9.56us/call
total of 1.00012e+07 microseconds and 214 sleeps
HEARTBEAT                            10        101   0.00%    10.10us/call
PONG0                                10        155   0.00%    15.50us/call
PONG1                                10         76   0.00%     7.60us/call
checkExpiredAuctions                214        102   0.00%     0.48us/call
checks                              220        224   0.00%     1.02us/call
configureAgentOnExchange            220          0   0.00%     0.00us/call
doBid                               220         18   0.00%     0.08us/call
doConfig                            220          0   0.00%     0.00us/call
doStartBidding                      220          0   0.00%     0.00us/call
doSubmitted                         220     150589   1.51%   684.50us/call
logBidEvents                         10        130   0.00%    13.00us/call
sendPings                            10        202   0.00%    20.20us/call
sleep                               214       4545   0.05%    21.24us/call
sleepPoll                           214    9842714  98.42% 45993.99us/call
spinPoll                            220       2368   0.02%    10.76us/call
total of 1.00472e+07 microseconds and 216 sleeps
HEARTBEAT                            10        108   0.00%    10.80us/call
PONG0                                10        153   0.00%    15.30us/call
PONG1                                10         89   0.00%     8.90us/call
checkExpiredAuctions                216        184   0.00%     0.85us/call
checks                              221        191   0.00%     0.86us/call
configureAgentOnExchange            221          2   0.00%     0.01us/call
doBid                               221         38   0.00%     0.17us/call
doConfig                            221          0   0.00%     0.00us/call
doStartBidding                      221          0   0.00%     0.00us/call
doSubmitted                         221     191349   1.90%   865.83us/call
logBidEvents                         10        127   0.00%    12.70us/call
sendPings                            10        206   0.00%    20.60us/call
sleep                               216       4573   0.05%    21.17us/call
sleepPoll                           216    9847657  98.01% 45591.00us/call
spinPoll                            221       2513   0.03%    11.37us/call
total of 9.99782e+06 microseconds and 212 sleeps
HEARTBEAT                            10         92   0.00%     9.20us/call
PONG0                                10        138   0.00%    13.80us/call
PONG1                                10         61   0.00%     6.10us/call
checkExpiredAuctions                212         86   0.00%     0.41us/call
checks                              220        168   0.00%     0.76us/call
configureAgentOnExchange            220          0   0.00%     0.00us/call
doBid                               220         16   0.00%     0.07us/call
doConfig                            220          0   0.00%     0.00us/call
doStartBidding                      220          0   0.00%     0.00us/call
doSubmitted                         220     135397   1.35%   615.44us/call
logBidEvents                         10        105   0.00%    10.50us/call
sendPings                            10        187   0.00%    18.70us/call
sleep                               212       4124   0.04%    19.45us/call
sleepPoll                           212    9855318  98.57% 46487.35us/call
spinPoll                            220       2132   0.02%     9.69us/call
total of 9.99995e+06 microseconds and 210 sleeps
HEARTBEAT                            10         93   0.00%     9.30us/call
PONG0                                 9        128   0.00%    14.22us/call
PONG1                                 9         52   0.00%     5.78us/call
checkExpiredAuctions                210         70   0.00%     0.33us/call
checks                              218        151   0.00%     0.69us/call
configureAgentOnExchange            218          0   0.00%     0.00us/call
doBid                               218         11   0.00%     0.05us/call
doConfig                            218          0   0.00%     0.00us/call
doStartBidding                      218          0   0.00%     0.00us/call
doSubmitted                         218     122786   1.23%   563.24us/call
logBidEvents                          9         96   0.00%    10.67us/call
sendPings                             9        161   0.00%    17.89us/call
sleep                               210       3749   0.04%    17.85us/call
sleepPoll                           210    9870610  98.71% 47002.90us/call
spinPoll                            218       2044   0.02%     9.38us/call
total of 1.00415e+07 microseconds and 213 sleeps
HEARTBEAT                            10         82   0.00%     8.20us/call
PONG0                                10        137   0.00%    13.70us/call
PONG1                                10         65   0.00%     6.50us/call
checkExpiredAuctions                213         13   0.00%     0.06us/call
checks                              221        224   0.00%     1.01us/call
configureAgentOnExchange            221          0   0.00%     0.00us/call
doBid                               221          1   0.00%     0.00us/call
doConfig                            221          0   0.00%     0.00us/call
doStartBidding                      221          0   0.00%     0.00us/call
doSubmitted                         221      95350   0.95%   431.45us/call
logBidEvents                         10         99   0.00%     9.90us/call
sendPings                            10        169   0.00%    16.90us/call
sleep                               213       4461   0.04%    20.94us/call
sleepPoll                           213    9938829  98.98% 46661.17us/call
spinPoll                            221       2115   0.02%     9.57us/call
error: Broken pipe
